{"C:\\Users\\ricky\\Documents\\Capstone_VillageTech\\client\\src\\App.js": {"path":"C:\\Users\\ricky\\Documents\\Capstone_VillageTech\\client\\src\\App.js","statementMap":{"0":{"start":{"line":28,"column":22},"end":{"line":28,"column":78}},"1":{"start":{"line":31,"column":2},"end":{"line":66,"column":4}}},"fnMap":{"0":{"name":"App","decl":{"start":{"line":30,"column":9},"end":{"line":30,"column":12}},"loc":{"start":{"line":30,"column":15},"end":{"line":67,"column":1}},"line":30}},"branchMap":{},"s":{"0":1,"1":3},"f":{"0":3},"b":{},"_coverageSchema":"1a1c01bbd47fc00a2c39e90264f33305004495a9","hash":"aa1c95271323c10ce7070c9462fe7a26685bbec1"}
,"C:\\Users\\ricky\\Documents\\Capstone_VillageTech\\client\\src\\Layout.js": {"path":"C:\\Users\\ricky\\Documents\\Capstone_VillageTech\\client\\src\\Layout.js","statementMap":{"0":{"start":{"line":25,"column":15},"end":{"line":285,"column":1}},"1":{"start":{"line":26,"column":28},"end":{"line":26,"column":45}},"2":{"start":{"line":27,"column":40},"end":{"line":27,"column":60}},"3":{"start":{"line":28,"column":50},"end":{"line":28,"column":62}},"4":{"start":{"line":29,"column":54},"end":{"line":29,"column":65}},"5":{"start":{"line":30,"column":50},"end":{"line":30,"column":64}},"6":{"start":{"line":31,"column":19},"end":{"line":31,"column":32}},"7":{"start":{"line":32,"column":19},"end":{"line":32,"column":32}},"8":{"start":{"line":33,"column":19},"end":{"line":33,"column":38}},"9":{"start":{"line":34,"column":18},"end":{"line":34,"column":30}},"10":{"start":{"line":36,"column":2},"end":{"line":40,"column":16}},"11":{"start":{"line":37,"column":4},"end":{"line":39,"column":5}},"12":{"start":{"line":38,"column":6},"end":{"line":38,"column":30}},"13":{"start":{"line":42,"column":32},"end":{"line":55,"column":3}},"14":{"start":{"line":43,"column":4},"end":{"line":54,"column":5}},"15":{"start":{"line":44,"column":30},"end":{"line":48,"column":17}},"16":{"start":{"line":50,"column":6},"end":{"line":50,"column":29}},"17":{"start":{"line":50,"column":17},"end":{"line":50,"column":29}},"18":{"start":{"line":51,"column":6},"end":{"line":51,"column":32}},"19":{"start":{"line":53,"column":6},"end":{"line":53,"column":65}},"20":{"start":{"line":57,"column":2},"end":{"line":78,"column":44}},"21":{"start":{"line":58,"column":4},"end":{"line":58,"column":34}},"22":{"start":{"line":58,"column":27},"end":{"line":58,"column":34}},"23":{"start":{"line":60,"column":20},"end":{"line":64,"column":6}},"24":{"start":{"line":66,"column":4},"end":{"line":73,"column":19}},"25":{"start":{"line":69,"column":8},"end":{"line":71,"column":9}},"26":{"start":{"line":70,"column":10},"end":{"line":70,"column":50}},"27":{"start":{"line":70,"column":40},"end":{"line":70,"column":48}},"28":{"start":{"line":75,"column":4},"end":{"line":77,"column":6}},"29":{"start":{"line":76,"column":6},"end":{"line":76,"column":38}},"30":{"start":{"line":80,"column":2},"end":{"line":84,"column":26}},"31":{"start":{"line":81,"column":4},"end":{"line":83,"column":5}},"32":{"start":{"line":82,"column":6},"end":{"line":82,"column":31}},"33":{"start":{"line":86,"column":2},"end":{"line":89,"column":9}},"34":{"start":{"line":87,"column":18},"end":{"line":87,"column":69}},"35":{"start":{"line":87,"column":36},"end":{"line":87,"column":62}},"36":{"start":{"line":88,"column":4},"end":{"line":88,"column":38}},"37":{"start":{"line":88,"column":17},"end":{"line":88,"column":37}},"38":{"start":{"line":91,"column":21},"end":{"line":99,"column":3}},"39":{"start":{"line":92,"column":17},"end":{"line":92,"column":37}},"40":{"start":{"line":93,"column":4},"end":{"line":98,"column":7}},"41":{"start":{"line":100,"column":32},"end":{"line":105,"column":3}},"42":{"start":{"line":106,"column":28},"end":{"line":116,"column":3}},"43":{"start":{"line":118,"column":27},"end":{"line":123,"column":3}},"44":{"start":{"line":125,"column":22},"end":{"line":127,"column":3}},"45":{"start":{"line":126,"column":4},"end":{"line":126,"column":51}},"46":{"start":{"line":129,"column":29},"end":{"line":131,"column":3}},"47":{"start":{"line":130,"column":4},"end":{"line":130,"column":40}},"48":{"start":{"line":133,"column":28},"end":{"line":167,"column":3}},"49":{"start":{"line":134,"column":4},"end":{"line":166,"column":5}},"50":{"start":{"line":135,"column":6},"end":{"line":135,"column":63}},"51":{"start":{"line":136,"column":11},"end":{"line":166,"column":5}},"52":{"start":{"line":137,"column":6},"end":{"line":137,"column":25}},"53":{"start":{"line":138,"column":11},"end":{"line":166,"column":5}},"54":{"start":{"line":139,"column":6},"end":{"line":139,"column":63}},"55":{"start":{"line":140,"column":11},"end":{"line":166,"column":5}},"56":{"start":{"line":141,"column":6},"end":{"line":141,"column":31}},"57":{"start":{"line":142,"column":11},"end":{"line":166,"column":5}},"58":{"start":{"line":143,"column":6},"end":{"line":143,"column":62}},"59":{"start":{"line":144,"column":11},"end":{"line":166,"column":5}},"60":{"start":{"line":145,"column":6},"end":{"line":145,"column":64}},"61":{"start":{"line":146,"column":11},"end":{"line":166,"column":5}},"62":{"start":{"line":147,"column":6},"end":{"line":147,"column":65}},"63":{"start":{"line":148,"column":11},"end":{"line":166,"column":5}},"64":{"start":{"line":149,"column":6},"end":{"line":149,"column":63}},"65":{"start":{"line":150,"column":11},"end":{"line":166,"column":5}},"66":{"start":{"line":151,"column":6},"end":{"line":151,"column":30}},"67":{"start":{"line":152,"column":11},"end":{"line":166,"column":5}},"68":{"start":{"line":153,"column":6},"end":{"line":153,"column":21}},"69":{"start":{"line":154,"column":11},"end":{"line":166,"column":5}},"70":{"start":{"line":155,"column":6},"end":{"line":155,"column":27}},"71":{"start":{"line":156,"column":11},"end":{"line":166,"column":5}},"72":{"start":{"line":157,"column":6},"end":{"line":157,"column":64}},"73":{"start":{"line":158,"column":11},"end":{"line":166,"column":5}},"74":{"start":{"line":159,"column":6},"end":{"line":159,"column":26}},"75":{"start":{"line":160,"column":11},"end":{"line":166,"column":5}},"76":{"start":{"line":161,"column":6},"end":{"line":161,"column":70}},"77":{"start":{"line":162,"column":11},"end":{"line":166,"column":5}},"78":{"start":{"line":163,"column":6},"end":{"line":163,"column":67}},"79":{"start":{"line":164,"column":11},"end":{"line":166,"column":5}},"80":{"start":{"line":165,"column":6},"end":{"line":165,"column":26}},"81":{"start":{"line":169,"column":28},"end":{"line":198,"column":3}},"82":{"start":{"line":170,"column":21},"end":{"line":187,"column":5}},"83":{"start":{"line":171,"column":6},"end":{"line":182,"column":7}},"84":{"start":{"line":172,"column":8},"end":{"line":181,"column":38}},"85":{"start":{"line":183,"column":6},"end":{"line":185,"column":7}},"86":{"start":{"line":184,"column":8},"end":{"line":184,"column":58}},"87":{"start":{"line":186,"column":6},"end":{"line":186,"column":38}},"88":{"start":{"line":190,"column":4},"end":{"line":197,"column":6}},"89":{"start":{"line":199,"column":2},"end":{"line":284,"column":4}}},"fnMap":{"0":{"name":"(anonymous_0)","decl":{"start":{"line":25,"column":15},"end":{"line":25,"column":16}},"loc":{"start":{"line":25,"column":21},"end":{"line":285,"column":1}},"line":25},"1":{"name":"(anonymous_1)","decl":{"start":{"line":36,"column":12},"end":{"line":36,"column":13}},"loc":{"start":{"line":36,"column":18},"end":{"line":40,"column":3}},"line":36},"2":{"name":"(anonymous_2)","decl":{"start":{"line":42,"column":32},"end":{"line":42,"column":33}},"loc":{"start":{"line":42,"column":44},"end":{"line":55,"column":3}},"line":42},"3":{"name":"(anonymous_3)","decl":{"start":{"line":57,"column":12},"end":{"line":57,"column":13}},"loc":{"start":{"line":57,"column":18},"end":{"line":78,"column":3}},"line":57},"4":{"name":"(anonymous_4)","decl":{"start":{"line":67,"column":49},"end":{"line":67,"column":50}},"loc":{"start":{"line":67,"column":66},"end":{"line":72,"column":7}},"line":67},"5":{"name":"(anonymous_5)","decl":{"start":{"line":70,"column":32},"end":{"line":70,"column":33}},"loc":{"start":{"line":70,"column":40},"end":{"line":70,"column":48}},"line":70},"6":{"name":"(anonymous_6)","decl":{"start":{"line":75,"column":11},"end":{"line":75,"column":12}},"loc":{"start":{"line":75,"column":17},"end":{"line":77,"column":5}},"line":75},"7":{"name":"(anonymous_7)","decl":{"start":{"line":80,"column":12},"end":{"line":80,"column":13}},"loc":{"start":{"line":80,"column":18},"end":{"line":84,"column":3}},"line":80},"8":{"name":"(anonymous_8)","decl":{"start":{"line":86,"column":12},"end":{"line":86,"column":13}},"loc":{"start":{"line":86,"column":18},"end":{"line":89,"column":3}},"line":86},"9":{"name":"(anonymous_9)","decl":{"start":{"line":87,"column":30},"end":{"line":87,"column":31}},"loc":{"start":{"line":87,"column":36},"end":{"line":87,"column":62}},"line":87},"10":{"name":"(anonymous_10)","decl":{"start":{"line":88,"column":11},"end":{"line":88,"column":12}},"loc":{"start":{"line":88,"column":17},"end":{"line":88,"column":37}},"line":88},"11":{"name":"(anonymous_11)","decl":{"start":{"line":91,"column":21},"end":{"line":91,"column":22}},"loc":{"start":{"line":91,"column":37},"end":{"line":99,"column":3}},"line":91},"12":{"name":"(anonymous_12)","decl":{"start":{"line":125,"column":22},"end":{"line":125,"column":23}},"loc":{"start":{"line":125,"column":28},"end":{"line":127,"column":3}},"line":125},"13":{"name":"(anonymous_13)","decl":{"start":{"line":129,"column":29},"end":{"line":129,"column":30}},"loc":{"start":{"line":129,"column":36},"end":{"line":131,"column":3}},"line":129},"14":{"name":"(anonymous_14)","decl":{"start":{"line":133,"column":28},"end":{"line":133,"column":29}},"loc":{"start":{"line":133,"column":34},"end":{"line":167,"column":3}},"line":133},"15":{"name":"(anonymous_15)","decl":{"start":{"line":169,"column":28},"end":{"line":169,"column":29}},"loc":{"start":{"line":169,"column":48},"end":{"line":198,"column":3}},"line":169},"16":{"name":"(anonymous_16)","decl":{"start":{"line":170,"column":21},"end":{"line":170,"column":22}},"loc":{"start":{"line":170,"column":27},"end":{"line":187,"column":5}},"line":170}},"branchMap":{"0":{"loc":{"start":{"line":37,"column":4},"end":{"line":39,"column":5}},"type":"if","locations":[{"start":{"line":37,"column":4},"end":{"line":39,"column":5}},{"start":{},"end":{}}],"line":37},"1":{"loc":{"start":{"line":50,"column":6},"end":{"line":50,"column":29}},"type":"if","locations":[{"start":{"line":50,"column":6},"end":{"line":50,"column":29}},{"start":{},"end":{}}],"line":50},"2":{"loc":{"start":{"line":58,"column":4},"end":{"line":58,"column":34}},"type":"if","locations":[{"start":{"line":58,"column":4},"end":{"line":58,"column":34}},{"start":{},"end":{}}],"line":58},"3":{"loc":{"start":{"line":69,"column":8},"end":{"line":71,"column":9}},"type":"if","locations":[{"start":{"line":69,"column":8},"end":{"line":71,"column":9}},{"start":{},"end":{}}],"line":69},"4":{"loc":{"start":{"line":69,"column":12},"end":{"line":69,"column":98}},"type":"binary-expr","locations":[{"start":{"line":69,"column":12},"end":{"line":69,"column":61}},{"start":{"line":69,"column":65},"end":{"line":69,"column":98}}],"line":69},"5":{"loc":{"start":{"line":81,"column":4},"end":{"line":83,"column":5}},"type":"if","locations":[{"start":{"line":81,"column":4},"end":{"line":83,"column":5}},{"start":{},"end":{}}],"line":81},"6":{"loc":{"start":{"line":104,"column":21},"end":{"line":104,"column":65}},"type":"cond-expr","locations":[{"start":{"line":104,"column":40},"end":{"line":104,"column":49}},{"start":{"line":104,"column":52},"end":{"line":104,"column":65}}],"line":104},"7":{"loc":{"start":{"line":112,"column":21},"end":{"line":112,"column":65}},"type":"cond-expr","locations":[{"start":{"line":112,"column":40},"end":{"line":112,"column":49}},{"start":{"line":112,"column":52},"end":{"line":112,"column":65}}],"line":112},"8":{"loc":{"start":{"line":113,"column":11},"end":{"line":113,"column":49}},"type":"cond-expr","locations":[{"start":{"line":113,"column":30},"end":{"line":113,"column":37}},{"start":{"line":113,"column":40},"end":{"line":113,"column":49}}],"line":113},"9":{"loc":{"start":{"line":119,"column":11},"end":{"line":119,"column":49}},"type":"cond-expr","locations":[{"start":{"line":119,"column":30},"end":{"line":119,"column":37}},{"start":{"line":119,"column":40},"end":{"line":119,"column":49}}],"line":119},"10":{"loc":{"start":{"line":126,"column":13},"end":{"line":126,"column":49}},"type":"cond-expr","locations":[{"start":{"line":126,"column":33},"end":{"line":126,"column":39}},{"start":{"line":126,"column":42},"end":{"line":126,"column":49}}],"line":126},"11":{"loc":{"start":{"line":134,"column":4},"end":{"line":166,"column":5}},"type":"if","locations":[{"start":{"line":134,"column":4},"end":{"line":166,"column":5}},{"start":{"line":136,"column":11},"end":{"line":166,"column":5}}],"line":134},"12":{"loc":{"start":{"line":136,"column":11},"end":{"line":166,"column":5}},"type":"if","locations":[{"start":{"line":136,"column":11},"end":{"line":166,"column":5}},{"start":{"line":138,"column":11},"end":{"line":166,"column":5}}],"line":136},"13":{"loc":{"start":{"line":138,"column":11},"end":{"line":166,"column":5}},"type":"if","locations":[{"start":{"line":138,"column":11},"end":{"line":166,"column":5}},{"start":{"line":140,"column":11},"end":{"line":166,"column":5}}],"line":138},"14":{"loc":{"start":{"line":140,"column":11},"end":{"line":166,"column":5}},"type":"if","locations":[{"start":{"line":140,"column":11},"end":{"line":166,"column":5}},{"start":{"line":142,"column":11},"end":{"line":166,"column":5}}],"line":140},"15":{"loc":{"start":{"line":142,"column":11},"end":{"line":166,"column":5}},"type":"if","locations":[{"start":{"line":142,"column":11},"end":{"line":166,"column":5}},{"start":{"line":144,"column":11},"end":{"line":166,"column":5}}],"line":142},"16":{"loc":{"start":{"line":144,"column":11},"end":{"line":166,"column":5}},"type":"if","locations":[{"start":{"line":144,"column":11},"end":{"line":166,"column":5}},{"start":{"line":146,"column":11},"end":{"line":166,"column":5}}],"line":144},"17":{"loc":{"start":{"line":146,"column":11},"end":{"line":166,"column":5}},"type":"if","locations":[{"start":{"line":146,"column":11},"end":{"line":166,"column":5}},{"start":{"line":148,"column":11},"end":{"line":166,"column":5}}],"line":146},"18":{"loc":{"start":{"line":148,"column":11},"end":{"line":166,"column":5}},"type":"if","locations":[{"start":{"line":148,"column":11},"end":{"line":166,"column":5}},{"start":{"line":150,"column":11},"end":{"line":166,"column":5}}],"line":148},"19":{"loc":{"start":{"line":150,"column":11},"end":{"line":166,"column":5}},"type":"if","locations":[{"start":{"line":150,"column":11},"end":{"line":166,"column":5}},{"start":{"line":152,"column":11},"end":{"line":166,"column":5}}],"line":150},"20":{"loc":{"start":{"line":152,"column":11},"end":{"line":166,"column":5}},"type":"if","locations":[{"start":{"line":152,"column":11},"end":{"line":166,"column":5}},{"start":{"line":154,"column":11},"end":{"line":166,"column":5}}],"line":152},"21":{"loc":{"start":{"line":154,"column":11},"end":{"line":166,"column":5}},"type":"if","locations":[{"start":{"line":154,"column":11},"end":{"line":166,"column":5}},{"start":{"line":156,"column":11},"end":{"line":166,"column":5}}],"line":154},"22":{"loc":{"start":{"line":156,"column":11},"end":{"line":166,"column":5}},"type":"if","locations":[{"start":{"line":156,"column":11},"end":{"line":166,"column":5}},{"start":{"line":158,"column":11},"end":{"line":166,"column":5}}],"line":156},"23":{"loc":{"start":{"line":158,"column":11},"end":{"line":166,"column":5}},"type":"if","locations":[{"start":{"line":158,"column":11},"end":{"line":166,"column":5}},{"start":{"line":160,"column":11},"end":{"line":166,"column":5}}],"line":158},"24":{"loc":{"start":{"line":160,"column":11},"end":{"line":166,"column":5}},"type":"if","locations":[{"start":{"line":160,"column":11},"end":{"line":166,"column":5}},{"start":{"line":162,"column":11},"end":{"line":166,"column":5}}],"line":160},"25":{"loc":{"start":{"line":162,"column":11},"end":{"line":166,"column":5}},"type":"if","locations":[{"start":{"line":162,"column":11},"end":{"line":166,"column":5}},{"start":{"line":164,"column":11},"end":{"line":166,"column":5}}],"line":162},"26":{"loc":{"start":{"line":164,"column":11},"end":{"line":166,"column":5}},"type":"if","locations":[{"start":{"line":164,"column":11},"end":{"line":166,"column":5}},{"start":{},"end":{}}],"line":164},"27":{"loc":{"start":{"line":171,"column":6},"end":{"line":182,"column":7}},"type":"if","locations":[{"start":{"line":171,"column":6},"end":{"line":182,"column":7}},{"start":{},"end":{}}],"line":171},"28":{"loc":{"start":{"line":183,"column":6},"end":{"line":185,"column":7}},"type":"if","locations":[{"start":{"line":183,"column":6},"end":{"line":185,"column":7}},{"start":{},"end":{}}],"line":183},"29":{"loc":{"start":{"line":191,"column":21},"end":{"line":191,"column":47}},"type":"cond-expr","locations":[{"start":{"line":191,"column":34},"end":{"line":191,"column":42}},{"start":{"line":191,"column":45},"end":{"line":191,"column":47}}],"line":191},"30":{"loc":{"start":{"line":221,"column":18},"end":{"line":221,"column":67}},"type":"cond-expr","locations":[{"start":{"line":221,"column":54},"end":{"line":221,"column":62}},{"start":{"line":221,"column":65},"end":{"line":221,"column":67}}],"line":221},"31":{"loc":{"start":{"line":227,"column":19},"end":{"line":231,"column":19}},"type":"binary-expr","locations":[{"start":{"line":227,"column":19},"end":{"line":227,"column":41}},{"start":{"line":228,"column":20},"end":{"line":230,"column":27}}],"line":227},"32":{"loc":{"start":{"line":229,"column":23},"end":{"line":229,"column":75}},"type":"cond-expr","locations":[{"start":{"line":229,"column":49},"end":{"line":229,"column":54}},{"start":{"line":229,"column":57},"end":{"line":229,"column":75}}],"line":229},"33":{"loc":{"start":{"line":235,"column":15},"end":{"line":257,"column":15}},"type":"cond-expr","locations":[{"start":{"line":236,"column":16},"end":{"line":245,"column":23}},{"start":{"line":247,"column":16},"end":{"line":256,"column":23}}],"line":235},"34":{"loc":{"start":{"line":239,"column":20},"end":{"line":239,"column":66}},"type":"cond-expr","locations":[{"start":{"line":239,"column":53},"end":{"line":239,"column":61}},{"start":{"line":239,"column":64},"end":{"line":239,"column":66}}],"line":239},"35":{"loc":{"start":{"line":250,"column":20},"end":{"line":250,"column":68}},"type":"cond-expr","locations":[{"start":{"line":250,"column":55},"end":{"line":250,"column":63}},{"start":{"line":250,"column":66},"end":{"line":250,"column":68}}],"line":250}},"s":{"0":1,"1":26,"2":26,"3":26,"4":26,"5":26,"6":26,"7":26,"8":26,"9":26,"10":26,"11":26,"12":26,"13":26,"14":26,"15":26,"16":0,"17":0,"18":0,"19":26,"20":26,"21":25,"22":25,"23":0,"24":0,"25":0,"26":0,"27":0,"28":0,"29":0,"30":26,"31":25,"32":1,"33":26,"34":25,"35":0,"36":25,"37":25,"38":26,"39":0,"40":0,"41":26,"42":26,"43":26,"44":26,"45":0,"46":26,"47":1,"48":26,"49":26,"50":1,"51":25,"52":1,"53":24,"54":1,"55":23,"56":1,"57":22,"58":1,"59":21,"60":1,"61":20,"62":2,"63":18,"64":1,"65":17,"66":1,"67":16,"68":1,"69":15,"70":1,"71":14,"72":1,"73":13,"74":1,"75":12,"76":0,"77":12,"78":2,"79":10,"80":1,"81":26,"82":130,"83":130,"84":26,"85":104,"86":26,"87":78,"88":130,"89":26},"f":{"0":26,"1":26,"2":26,"3":25,"4":0,"5":0,"6":0,"7":25,"8":25,"9":0,"10":25,"11":0,"12":0,"13":1,"14":26,"15":130,"16":130},"b":{"0":[26,0],"1":[0,0],"2":[25,0],"3":[0,0],"4":[0,0],"5":[1,24],"6":[0,26],"7":[0,26],"8":[0,26],"9":[0,26],"10":[0,0],"11":[1,25],"12":[1,24],"13":[1,23],"14":[1,22],"15":[1,21],"16":[1,20],"17":[2,18],"18":[1,17],"19":[1,16],"20":[1,15],"21":[1,14],"22":[1,13],"23":[1,12],"24":[0,12],"25":[2,10],"26":[1,9],"27":[26,104],"28":[26,78],"29":[14,116],"30":[1,25],"31":[26,0],"32":[0,0],"33":[0,26],"34":[0,0],"35":[1,25]},"_coverageSchema":"1a1c01bbd47fc00a2c39e90264f33305004495a9","hash":"e22216788deb8d2699a9c9ef92314f2c5d827a29"}
,"C:\\Users\\ricky\\Documents\\Capstone_VillageTech\\client\\src\\index.js": {"path":"C:\\Users\\ricky\\Documents\\Capstone_VillageTech\\client\\src\\index.js","statementMap":{"0":{"start":{"line":7,"column":13},"end":{"line":7,"column":65}},"1":{"start":{"line":8,"column":0},"end":{"line":14,"column":2}}},"fnMap":{},"branchMap":{},"s":{"0":0,"1":0},"f":{},"b":{}}
,"C:\\Users\\ricky\\Documents\\Capstone_VillageTech\\client\\src\\mockSupabaseClient.js": {"path":"C:\\Users\\ricky\\Documents\\Capstone_VillageTech\\client\\src\\mockSupabaseClient.js","statementMap":{"0":{"start":{"line":1,"column":27},"end":{"line":17,"column":3}},"1":{"start":{"line":14,"column":24},"end":{"line":14,"column":28}}},"fnMap":{"0":{"name":"(anonymous_0)","decl":{"start":{"line":14,"column":18},"end":{"line":14,"column":19}},"loc":{"start":{"line":14,"column":24},"end":{"line":14,"column":28}},"line":14}},"branchMap":{},"s":{"0":0,"1":0},"f":{"0":0},"b":{}}
,"C:\\Users\\ricky\\Documents\\Capstone_VillageTech\\client\\src\\supabaseClient.js": {"path":"C:\\Users\\ricky\\Documents\\Capstone_VillageTech\\client\\src\\supabaseClient.js","statementMap":{"0":{"start":{"line":3,"column":20},"end":{"line":3,"column":44}},"1":{"start":{"line":4,"column":24},"end":{"line":4,"column":53}},"2":{"start":{"line":6,"column":17},"end":{"line":6,"column":59}}},"fnMap":{},"branchMap":{},"s":{"0":1,"1":1,"2":1},"f":{},"b":{},"_coverageSchema":"1a1c01bbd47fc00a2c39e90264f33305004495a9","hash":"94e9206b7660e32a2e931b2d9866790e82879f46"}
,"C:\\Users\\ricky\\Documents\\Capstone_VillageTech\\client\\src\\components\\PatientTabs.js": {"path":"C:\\Users\\ricky\\Documents\\Capstone_VillageTech\\client\\src\\components\\PatientTabs.js","statementMap":{"0":{"start":{"line":4,"column":20},"end":{"line":30,"column":1}},"1":{"start":{"line":5,"column":19},"end":{"line":5,"column":32}},"2":{"start":{"line":7,"column":15},"end":{"line":15,"column":3}},"3":{"start":{"line":17,"column":2},"end":{"line":29,"column":4}},"4":{"start":{"line":20,"column":8},"end":{"line":26,"column":15}}},"fnMap":{"0":{"name":"(anonymous_0)","decl":{"start":{"line":4,"column":20},"end":{"line":4,"column":21}},"loc":{"start":{"line":4,"column":26},"end":{"line":30,"column":1}},"line":4},"1":{"name":"(anonymous_1)","decl":{"start":{"line":19,"column":16},"end":{"line":19,"column":17}},"loc":{"start":{"line":20,"column":8},"end":{"line":26,"column":15}},"line":20}},"branchMap":{"0":{"loc":{"start":{"line":23,"column":35},"end":{"line":23,"column":81}},"type":"cond-expr","locations":[{"start":{"line":23,"column":68},"end":{"line":23,"column":76}},{"start":{"line":23,"column":79},"end":{"line":23,"column":81}}],"line":23}},"s":{"0":1,"1":5,"2":5,"3":5,"4":35},"f":{"0":5,"1":35},"b":{"0":[5,30]},"_coverageSchema":"1a1c01bbd47fc00a2c39e90264f33305004495a9","hash":"f07411ec55508d928b3a92fd8d979862df73e98b"}
,"C:\\Users\\ricky\\Documents\\Capstone_VillageTech\\client\\src\\components\\PrivateRoute.js": {"path":"C:\\Users\\ricky\\Documents\\Capstone_VillageTech\\client\\src\\components\\PrivateRoute.js","statementMap":{"0":{"start":{"line":5,"column":21},"end":{"line":17,"column":1}},"1":{"start":{"line":6,"column":18},"end":{"line":6,"column":30}},"2":{"start":{"line":8,"column":2},"end":{"line":10,"column":3}},"3":{"start":{"line":9,"column":4},"end":{"line":9,"column":33}},"4":{"start":{"line":12,"column":2},"end":{"line":14,"column":3}},"5":{"start":{"line":13,"column":4},"end":{"line":13,"column":39}},"6":{"start":{"line":16,"column":2},"end":{"line":16,"column":20}}},"fnMap":{"0":{"name":"(anonymous_0)","decl":{"start":{"line":5,"column":21},"end":{"line":5,"column":22}},"loc":{"start":{"line":5,"column":27},"end":{"line":17,"column":1}},"line":5}},"branchMap":{"0":{"loc":{"start":{"line":8,"column":2},"end":{"line":10,"column":3}},"type":"if","locations":[{"start":{"line":8,"column":2},"end":{"line":10,"column":3}},{"start":{},"end":{}}],"line":8},"1":{"loc":{"start":{"line":12,"column":2},"end":{"line":14,"column":3}},"type":"if","locations":[{"start":{"line":12,"column":2},"end":{"line":14,"column":3}},{"start":{},"end":{}}],"line":12}},"s":{"0":1,"1":3,"2":3,"3":1,"4":2,"5":1,"6":1},"f":{"0":3},"b":{"0":[1,2],"1":[1,1]},"_coverageSchema":"1a1c01bbd47fc00a2c39e90264f33305004495a9","hash":"6b6b88168c10d0d07890a785c2b210f62df6d023"}
,"C:\\Users\\ricky\\Documents\\Capstone_VillageTech\\client\\src\\components\\ReportingTabs.js": {"path":"C:\\Users\\ricky\\Documents\\Capstone_VillageTech\\client\\src\\components\\ReportingTabs.js","statementMap":{"0":{"start":{"line":6,"column":22},"end":{"line":47,"column":1}},"1":{"start":{"line":7,"column":19},"end":{"line":7,"column":32}},"2":{"start":{"line":8,"column":42},"end":{"line":8,"column":57}},"3":{"start":{"line":10,"column":15},"end":{"line":13,"column":3}},"4":{"start":{"line":15,"column":19},"end":{"line":18,"column":3}},"5":{"start":{"line":16,"column":4},"end":{"line":17,"column":73}},"6":{"start":{"line":20,"column":27},"end":{"line":22,"column":3}},"7":{"start":{"line":21,"column":4},"end":{"line":21,"column":26}},"8":{"start":{"line":24,"column":28},"end":{"line":26,"column":3}},"9":{"start":{"line":25,"column":4},"end":{"line":25,"column":27}},"10":{"start":{"line":28,"column":2},"end":{"line":46,"column":4}},"11":{"start":{"line":32,"column":10},"end":{"line":38,"column":17}}},"fnMap":{"0":{"name":"(anonymous_0)","decl":{"start":{"line":6,"column":22},"end":{"line":6,"column":23}},"loc":{"start":{"line":6,"column":28},"end":{"line":47,"column":1}},"line":6},"1":{"name":"(anonymous_1)","decl":{"start":{"line":15,"column":19},"end":{"line":15,"column":20}},"loc":{"start":{"line":15,"column":29},"end":{"line":18,"column":3}},"line":15},"2":{"name":"(anonymous_2)","decl":{"start":{"line":20,"column":27},"end":{"line":20,"column":28}},"loc":{"start":{"line":20,"column":33},"end":{"line":22,"column":3}},"line":20},"3":{"name":"(anonymous_3)","decl":{"start":{"line":24,"column":28},"end":{"line":24,"column":29}},"loc":{"start":{"line":24,"column":34},"end":{"line":26,"column":3}},"line":24},"4":{"name":"(anonymous_4)","decl":{"start":{"line":31,"column":18},"end":{"line":31,"column":19}},"loc":{"start":{"line":32,"column":10},"end":{"line":38,"column":17}},"line":32}},"branchMap":{"0":{"loc":{"start":{"line":16,"column":11},"end":{"line":17,"column":72}},"type":"binary-expr","locations":[{"start":{"line":16,"column":11},"end":{"line":16,"column":37}},{"start":{"line":17,"column":12},"end":{"line":17,"column":46}},{"start":{"line":17,"column":50},"end":{"line":17,"column":71}}],"line":16},"1":{"loc":{"start":{"line":35,"column":37},"end":{"line":35,"column":71}},"type":"cond-expr","locations":[{"start":{"line":35,"column":58},"end":{"line":35,"column":66}},{"start":{"line":35,"column":69},"end":{"line":35,"column":71}}],"line":35}},"s":{"0":1,"1":1,"2":1,"3":1,"4":1,"5":2,"6":1,"7":0,"8":1,"9":0,"10":1,"11":2},"f":{"0":1,"1":2,"2":0,"3":0,"4":2},"b":{"0":[2,1,1],"1":[1,1]},"_coverageSchema":"1a1c01bbd47fc00a2c39e90264f33305004495a9","hash":"7fa79a263e3c98d3a427124ad7f1b4c3f7689681"}
,"C:\\Users\\ricky\\Documents\\Capstone_VillageTech\\client\\src\\components\\addAllergyModal\\AddAllergyModal.js": {"path":"C:\\Users\\ricky\\Documents\\Capstone_VillageTech\\client\\src\\components\\addAllergyModal\\AddAllergyModal.js","statementMap":{"0":{"start":{"line":4,"column":24},"end":{"line":61,"column":1}},"1":{"start":{"line":5,"column":26},"end":{"line":5,"column":38}},"2":{"start":{"line":6,"column":34},"end":{"line":6,"column":46}},"3":{"start":{"line":8,"column":27},"end":{"line":17,"column":3}},"4":{"start":{"line":9,"column":23},"end":{"line":12,"column":5}},"5":{"start":{"line":14,"column":4},"end":{"line":14,"column":29}},"6":{"start":{"line":15,"column":4},"end":{"line":15,"column":14}},"7":{"start":{"line":16,"column":4},"end":{"line":16,"column":16}},"8":{"start":{"line":19,"column":20},"end":{"line":22,"column":3}},"9":{"start":{"line":20,"column":4},"end":{"line":20,"column":16}},"10":{"start":{"line":21,"column":4},"end":{"line":21,"column":20}},"11":{"start":{"line":24,"column":2},"end":{"line":24,"column":27}},"12":{"start":{"line":24,"column":15},"end":{"line":24,"column":27}},"13":{"start":{"line":26,"column":2},"end":{"line":60,"column":4}},"14":{"start":{"line":36,"column":31},"end":{"line":36,"column":54}},"15":{"start":{"line":46,"column":31},"end":{"line":46,"column":58}}},"fnMap":{"0":{"name":"(anonymous_0)","decl":{"start":{"line":4,"column":24},"end":{"line":4,"column":25}},"loc":{"start":{"line":4,"column":63},"end":{"line":61,"column":1}},"line":4},"1":{"name":"(anonymous_1)","decl":{"start":{"line":8,"column":27},"end":{"line":8,"column":28}},"loc":{"start":{"line":8,"column":33},"end":{"line":17,"column":3}},"line":8},"2":{"name":"(anonymous_2)","decl":{"start":{"line":19,"column":20},"end":{"line":19,"column":21}},"loc":{"start":{"line":19,"column":26},"end":{"line":22,"column":3}},"line":19},"3":{"name":"(anonymous_3)","decl":{"start":{"line":36,"column":24},"end":{"line":36,"column":25}},"loc":{"start":{"line":36,"column":31},"end":{"line":36,"column":54}},"line":36},"4":{"name":"(anonymous_4)","decl":{"start":{"line":46,"column":24},"end":{"line":46,"column":25}},"loc":{"start":{"line":46,"column":31},"end":{"line":46,"column":58}},"line":46}},"branchMap":{"0":{"loc":{"start":{"line":24,"column":2},"end":{"line":24,"column":27}},"type":"if","locations":[{"start":{"line":24,"column":2},"end":{"line":24,"column":27}},{"start":{},"end":{}}],"line":24}},"s":{"0":1,"1":11,"2":11,"3":11,"4":2,"5":2,"6":2,"7":2,"8":11,"9":2,"10":2,"11":11,"12":1,"13":10,"14":2,"15":2},"f":{"0":11,"1":2,"2":2,"3":2,"4":2},"b":{"0":[1,10]},"_coverageSchema":"1a1c01bbd47fc00a2c39e90264f33305004495a9","hash":"03ce0bbbafb7f842a6a8dabd66e4e493bcea3902"}
,"C:\\Users\\ricky\\Documents\\Capstone_VillageTech\\client\\src\\components\\addEstimateModal\\AddEstimateModal.js": {"path":"C:\\Users\\ricky\\Documents\\Capstone_VillageTech\\client\\src\\components\\addEstimateModal\\AddEstimateModal.js","statementMap":{"0":{"start":{"line":5,"column":25},"end":{"line":181,"column":1}},"1":{"start":{"line":6,"column":38},"end":{"line":6,"column":65}},"2":{"start":{"line":7,"column":36},"end":{"line":14,"column":6}},"3":{"start":{"line":15,"column":30},"end":{"line":15,"column":42}},"4":{"start":{"line":17,"column":4},"end":{"line":23,"column":36}},"5":{"start":{"line":18,"column":8},"end":{"line":18,"column":40}},"6":{"start":{"line":19,"column":8},"end":{"line":22,"column":12}},"7":{"start":{"line":19,"column":35},"end":{"line":22,"column":9}},"8":{"start":{"line":25,"column":4},"end":{"line":46,"column":25}},"9":{"start":{"line":26,"column":8},"end":{"line":45,"column":9}},"10":{"start":{"line":27,"column":12},"end":{"line":34,"column":15}},"11":{"start":{"line":35,"column":12},"end":{"line":35,"column":52}},"12":{"start":{"line":37,"column":12},"end":{"line":44,"column":15}},"13":{"start":{"line":48,"column":25},"end":{"line":51,"column":5}},"14":{"start":{"line":49,"column":32},"end":{"line":49,"column":40}},"15":{"start":{"line":50,"column":8},"end":{"line":50,"column":68}},"16":{"start":{"line":50,"column":35},"end":{"line":50,"column":65}},"17":{"start":{"line":53,"column":25},"end":{"line":92,"column":5}},"18":{"start":{"line":54,"column":8},"end":{"line":54,"column":27}},"19":{"start":{"line":55,"column":8},"end":{"line":55,"column":21}},"20":{"start":{"line":57,"column":8},"end":{"line":60,"column":9}},"21":{"start":{"line":58,"column":12},"end":{"line":58,"column":62}},"22":{"start":{"line":59,"column":12},"end":{"line":59,"column":19}},"23":{"start":{"line":63,"column":28},"end":{"line":71,"column":9}},"24":{"start":{"line":74,"column":8},"end":{"line":76,"column":9}},"25":{"start":{"line":75,"column":12},"end":{"line":75,"column":57}},"26":{"start":{"line":79,"column":8},"end":{"line":79,"column":41}},"27":{"start":{"line":82,"column":8},"end":{"line":89,"column":11}},"28":{"start":{"line":90,"column":8},"end":{"line":90,"column":40}},"29":{"start":{"line":91,"column":8},"end":{"line":91,"column":18}},"30":{"start":{"line":95,"column":4},"end":{"line":95,"column":29}},"31":{"start":{"line":95,"column":17},"end":{"line":95,"column":29}},"32":{"start":{"line":97,"column":4},"end":{"line":180,"column":6}}},"fnMap":{"0":{"name":"(anonymous_0)","decl":{"start":{"line":5,"column":25},"end":{"line":5,"column":26}},"loc":{"start":{"line":5,"column":100},"end":{"line":181,"column":1}},"line":5},"1":{"name":"(anonymous_1)","decl":{"start":{"line":17,"column":14},"end":{"line":17,"column":15}},"loc":{"start":{"line":17,"column":20},"end":{"line":23,"column":5}},"line":17},"2":{"name":"(anonymous_2)","decl":{"start":{"line":19,"column":20},"end":{"line":19,"column":21}},"loc":{"start":{"line":19,"column":35},"end":{"line":22,"column":9}},"line":19},"3":{"name":"(anonymous_3)","decl":{"start":{"line":25,"column":14},"end":{"line":25,"column":15}},"loc":{"start":{"line":25,"column":20},"end":{"line":46,"column":5}},"line":25},"4":{"name":"(anonymous_4)","decl":{"start":{"line":48,"column":25},"end":{"line":48,"column":26}},"loc":{"start":{"line":48,"column":32},"end":{"line":51,"column":5}},"line":48},"5":{"name":"(anonymous_5)","decl":{"start":{"line":50,"column":20},"end":{"line":50,"column":21}},"loc":{"start":{"line":50,"column":35},"end":{"line":50,"column":65}},"line":50},"6":{"name":"(anonymous_6)","decl":{"start":{"line":53,"column":25},"end":{"line":53,"column":26}},"loc":{"start":{"line":53,"column":38},"end":{"line":92,"column":5}},"line":53}},"branchMap":{"0":{"loc":{"start":{"line":26,"column":8},"end":{"line":45,"column":9}},"type":"if","locations":[{"start":{"line":26,"column":8},"end":{"line":45,"column":9}},{"start":{"line":36,"column":15},"end":{"line":45,"column":9}}],"line":26},"1":{"loc":{"start":{"line":57,"column":8},"end":{"line":60,"column":9}},"type":"if","locations":[{"start":{"line":57,"column":8},"end":{"line":60,"column":9}},{"start":{},"end":{}}],"line":57},"2":{"loc":{"start":{"line":57,"column":12},"end":{"line":57,"column":76}},"type":"binary-expr","locations":[{"start":{"line":57,"column":12},"end":{"line":57,"column":35}},{"start":{"line":57,"column":39},"end":{"line":57,"column":76}}],"line":57},"3":{"loc":{"start":{"line":67,"column":26},"end":{"line":67,"column":60}},"type":"binary-expr","locations":[{"start":{"line":67,"column":26},"end":{"line":67,"column":55}},{"start":{"line":67,"column":59},"end":{"line":67,"column":60}}],"line":67},"4":{"loc":{"start":{"line":74,"column":8},"end":{"line":76,"column":9}},"type":"if","locations":[{"start":{"line":74,"column":8},"end":{"line":76,"column":9}},{"start":{},"end":{}}],"line":74},"5":{"loc":{"start":{"line":95,"column":4},"end":{"line":95,"column":29}},"type":"if","locations":[{"start":{"line":95,"column":4},"end":{"line":95,"column":29}},{"start":{},"end":{}}],"line":95},"6":{"loc":{"start":{"line":100,"column":21},"end":{"line":100,"column":70}},"type":"cond-expr","locations":[{"start":{"line":100,"column":38},"end":{"line":100,"column":53}},{"start":{"line":100,"column":56},"end":{"line":100,"column":70}}],"line":100},"7":{"loc":{"start":{"line":101,"column":17},"end":{"line":101,"column":70}},"type":"binary-expr","locations":[{"start":{"line":101,"column":17},"end":{"line":101,"column":22}},{"start":{"line":101,"column":26},"end":{"line":101,"column":70}}],"line":101},"8":{"loc":{"start":{"line":104,"column":21},"end":{"line":115,"column":21}},"type":"binary-expr","locations":[{"start":{"line":104,"column":21},"end":{"line":104,"column":40}},{"start":{"line":105,"column":24},"end":{"line":114,"column":30}}],"line":104},"9":{"loc":{"start":{"line":170,"column":25},"end":{"line":170,"column":73}},"type":"cond-expr","locations":[{"start":{"line":170,"column":42},"end":{"line":170,"column":56}},{"start":{"line":170,"column":59},"end":{"line":170,"column":73}}],"line":170}},"s":{"0":0,"1":0,"2":0,"3":0,"4":0,"5":0,"6":0,"7":0,"8":0,"9":0,"10":0,"11":0,"12":0,"13":0,"14":0,"15":0,"16":0,"17":0,"18":0,"19":0,"20":0,"21":0,"22":0,"23":0,"24":0,"25":0,"26":0,"27":0,"28":0,"29":0,"30":0,"31":0,"32":0},"f":{"0":0,"1":0,"2":0,"3":0,"4":0,"5":0,"6":0},"b":{"0":[0,0],"1":[0,0],"2":[0,0],"3":[0,0],"4":[0,0],"5":[0,0],"6":[0,0],"7":[0,0],"8":[0,0],"9":[0,0]}}
,"C:\\Users\\ricky\\Documents\\Capstone_VillageTech\\client\\src\\components\\addMedicationModal\\AddMedicationModal.js": {"path":"C:\\Users\\ricky\\Documents\\Capstone_VillageTech\\client\\src\\components\\addMedicationModal\\AddMedicationModal.js","statementMap":{"0":{"start":{"line":4,"column":27},"end":{"line":159,"column":1}},"1":{"start":{"line":5,"column":28},"end":{"line":5,"column":40}},"2":{"start":{"line":6,"column":32},"end":{"line":6,"column":44}},"3":{"start":{"line":7,"column":38},"end":{"line":7,"column":50}},"4":{"start":{"line":8,"column":48},"end":{"line":8,"column":60}},"5":{"start":{"line":9,"column":34},"end":{"line":9,"column":46}},"6":{"start":{"line":10,"column":32},"end":{"line":10,"column":44}},"7":{"start":{"line":11,"column":32},"end":{"line":11,"column":44}},"8":{"start":{"line":12,"column":44},"end":{"line":12,"column":56}},"9":{"start":{"line":13,"column":34},"end":{"line":13,"column":46}},"10":{"start":{"line":14,"column":32},"end":{"line":14,"column":51}},"11":{"start":{"line":16,"column":32},"end":{"line":34,"column":5}},"12":{"start":{"line":17,"column":30},"end":{"line":28,"column":9}},"13":{"start":{"line":30,"column":8},"end":{"line":30,"column":39}},"14":{"start":{"line":31,"column":8},"end":{"line":31,"column":18}},"15":{"start":{"line":33,"column":8},"end":{"line":33,"column":20}},"16":{"start":{"line":36,"column":22},"end":{"line":47,"column":5}},"17":{"start":{"line":37,"column":8},"end":{"line":37,"column":20}},"18":{"start":{"line":38,"column":8},"end":{"line":38,"column":22}},"19":{"start":{"line":39,"column":8},"end":{"line":39,"column":25}},"20":{"start":{"line":40,"column":8},"end":{"line":40,"column":30}},"21":{"start":{"line":41,"column":8},"end":{"line":41,"column":23}},"22":{"start":{"line":42,"column":8},"end":{"line":42,"column":22}},"23":{"start":{"line":43,"column":8},"end":{"line":43,"column":22}},"24":{"start":{"line":44,"column":8},"end":{"line":44,"column":28}},"25":{"start":{"line":45,"column":8},"end":{"line":45,"column":23}},"26":{"start":{"line":46,"column":8},"end":{"line":46,"column":29}},"27":{"start":{"line":49,"column":4},"end":{"line":49,"column":29}},"28":{"start":{"line":49,"column":17},"end":{"line":49,"column":29}},"29":{"start":{"line":51,"column":4},"end":{"line":158,"column":6}},"30":{"start":{"line":61,"column":45},"end":{"line":61,"column":68}},"31":{"start":{"line":70,"column":45},"end":{"line":70,"column":70}},"32":{"start":{"line":79,"column":45},"end":{"line":79,"column":73}},"33":{"start":{"line":88,"column":45},"end":{"line":88,"column":78}},"34":{"start":{"line":97,"column":45},"end":{"line":97,"column":71}},"35":{"start":{"line":105,"column":45},"end":{"line":105,"column":70}},"36":{"start":{"line":114,"column":45},"end":{"line":114,"column":70}},"37":{"start":{"line":122,"column":45},"end":{"line":122,"column":76}},"38":{"start":{"line":131,"column":45},"end":{"line":131,"column":71}},"39":{"start":{"line":140,"column":45},"end":{"line":140,"column":70}}},"fnMap":{"0":{"name":"(anonymous_0)","decl":{"start":{"line":4,"column":27},"end":{"line":4,"column":28}},"loc":{"start":{"line":4,"column":69},"end":{"line":159,"column":1}},"line":4},"1":{"name":"(anonymous_1)","decl":{"start":{"line":16,"column":32},"end":{"line":16,"column":33}},"loc":{"start":{"line":16,"column":38},"end":{"line":34,"column":5}},"line":16},"2":{"name":"(anonymous_2)","decl":{"start":{"line":36,"column":22},"end":{"line":36,"column":23}},"loc":{"start":{"line":36,"column":28},"end":{"line":47,"column":5}},"line":36},"3":{"name":"(anonymous_3)","decl":{"start":{"line":61,"column":38},"end":{"line":61,"column":39}},"loc":{"start":{"line":61,"column":45},"end":{"line":61,"column":68}},"line":61},"4":{"name":"(anonymous_4)","decl":{"start":{"line":70,"column":38},"end":{"line":70,"column":39}},"loc":{"start":{"line":70,"column":45},"end":{"line":70,"column":70}},"line":70},"5":{"name":"(anonymous_5)","decl":{"start":{"line":79,"column":38},"end":{"line":79,"column":39}},"loc":{"start":{"line":79,"column":45},"end":{"line":79,"column":73}},"line":79},"6":{"name":"(anonymous_6)","decl":{"start":{"line":88,"column":38},"end":{"line":88,"column":39}},"loc":{"start":{"line":88,"column":45},"end":{"line":88,"column":78}},"line":88},"7":{"name":"(anonymous_7)","decl":{"start":{"line":97,"column":38},"end":{"line":97,"column":39}},"loc":{"start":{"line":97,"column":45},"end":{"line":97,"column":71}},"line":97},"8":{"name":"(anonymous_8)","decl":{"start":{"line":105,"column":38},"end":{"line":105,"column":39}},"loc":{"start":{"line":105,"column":45},"end":{"line":105,"column":70}},"line":105},"9":{"name":"(anonymous_9)","decl":{"start":{"line":114,"column":38},"end":{"line":114,"column":39}},"loc":{"start":{"line":114,"column":45},"end":{"line":114,"column":70}},"line":114},"10":{"name":"(anonymous_10)","decl":{"start":{"line":122,"column":38},"end":{"line":122,"column":39}},"loc":{"start":{"line":122,"column":45},"end":{"line":122,"column":76}},"line":122},"11":{"name":"(anonymous_11)","decl":{"start":{"line":131,"column":38},"end":{"line":131,"column":39}},"loc":{"start":{"line":131,"column":45},"end":{"line":131,"column":71}},"line":131},"12":{"name":"(anonymous_12)","decl":{"start":{"line":140,"column":38},"end":{"line":140,"column":39}},"loc":{"start":{"line":140,"column":45},"end":{"line":140,"column":70}},"line":140}},"branchMap":{"0":{"loc":{"start":{"line":26,"column":21},"end":{"line":26,"column":55}},"type":"cond-expr","locations":[{"start":{"line":26,"column":31},"end":{"line":26,"column":48}},{"start":{"line":26,"column":51},"end":{"line":26,"column":55}}],"line":26},"1":{"loc":{"start":{"line":49,"column":4},"end":{"line":49,"column":29}},"type":"if","locations":[{"start":{"line":49,"column":4},"end":{"line":49,"column":29}},{"start":{},"end":{}}],"line":49}},"s":{"0":1,"1":27,"2":27,"3":27,"4":27,"5":27,"6":27,"7":27,"8":27,"9":27,"10":27,"11":27,"12":2,"13":2,"14":2,"15":2,"16":27,"17":2,"18":2,"19":2,"20":2,"21":2,"22":2,"23":2,"24":2,"25":2,"26":2,"27":27,"28":1,"29":26,"30":2,"31":2,"32":2,"33":2,"34":2,"35":2,"36":2,"37":2,"38":2,"39":2},"f":{"0":27,"1":2,"2":2,"3":2,"4":2,"5":2,"6":2,"7":2,"8":2,"9":2,"10":2,"11":2,"12":2},"b":{"0":[2,0],"1":[1,26]},"_coverageSchema":"1a1c01bbd47fc00a2c39e90264f33305004495a9","hash":"f5a5b380837f3801542edbd5bcdbc3da0f71ecd2"}
,"C:\\Users\\ricky\\Documents\\Capstone_VillageTech\\client\\src\\components\\addNoteModal\\AddNoteModal.js": {"path":"C:\\Users\\ricky\\Documents\\Capstone_VillageTech\\client\\src\\components\\addNoteModal\\AddNoteModal.js","statementMap":{"0":{"start":{"line":4,"column":21},"end":{"line":60,"column":1}},"1":{"start":{"line":5,"column":26},"end":{"line":5,"column":38}},"2":{"start":{"line":6,"column":26},"end":{"line":6,"column":38}},"3":{"start":{"line":8,"column":24},"end":{"line":17,"column":3}},"4":{"start":{"line":9,"column":20},"end":{"line":12,"column":5}},"5":{"start":{"line":14,"column":4},"end":{"line":14,"column":23}},"6":{"start":{"line":15,"column":4},"end":{"line":15,"column":14}},"7":{"start":{"line":16,"column":4},"end":{"line":16,"column":16}},"8":{"start":{"line":19,"column":20},"end":{"line":22,"column":3}},"9":{"start":{"line":20,"column":4},"end":{"line":20,"column":16}},"10":{"start":{"line":21,"column":4},"end":{"line":21,"column":16}},"11":{"start":{"line":24,"column":2},"end":{"line":24,"column":27}},"12":{"start":{"line":24,"column":15},"end":{"line":24,"column":27}},"13":{"start":{"line":26,"column":2},"end":{"line":59,"column":4}},"14":{"start":{"line":36,"column":31},"end":{"line":36,"column":54}},"15":{"start":{"line":44,"column":31},"end":{"line":44,"column":54}}},"fnMap":{"0":{"name":"(anonymous_0)","decl":{"start":{"line":4,"column":21},"end":{"line":4,"column":22}},"loc":{"start":{"line":4,"column":57},"end":{"line":60,"column":1}},"line":4},"1":{"name":"(anonymous_1)","decl":{"start":{"line":8,"column":24},"end":{"line":8,"column":25}},"loc":{"start":{"line":8,"column":30},"end":{"line":17,"column":3}},"line":8},"2":{"name":"(anonymous_2)","decl":{"start":{"line":19,"column":20},"end":{"line":19,"column":21}},"loc":{"start":{"line":19,"column":26},"end":{"line":22,"column":3}},"line":19},"3":{"name":"(anonymous_3)","decl":{"start":{"line":36,"column":24},"end":{"line":36,"column":25}},"loc":{"start":{"line":36,"column":31},"end":{"line":36,"column":54}},"line":36},"4":{"name":"(anonymous_4)","decl":{"start":{"line":44,"column":24},"end":{"line":44,"column":25}},"loc":{"start":{"line":44,"column":31},"end":{"line":44,"column":54}},"line":44}},"branchMap":{"0":{"loc":{"start":{"line":24,"column":2},"end":{"line":24,"column":27}},"type":"if","locations":[{"start":{"line":24,"column":2},"end":{"line":24,"column":27}},{"start":{},"end":{}}],"line":24}},"s":{"0":1,"1":11,"2":11,"3":11,"4":2,"5":2,"6":2,"7":2,"8":11,"9":2,"10":2,"11":11,"12":1,"13":10,"14":2,"15":2},"f":{"0":11,"1":2,"2":2,"3":2,"4":2},"b":{"0":[1,10]},"_coverageSchema":"1a1c01bbd47fc00a2c39e90264f33305004495a9","hash":"3545afe4ed6f1c11c3103c7c57f32e8aa5562dff"}
,"C:\\Users\\ricky\\Documents\\Capstone_VillageTech\\client\\src\\components\\addStaffModal\\AddStaffModal.js": {"path":"C:\\Users\\ricky\\Documents\\Capstone_VillageTech\\client\\src\\components\\addStaffModal\\AddStaffModal.js","statementMap":{"0":{"start":{"line":5,"column":22},"end":{"line":365,"column":1}},"1":{"start":{"line":6,"column":34},"end":{"line":21,"column":4}},"2":{"start":{"line":23,"column":30},"end":{"line":23,"column":42}},"3":{"start":{"line":24,"column":32},"end":{"line":24,"column":44}},"4":{"start":{"line":26,"column":24},"end":{"line":30,"column":3}},"5":{"start":{"line":27,"column":4},"end":{"line":27,"column":28}},"6":{"start":{"line":27,"column":16},"end":{"line":27,"column":28}},"7":{"start":{"line":28,"column":20},"end":{"line":28,"column":44}},"8":{"start":{"line":29,"column":4},"end":{"line":29,"column":33}},"9":{"start":{"line":32,"column":23},"end":{"line":34,"column":3}},"10":{"start":{"line":33,"column":4},"end":{"line":33,"column":44}},"11":{"start":{"line":36,"column":24},"end":{"line":38,"column":3}},"12":{"start":{"line":37,"column":4},"end":{"line":37,"column":52}},"13":{"start":{"line":40,"column":27},"end":{"line":42,"column":3}},"14":{"start":{"line":41,"column":4},"end":{"line":41,"column":31}},"15":{"start":{"line":44,"column":22},"end":{"line":50,"column":3}},"16":{"start":{"line":45,"column":20},"end":{"line":45,"column":44}},"17":{"start":{"line":46,"column":4},"end":{"line":48,"column":5}},"18":{"start":{"line":47,"column":6},"end":{"line":47,"column":66}},"19":{"start":{"line":49,"column":4},"end":{"line":49,"column":17}},"20":{"start":{"line":52,"column":24},"end":{"line":76,"column":3}},"21":{"start":{"line":53,"column":4},"end":{"line":75,"column":5}},"22":{"start":{"line":56,"column":8},"end":{"line":56,"column":139}},"23":{"start":{"line":59,"column":8},"end":{"line":59,"column":80}},"24":{"start":{"line":62,"column":8},"end":{"line":62,"column":88}},"25":{"start":{"line":65,"column":8},"end":{"line":65,"column":98}},"26":{"start":{"line":68,"column":8},"end":{"line":68,"column":87}},"27":{"start":{"line":71,"column":8},"end":{"line":71,"column":75}},"28":{"start":{"line":74,"column":8},"end":{"line":74,"column":18}},"29":{"start":{"line":78,"column":23},"end":{"line":92,"column":3}},"30":{"start":{"line":79,"column":28},"end":{"line":79,"column":36}},"31":{"start":{"line":80,"column":25},"end":{"line":80,"column":30}},"32":{"start":{"line":82,"column":4},"end":{"line":84,"column":5}},"33":{"start":{"line":83,"column":6},"end":{"line":83,"column":42}},"34":{"start":{"line":86,"column":4},"end":{"line":86,"column":63}},"35":{"start":{"line":86,"column":25},"end":{"line":86,"column":60}},"36":{"start":{"line":88,"column":4},"end":{"line":91,"column":5}},"37":{"start":{"line":89,"column":20},"end":{"line":89,"column":55}},"38":{"start":{"line":90,"column":6},"end":{"line":90,"column":54}},"39":{"start":{"line":90,"column":25},"end":{"line":90,"column":51}},"40":{"start":{"line":94,"column":21},"end":{"line":99,"column":3}},"41":{"start":{"line":95,"column":28},"end":{"line":95,"column":36}},"42":{"start":{"line":96,"column":4},"end":{"line":96,"column":52}},"43":{"start":{"line":96,"column":24},"end":{"line":96,"column":49}},"44":{"start":{"line":97,"column":18},"end":{"line":97,"column":44}},"45":{"start":{"line":98,"column":4},"end":{"line":98,"column":52}},"46":{"start":{"line":98,"column":23},"end":{"line":98,"column":49}},"47":{"start":{"line":101,"column":23},"end":{"line":155,"column":3}},"48":{"start":{"line":102,"column":4},"end":{"line":102,"column":23}},"49":{"start":{"line":105,"column":22},"end":{"line":105,"column":24}},"50":{"start":{"line":106,"column":4},"end":{"line":111,"column":7}},"51":{"start":{"line":107,"column":20},"end":{"line":107,"column":53}},"52":{"start":{"line":108,"column":6},"end":{"line":110,"column":7}},"53":{"start":{"line":109,"column":8},"end":{"line":109,"column":31}},"54":{"start":{"line":113,"column":4},"end":{"line":117,"column":5}},"55":{"start":{"line":114,"column":6},"end":{"line":114,"column":27}},"56":{"start":{"line":115,"column":6},"end":{"line":115,"column":92}},"57":{"start":{"line":115,"column":61},"end":{"line":115,"column":84}},"58":{"start":{"line":116,"column":6},"end":{"line":116,"column":13}},"59":{"start":{"line":119,"column":4},"end":{"line":154,"column":5}},"60":{"start":{"line":120,"column":53},"end":{"line":123,"column":8}},"61":{"start":{"line":125,"column":6},"end":{"line":125,"column":41}},"62":{"start":{"line":125,"column":23},"end":{"line":125,"column":41}},"63":{"start":{"line":127,"column":6},"end":{"line":151,"column":7}},"64":{"start":{"line":128,"column":26},"end":{"line":141,"column":9}},"65":{"start":{"line":143,"column":39},"end":{"line":145,"column":30}},"66":{"start":{"line":147,"column":8},"end":{"line":147,"column":43}},"67":{"start":{"line":147,"column":25},"end":{"line":147,"column":43}},"68":{"start":{"line":149,"column":8},"end":{"line":149,"column":30}},"69":{"start":{"line":150,"column":8},"end":{"line":150,"column":18}},"70":{"start":{"line":153,"column":6},"end":{"line":153,"column":62}},"71":{"start":{"line":153,"column":25},"end":{"line":153,"column":59}},"72":{"start":{"line":157,"column":2},"end":{"line":157,"column":27}},"73":{"start":{"line":157,"column":15},"end":{"line":157,"column":27}},"74":{"start":{"line":159,"column":2},"end":{"line":364,"column":4}}},"fnMap":{"0":{"name":"(anonymous_0)","decl":{"start":{"line":5,"column":22},"end":{"line":5,"column":23}},"loc":{"start":{"line":5,"column":59},"end":{"line":365,"column":1}},"line":5},"1":{"name":"(anonymous_1)","decl":{"start":{"line":26,"column":24},"end":{"line":26,"column":25}},"loc":{"start":{"line":26,"column":35},"end":{"line":30,"column":3}},"line":26},"2":{"name":"(anonymous_2)","decl":{"start":{"line":32,"column":23},"end":{"line":32,"column":24}},"loc":{"start":{"line":32,"column":33},"end":{"line":34,"column":3}},"line":32},"3":{"name":"(anonymous_3)","decl":{"start":{"line":36,"column":24},"end":{"line":36,"column":25}},"loc":{"start":{"line":36,"column":35},"end":{"line":38,"column":3}},"line":36},"4":{"name":"(anonymous_4)","decl":{"start":{"line":40,"column":27},"end":{"line":40,"column":28}},"loc":{"start":{"line":40,"column":41},"end":{"line":42,"column":3}},"line":40},"5":{"name":"(anonymous_5)","decl":{"start":{"line":44,"column":22},"end":{"line":44,"column":23}},"loc":{"start":{"line":44,"column":33},"end":{"line":50,"column":3}},"line":44},"6":{"name":"(anonymous_6)","decl":{"start":{"line":52,"column":24},"end":{"line":52,"column":25}},"loc":{"start":{"line":52,"column":41},"end":{"line":76,"column":3}},"line":52},"7":{"name":"(anonymous_7)","decl":{"start":{"line":78,"column":23},"end":{"line":78,"column":24}},"loc":{"start":{"line":78,"column":30},"end":{"line":92,"column":3}},"line":78},"8":{"name":"(anonymous_8)","decl":{"start":{"line":86,"column":16},"end":{"line":86,"column":17}},"loc":{"start":{"line":86,"column":25},"end":{"line":86,"column":60}},"line":86},"9":{"name":"(anonymous_9)","decl":{"start":{"line":90,"column":16},"end":{"line":90,"column":17}},"loc":{"start":{"line":90,"column":25},"end":{"line":90,"column":51}},"line":90},"10":{"name":"(anonymous_10)","decl":{"start":{"line":94,"column":21},"end":{"line":94,"column":22}},"loc":{"start":{"line":94,"column":28},"end":{"line":99,"column":3}},"line":94},"11":{"name":"(anonymous_11)","decl":{"start":{"line":96,"column":15},"end":{"line":96,"column":16}},"loc":{"start":{"line":96,"column":24},"end":{"line":96,"column":49}},"line":96},"12":{"name":"(anonymous_12)","decl":{"start":{"line":98,"column":14},"end":{"line":98,"column":15}},"loc":{"start":{"line":98,"column":23},"end":{"line":98,"column":49}},"line":98},"13":{"name":"(anonymous_13)","decl":{"start":{"line":101,"column":23},"end":{"line":101,"column":24}},"loc":{"start":{"line":101,"column":36},"end":{"line":155,"column":3}},"line":101},"14":{"name":"(anonymous_14)","decl":{"start":{"line":106,"column":34},"end":{"line":106,"column":35}},"loc":{"start":{"line":106,"column":41},"end":{"line":111,"column":5}},"line":106},"15":{"name":"(anonymous_15)","decl":{"start":{"line":115,"column":46},"end":{"line":115,"column":47}},"loc":{"start":{"line":115,"column":61},"end":{"line":115,"column":84}},"line":115},"16":{"name":"(anonymous_16)","decl":{"start":{"line":153,"column":16},"end":{"line":153,"column":17}},"loc":{"start":{"line":153,"column":25},"end":{"line":153,"column":59}},"line":153}},"branchMap":{"0":{"loc":{"start":{"line":27,"column":4},"end":{"line":27,"column":28}},"type":"if","locations":[{"start":{"line":27,"column":4},"end":{"line":27,"column":28}},{"start":{},"end":{}}],"line":27},"1":{"loc":{"start":{"line":46,"column":4},"end":{"line":48,"column":5}},"type":"if","locations":[{"start":{"line":46,"column":4},"end":{"line":48,"column":5}},{"start":{},"end":{}}],"line":46},"2":{"loc":{"start":{"line":53,"column":4},"end":{"line":75,"column":5}},"type":"switch","locations":[{"start":{"line":54,"column":6},"end":{"line":54,"column":24}},{"start":{"line":55,"column":6},"end":{"line":56,"column":139}},{"start":{"line":58,"column":6},"end":{"line":59,"column":80}},{"start":{"line":61,"column":6},"end":{"line":62,"column":88}},{"start":{"line":64,"column":6},"end":{"line":65,"column":98}},{"start":{"line":67,"column":6},"end":{"line":68,"column":87}},{"start":{"line":70,"column":6},"end":{"line":71,"column":75}},{"start":{"line":73,"column":6},"end":{"line":74,"column":18}}],"line":53},"3":{"loc":{"start":{"line":56,"column":15},"end":{"line":56,"column":138}},"type":"cond-expr","locations":[{"start":{"line":56,"column":37},"end":{"line":56,"column":39}},{"start":{"line":56,"column":42},"end":{"line":56,"column":138}}],"line":56},"4":{"loc":{"start":{"line":56,"column":45},"end":{"line":56,"column":85}},"type":"cond-expr","locations":[{"start":{"line":56,"column":69},"end":{"line":56,"column":76}},{"start":{"line":56,"column":79},"end":{"line":56,"column":85}}],"line":56},"5":{"loc":{"start":{"line":59,"column":15},"end":{"line":59,"column":79}},"type":"cond-expr","locations":[{"start":{"line":59,"column":38},"end":{"line":59,"column":40}},{"start":{"line":59,"column":43},"end":{"line":59,"column":79}}],"line":59},"6":{"loc":{"start":{"line":62,"column":15},"end":{"line":62,"column":87}},"type":"cond-expr","locations":[{"start":{"line":62,"column":38},"end":{"line":62,"column":40}},{"start":{"line":62,"column":43},"end":{"line":62,"column":87}}],"line":62},"7":{"loc":{"start":{"line":65,"column":15},"end":{"line":65,"column":97}},"type":"cond-expr","locations":[{"start":{"line":65,"column":48},"end":{"line":65,"column":50}},{"start":{"line":65,"column":53},"end":{"line":65,"column":97}}],"line":65},"8":{"loc":{"start":{"line":65,"column":15},"end":{"line":65,"column":45}},"type":"binary-expr","locations":[{"start":{"line":65,"column":15},"end":{"line":65,"column":21}},{"start":{"line":65,"column":25},"end":{"line":65,"column":45}}],"line":65},"9":{"loc":{"start":{"line":68,"column":15},"end":{"line":68,"column":86}},"type":"cond-expr","locations":[{"start":{"line":68,"column":41},"end":{"line":68,"column":43}},{"start":{"line":68,"column":46},"end":{"line":68,"column":86}}],"line":68},"10":{"loc":{"start":{"line":71,"column":15},"end":{"line":71,"column":74}},"type":"cond-expr","locations":[{"start":{"line":71,"column":45},"end":{"line":71,"column":47}},{"start":{"line":71,"column":50},"end":{"line":71,"column":74}}],"line":71},"11":{"loc":{"start":{"line":82,"column":4},"end":{"line":84,"column":5}},"type":"if","locations":[{"start":{"line":82,"column":4},"end":{"line":84,"column":5}},{"start":{},"end":{}}],"line":82},"12":{"loc":{"start":{"line":82,"column":8},"end":{"line":82,"column":54}},"type":"binary-expr","locations":[{"start":{"line":82,"column":8},"end":{"line":82,"column":24}},{"start":{"line":82,"column":28},"end":{"line":82,"column":54}}],"line":82},"13":{"loc":{"start":{"line":88,"column":4},"end":{"line":91,"column":5}},"type":"if","locations":[{"start":{"line":88,"column":4},"end":{"line":91,"column":5}},{"start":{},"end":{}}],"line":88},"14":{"loc":{"start":{"line":108,"column":6},"end":{"line":110,"column":7}},"type":"if","locations":[{"start":{"line":108,"column":6},"end":{"line":110,"column":7}},{"start":{},"end":{}}],"line":108},"15":{"loc":{"start":{"line":113,"column":4},"end":{"line":117,"column":5}},"type":"if","locations":[{"start":{"line":113,"column":4},"end":{"line":117,"column":5}},{"start":{},"end":{}}],"line":113},"16":{"loc":{"start":{"line":125,"column":6},"end":{"line":125,"column":41}},"type":"if","locations":[{"start":{"line":125,"column":6},"end":{"line":125,"column":41}},{"start":{},"end":{}}],"line":125},"17":{"loc":{"start":{"line":127,"column":6},"end":{"line":151,"column":7}},"type":"if","locations":[{"start":{"line":127,"column":6},"end":{"line":151,"column":7}},{"start":{},"end":{}}],"line":127},"18":{"loc":{"start":{"line":127,"column":10},"end":{"line":127,"column":35}},"type":"binary-expr","locations":[{"start":{"line":127,"column":10},"end":{"line":127,"column":18}},{"start":{"line":127,"column":22},"end":{"line":127,"column":35}}],"line":127},"19":{"loc":{"start":{"line":147,"column":8},"end":{"line":147,"column":43}},"type":"if","locations":[{"start":{"line":147,"column":8},"end":{"line":147,"column":43}},{"start":{},"end":{}}],"line":147},"20":{"loc":{"start":{"line":157,"column":2},"end":{"line":157,"column":27}},"type":"if","locations":[{"start":{"line":157,"column":2},"end":{"line":157,"column":27}},{"start":{},"end":{}}],"line":157},"21":{"loc":{"start":{"line":174,"column":25},"end":{"line":174,"column":79}},"type":"cond-expr","locations":[{"start":{"line":174,"column":67},"end":{"line":174,"column":74}},{"start":{"line":174,"column":77},"end":{"line":174,"column":79}}],"line":174},"22":{"loc":{"start":{"line":174,"column":25},"end":{"line":174,"column":64}},"type":"binary-expr","locations":[{"start":{"line":174,"column":25},"end":{"line":174,"column":42}},{"start":{"line":174,"column":46},"end":{"line":174,"column":64}}],"line":174},"23":{"loc":{"start":{"line":176,"column":13},"end":{"line":177,"column":68}},"type":"binary-expr","locations":[{"start":{"line":176,"column":13},"end":{"line":176,"column":31}},{"start":{"line":176,"column":35},"end":{"line":176,"column":52}},{"start":{"line":177,"column":14},"end":{"line":177,"column":68}}],"line":176},"24":{"loc":{"start":{"line":190,"column":25},"end":{"line":190,"column":77}},"type":"cond-expr","locations":[{"start":{"line":190,"column":65},"end":{"line":190,"column":72}},{"start":{"line":190,"column":75},"end":{"line":190,"column":77}}],"line":190},"25":{"loc":{"start":{"line":190,"column":25},"end":{"line":190,"column":62}},"type":"binary-expr","locations":[{"start":{"line":190,"column":25},"end":{"line":190,"column":41}},{"start":{"line":190,"column":45},"end":{"line":190,"column":62}}],"line":190},"26":{"loc":{"start":{"line":192,"column":13},"end":{"line":193,"column":67}},"type":"binary-expr","locations":[{"start":{"line":192,"column":13},"end":{"line":192,"column":30}},{"start":{"line":192,"column":34},"end":{"line":192,"column":50}},{"start":{"line":193,"column":14},"end":{"line":193,"column":67}}],"line":192},"27":{"loc":{"start":{"line":205,"column":25},"end":{"line":205,"column":69}},"type":"cond-expr","locations":[{"start":{"line":205,"column":57},"end":{"line":205,"column":64}},{"start":{"line":205,"column":67},"end":{"line":205,"column":69}}],"line":205},"28":{"loc":{"start":{"line":205,"column":25},"end":{"line":205,"column":54}},"type":"binary-expr","locations":[{"start":{"line":205,"column":25},"end":{"line":205,"column":37}},{"start":{"line":205,"column":41},"end":{"line":205,"column":54}}],"line":205},"29":{"loc":{"start":{"line":207,"column":13},"end":{"line":208,"column":63}},"type":"binary-expr","locations":[{"start":{"line":207,"column":13},"end":{"line":207,"column":26}},{"start":{"line":207,"column":30},"end":{"line":207,"column":42}},{"start":{"line":208,"column":14},"end":{"line":208,"column":63}}],"line":207},"30":{"loc":{"start":{"line":221,"column":25},"end":{"line":221,"column":75}},"type":"cond-expr","locations":[{"start":{"line":221,"column":63},"end":{"line":221,"column":70}},{"start":{"line":221,"column":73},"end":{"line":221,"column":75}}],"line":221},"31":{"loc":{"start":{"line":221,"column":25},"end":{"line":221,"column":60}},"type":"binary-expr","locations":[{"start":{"line":221,"column":25},"end":{"line":221,"column":40}},{"start":{"line":221,"column":44},"end":{"line":221,"column":60}}],"line":221},"32":{"loc":{"start":{"line":223,"column":13},"end":{"line":224,"column":66}},"type":"binary-expr","locations":[{"start":{"line":223,"column":13},"end":{"line":223,"column":29}},{"start":{"line":223,"column":33},"end":{"line":223,"column":48}},{"start":{"line":224,"column":14},"end":{"line":224,"column":66}}],"line":223},"33":{"loc":{"start":{"line":236,"column":25},"end":{"line":236,"column":89}},"type":"cond-expr","locations":[{"start":{"line":236,"column":77},"end":{"line":236,"column":84}},{"start":{"line":236,"column":87},"end":{"line":236,"column":89}}],"line":236},"34":{"loc":{"start":{"line":236,"column":25},"end":{"line":236,"column":74}},"type":"binary-expr","locations":[{"start":{"line":236,"column":25},"end":{"line":236,"column":47}},{"start":{"line":236,"column":51},"end":{"line":236,"column":74}}],"line":236},"35":{"loc":{"start":{"line":238,"column":13},"end":{"line":239,"column":73}},"type":"binary-expr","locations":[{"start":{"line":238,"column":13},"end":{"line":238,"column":36}},{"start":{"line":238,"column":40},"end":{"line":238,"column":62}},{"start":{"line":239,"column":14},"end":{"line":239,"column":73}}],"line":238},"36":{"loc":{"start":{"line":253,"column":25},"end":{"line":253,"column":69}},"type":"cond-expr","locations":[{"start":{"line":253,"column":57},"end":{"line":253,"column":64}},{"start":{"line":253,"column":67},"end":{"line":253,"column":69}}],"line":253},"37":{"loc":{"start":{"line":253,"column":25},"end":{"line":253,"column":54}},"type":"binary-expr","locations":[{"start":{"line":253,"column":25},"end":{"line":253,"column":37}},{"start":{"line":253,"column":41},"end":{"line":253,"column":54}}],"line":253},"38":{"loc":{"start":{"line":255,"column":13},"end":{"line":256,"column":63}},"type":"binary-expr","locations":[{"start":{"line":255,"column":13},"end":{"line":255,"column":26}},{"start":{"line":255,"column":30},"end":{"line":255,"column":42}},{"start":{"line":256,"column":14},"end":{"line":256,"column":63}}],"line":255},"39":{"loc":{"start":{"line":269,"column":25},"end":{"line":269,"column":89}},"type":"cond-expr","locations":[{"start":{"line":269,"column":77},"end":{"line":269,"column":84}},{"start":{"line":269,"column":87},"end":{"line":269,"column":89}}],"line":269},"40":{"loc":{"start":{"line":269,"column":25},"end":{"line":269,"column":74}},"type":"binary-expr","locations":[{"start":{"line":269,"column":25},"end":{"line":269,"column":47}},{"start":{"line":269,"column":51},"end":{"line":269,"column":74}}],"line":269},"41":{"loc":{"start":{"line":271,"column":13},"end":{"line":272,"column":73}},"type":"binary-expr","locations":[{"start":{"line":271,"column":13},"end":{"line":271,"column":36}},{"start":{"line":271,"column":40},"end":{"line":271,"column":62}},{"start":{"line":272,"column":14},"end":{"line":272,"column":73}}],"line":271},"42":{"loc":{"start":{"line":351,"column":13},"end":{"line":351,"column":78}},"type":"binary-expr","locations":[{"start":{"line":351,"column":13},"end":{"line":351,"column":26}},{"start":{"line":351,"column":30},"end":{"line":351,"column":78}}],"line":351}},"s":{"0":0,"1":0,"2":0,"3":0,"4":0,"5":0,"6":0,"7":0,"8":0,"9":0,"10":0,"11":0,"12":0,"13":0,"14":0,"15":0,"16":0,"17":0,"18":0,"19":0,"20":0,"21":0,"22":0,"23":0,"24":0,"25":0,"26":0,"27":0,"28":0,"29":0,"30":0,"31":0,"32":0,"33":0,"34":0,"35":0,"36":0,"37":0,"38":0,"39":0,"40":0,"41":0,"42":0,"43":0,"44":0,"45":0,"46":0,"47":0,"48":0,"49":0,"50":0,"51":0,"52":0,"53":0,"54":0,"55":0,"56":0,"57":0,"58":0,"59":0,"60":0,"61":0,"62":0,"63":0,"64":0,"65":0,"66":0,"67":0,"68":0,"69":0,"70":0,"71":0,"72":0,"73":0,"74":0},"f":{"0":0,"1":0,"2":0,"3":0,"4":0,"5":0,"6":0,"7":0,"8":0,"9":0,"10":0,"11":0,"12":0,"13":0,"14":0,"15":0,"16":0},"b":{"0":[0,0],"1":[0,0],"2":[0,0,0,0,0,0,0,0],"3":[0,0],"4":[0,0],"5":[0,0],"6":[0,0],"7":[0,0],"8":[0,0],"9":[0,0],"10":[0,0],"11":[0,0],"12":[0,0],"13":[0,0],"14":[0,0],"15":[0,0],"16":[0,0],"17":[0,0],"18":[0,0],"19":[0,0],"20":[0,0],"21":[0,0],"22":[0,0],"23":[0,0,0],"24":[0,0],"25":[0,0],"26":[0,0,0],"27":[0,0],"28":[0,0],"29":[0,0,0],"30":[0,0],"31":[0,0],"32":[0,0,0],"33":[0,0],"34":[0,0],"35":[0,0,0],"36":[0,0],"37":[0,0],"38":[0,0,0],"39":[0,0],"40":[0,0],"41":[0,0,0],"42":[0,0]}}
,"C:\\Users\\ricky\\Documents\\Capstone_VillageTech\\client\\src\\components\\addVitalModal\\AddVitalModal.js": {"path":"C:\\Users\\ricky\\Documents\\Capstone_VillageTech\\client\\src\\components\\addVitalModal\\AddVitalModal.js","statementMap":{"0":{"start":{"line":4,"column":22},"end":{"line":85,"column":1}},"1":{"start":{"line":5,"column":26},"end":{"line":5,"column":38}},"2":{"start":{"line":6,"column":30},"end":{"line":6,"column":42}},"3":{"start":{"line":7,"column":40},"end":{"line":7,"column":52}},"4":{"start":{"line":8,"column":36},"end":{"line":8,"column":48}},"5":{"start":{"line":10,"column":25},"end":{"line":21,"column":3}},"6":{"start":{"line":11,"column":21},"end":{"line":16,"column":5}},"7":{"start":{"line":18,"column":4},"end":{"line":18,"column":25}},"8":{"start":{"line":19,"column":4},"end":{"line":19,"column":14}},"9":{"start":{"line":20,"column":4},"end":{"line":20,"column":16}},"10":{"start":{"line":23,"column":20},"end":{"line":28,"column":3}},"11":{"start":{"line":24,"column":4},"end":{"line":24,"column":16}},"12":{"start":{"line":25,"column":4},"end":{"line":25,"column":18}},"13":{"start":{"line":26,"column":4},"end":{"line":26,"column":23}},"14":{"start":{"line":27,"column":4},"end":{"line":27,"column":21}},"15":{"start":{"line":30,"column":2},"end":{"line":30,"column":27}},"16":{"start":{"line":30,"column":15},"end":{"line":30,"column":27}},"17":{"start":{"line":32,"column":2},"end":{"line":84,"column":4}},"18":{"start":{"line":42,"column":31},"end":{"line":42,"column":54}},"19":{"start":{"line":51,"column":31},"end":{"line":51,"column":56}},"20":{"start":{"line":60,"column":31},"end":{"line":60,"column":61}},"21":{"start":{"line":69,"column":31},"end":{"line":69,"column":59}}},"fnMap":{"0":{"name":"(anonymous_0)","decl":{"start":{"line":4,"column":22},"end":{"line":4,"column":23}},"loc":{"start":{"line":4,"column":59},"end":{"line":85,"column":1}},"line":4},"1":{"name":"(anonymous_1)","decl":{"start":{"line":10,"column":25},"end":{"line":10,"column":26}},"loc":{"start":{"line":10,"column":31},"end":{"line":21,"column":3}},"line":10},"2":{"name":"(anonymous_2)","decl":{"start":{"line":23,"column":20},"end":{"line":23,"column":21}},"loc":{"start":{"line":23,"column":26},"end":{"line":28,"column":3}},"line":23},"3":{"name":"(anonymous_3)","decl":{"start":{"line":42,"column":24},"end":{"line":42,"column":25}},"loc":{"start":{"line":42,"column":31},"end":{"line":42,"column":54}},"line":42},"4":{"name":"(anonymous_4)","decl":{"start":{"line":51,"column":24},"end":{"line":51,"column":25}},"loc":{"start":{"line":51,"column":31},"end":{"line":51,"column":56}},"line":51},"5":{"name":"(anonymous_5)","decl":{"start":{"line":60,"column":24},"end":{"line":60,"column":25}},"loc":{"start":{"line":60,"column":31},"end":{"line":60,"column":61}},"line":60},"6":{"name":"(anonymous_6)","decl":{"start":{"line":69,"column":24},"end":{"line":69,"column":25}},"loc":{"start":{"line":69,"column":31},"end":{"line":69,"column":59}},"line":69}},"branchMap":{"0":{"loc":{"start":{"line":30,"column":2},"end":{"line":30,"column":27}},"type":"if","locations":[{"start":{"line":30,"column":2},"end":{"line":30,"column":27}},{"start":{},"end":{}}],"line":30}},"s":{"0":1,"1":8,"2":8,"3":8,"4":8,"5":8,"6":0,"7":0,"8":0,"9":0,"10":8,"11":0,"12":0,"13":0,"14":0,"15":8,"16":1,"17":7,"18":1,"19":1,"20":1,"21":1},"f":{"0":8,"1":0,"2":0,"3":1,"4":1,"5":1,"6":1},"b":{"0":[1,7]},"_coverageSchema":"1a1c01bbd47fc00a2c39e90264f33305004495a9","hash":"c29c268a0d102bf8aa93553580b219433831c616"}
,"C:\\Users\\ricky\\Documents\\Capstone_VillageTech\\client\\src\\components\\appointmentCard\\AppointmentCard.js": {"path":"C:\\Users\\ricky\\Documents\\Capstone_VillageTech\\client\\src\\components\\appointmentCard\\AppointmentCard.js","statementMap":{"0":{"start":{"line":3,"column":24},"end":{"line":12,"column":1}},"1":{"start":{"line":4,"column":2},"end":{"line":11,"column":4}}},"fnMap":{"0":{"name":"(anonymous_0)","decl":{"start":{"line":3,"column":24},"end":{"line":3,"column":25}},"loc":{"start":{"line":3,"column":62},"end":{"line":12,"column":1}},"line":3}},"branchMap":{},"s":{"0":1,"1":5},"f":{"0":5},"b":{},"_coverageSchema":"1a1c01bbd47fc00a2c39e90264f33305004495a9","hash":"9d3a043bc53b77656ed7149bec3e464912047211"}
,"C:\\Users\\ricky\\Documents\\Capstone_VillageTech\\client\\src\\components\\auth\\AuthGuard.js": {"path":"C:\\Users\\ricky\\Documents\\Capstone_VillageTech\\client\\src\\components\\auth\\AuthGuard.js","statementMap":{"0":{"start":{"line":5,"column":18},"end":{"line":36,"column":1}},"1":{"start":{"line":6,"column":48},"end":{"line":6,"column":63}},"2":{"start":{"line":7,"column":32},"end":{"line":7,"column":46}},"3":{"start":{"line":9,"column":2},"end":{"line":25,"column":9}},"4":{"start":{"line":10,"column":25},"end":{"line":14,"column":5}},"5":{"start":{"line":11,"column":36},"end":{"line":11,"column":68}},"6":{"start":{"line":12,"column":6},"end":{"line":12,"column":36}},"7":{"start":{"line":13,"column":6},"end":{"line":13,"column":24}},"8":{"start":{"line":16,"column":4},"end":{"line":16,"column":19}},"9":{"start":{"line":18,"column":35},"end":{"line":20,"column":6}},"10":{"start":{"line":19,"column":6},"end":{"line":19,"column":36}},"11":{"start":{"line":22,"column":4},"end":{"line":24,"column":6}},"12":{"start":{"line":23,"column":6},"end":{"line":23,"column":46}},"13":{"start":{"line":27,"column":2},"end":{"line":29,"column":3}},"14":{"start":{"line":28,"column":4},"end":{"line":28,"column":33}},"15":{"start":{"line":31,"column":2},"end":{"line":33,"column":3}},"16":{"start":{"line":32,"column":4},"end":{"line":32,"column":44}},"17":{"start":{"line":35,"column":2},"end":{"line":35,"column":18}}},"fnMap":{"0":{"name":"(anonymous_0)","decl":{"start":{"line":5,"column":18},"end":{"line":5,"column":19}},"loc":{"start":{"line":5,"column":36},"end":{"line":36,"column":1}},"line":5},"1":{"name":"(anonymous_1)","decl":{"start":{"line":9,"column":12},"end":{"line":9,"column":13}},"loc":{"start":{"line":9,"column":18},"end":{"line":25,"column":3}},"line":9},"2":{"name":"(anonymous_2)","decl":{"start":{"line":10,"column":25},"end":{"line":10,"column":26}},"loc":{"start":{"line":10,"column":37},"end":{"line":14,"column":5}},"line":10},"3":{"name":"(anonymous_3)","decl":{"start":{"line":18,"column":67},"end":{"line":18,"column":68}},"loc":{"start":{"line":18,"column":88},"end":{"line":20,"column":5}},"line":18},"4":{"name":"(anonymous_4)","decl":{"start":{"line":22,"column":11},"end":{"line":22,"column":12}},"loc":{"start":{"line":22,"column":17},"end":{"line":24,"column":5}},"line":22}},"branchMap":{"0":{"loc":{"start":{"line":27,"column":2},"end":{"line":29,"column":3}},"type":"if","locations":[{"start":{"line":27,"column":2},"end":{"line":29,"column":3}},{"start":{},"end":{}}],"line":27},"1":{"loc":{"start":{"line":31,"column":2},"end":{"line":33,"column":3}},"type":"if","locations":[{"start":{"line":31,"column":2},"end":{"line":33,"column":3}},{"start":{},"end":{}}],"line":31}},"s":{"0":0,"1":0,"2":0,"3":0,"4":0,"5":0,"6":0,"7":0,"8":0,"9":0,"10":0,"11":0,"12":0,"13":0,"14":0,"15":0,"16":0,"17":0},"f":{"0":0,"1":0,"2":0,"3":0,"4":0},"b":{"0":[0,0],"1":[0,0]}}
,"C:\\Users\\ricky\\Documents\\Capstone_VillageTech\\client\\src\\components\\auth\\SignOut.js": {"path":"C:\\Users\\ricky\\Documents\\Capstone_VillageTech\\client\\src\\components\\auth\\SignOut.js","statementMap":{"0":{"start":{"line":6,"column":22},"end":{"line":21,"column":1}},"1":{"start":{"line":7,"column":47},"end":{"line":7,"column":72}},"2":{"start":{"line":9,"column":20},"end":{"line":14,"column":5}},"3":{"start":{"line":10,"column":8},"end":{"line":10,"column":35}},"4":{"start":{"line":11,"column":8},"end":{"line":11,"column":38}},"5":{"start":{"line":12,"column":8},"end":{"line":12,"column":49}},"6":{"start":{"line":13,"column":8},"end":{"line":13,"column":40}},"7":{"start":{"line":16,"column":4},"end":{"line":20,"column":6}}},"fnMap":{"0":{"name":"(anonymous_0)","decl":{"start":{"line":6,"column":22},"end":{"line":6,"column":23}},"loc":{"start":{"line":6,"column":28},"end":{"line":21,"column":1}},"line":6},"1":{"name":"(anonymous_1)","decl":{"start":{"line":9,"column":20},"end":{"line":9,"column":21}},"loc":{"start":{"line":9,"column":32},"end":{"line":14,"column":5}},"line":9}},"branchMap":{},"s":{"0":0,"1":0,"2":0,"3":0,"4":0,"5":0,"6":0,"7":0},"f":{"0":0,"1":0},"b":{}}
,"C:\\Users\\ricky\\Documents\\Capstone_VillageTech\\client\\src\\components\\patientLayout\\PatientLayout.js": {"path":"C:\\Users\\ricky\\Documents\\Capstone_VillageTech\\client\\src\\components\\patientLayout\\PatientLayout.js","statementMap":{"0":{"start":{"line":8,"column":22},"end":{"line":94,"column":1}},"1":{"start":{"line":9,"column":34},"end":{"line":9,"column":46}},"2":{"start":{"line":10,"column":50},"end":{"line":10,"column":62}},"3":{"start":{"line":11,"column":50},"end":{"line":11,"column":62}},"4":{"start":{"line":12,"column":42},"end":{"line":12,"column":68}},"5":{"start":{"line":13,"column":19},"end":{"line":13,"column":38}},"6":{"start":{"line":14,"column":31},"end":{"line":16,"column":68}},"7":{"start":{"line":18,"column":2},"end":{"line":20,"column":9}},"8":{"start":{"line":19,"column":4},"end":{"line":19,"column":20}},"9":{"start":{"line":22,"column":2},"end":{"line":33,"column":35}},"10":{"start":{"line":23,"column":21},"end":{"line":31,"column":5}},"11":{"start":{"line":25,"column":8},"end":{"line":30,"column":9}},"12":{"start":{"line":32,"column":4},"end":{"line":32,"column":34}},"13":{"start":{"line":35,"column":24},"end":{"line":46,"column":3}},"14":{"start":{"line":36,"column":4},"end":{"line":45,"column":5}},"15":{"start":{"line":37,"column":30},"end":{"line":40,"column":20}},"16":{"start":{"line":41,"column":6},"end":{"line":41,"column":29}},"17":{"start":{"line":41,"column":17},"end":{"line":41,"column":29}},"18":{"start":{"line":42,"column":6},"end":{"line":42,"column":24}},"19":{"start":{"line":44,"column":6},"end":{"line":44,"column":55}},"20":{"start":{"line":48,"column":30},"end":{"line":51,"column":3}},"21":{"start":{"line":49,"column":4},"end":{"line":49,"column":32}},"22":{"start":{"line":50,"column":4},"end":{"line":50,"column":27}},"23":{"start":{"line":53,"column":2},"end":{"line":93,"column":4}},"24":{"start":{"line":62,"column":14},"end":{"line":78,"column":20}},"25":{"start":{"line":68,"column":18},"end":{"line":68,"column":46}},"26":{"start":{"line":69,"column":18},"end":{"line":69,"column":41}},"27":{"start":{"line":82,"column":48},"end":{"line":82,"column":69}}},"fnMap":{"0":{"name":"(anonymous_0)","decl":{"start":{"line":8,"column":22},"end":{"line":8,"column":23}},"loc":{"start":{"line":8,"column":75},"end":{"line":94,"column":1}},"line":8},"1":{"name":"(anonymous_1)","decl":{"start":{"line":18,"column":12},"end":{"line":18,"column":13}},"loc":{"start":{"line":18,"column":18},"end":{"line":20,"column":3}},"line":18},"2":{"name":"(anonymous_2)","decl":{"start":{"line":22,"column":12},"end":{"line":22,"column":13}},"loc":{"start":{"line":22,"column":18},"end":{"line":33,"column":3}},"line":22},"3":{"name":"(anonymous_3)","decl":{"start":{"line":24,"column":6},"end":{"line":24,"column":7}},"loc":{"start":{"line":25,"column":8},"end":{"line":30,"column":9}},"line":25},"4":{"name":"(anonymous_4)","decl":{"start":{"line":35,"column":24},"end":{"line":35,"column":25}},"loc":{"start":{"line":35,"column":36},"end":{"line":46,"column":3}},"line":35},"5":{"name":"(anonymous_5)","decl":{"start":{"line":48,"column":30},"end":{"line":48,"column":31}},"loc":{"start":{"line":48,"column":43},"end":{"line":51,"column":3}},"line":48},"6":{"name":"(anonymous_6)","decl":{"start":{"line":61,"column":34},"end":{"line":61,"column":35}},"loc":{"start":{"line":62,"column":14},"end":{"line":78,"column":20}},"line":62},"7":{"name":"(anonymous_7)","decl":{"start":{"line":67,"column":25},"end":{"line":67,"column":26}},"loc":{"start":{"line":67,"column":31},"end":{"line":70,"column":17}},"line":67},"8":{"name":"(anonymous_8)","decl":{"start":{"line":82,"column":42},"end":{"line":82,"column":43}},"loc":{"start":{"line":82,"column":48},"end":{"line":82,"column":69}},"line":82}},"branchMap":{"0":{"loc":{"start":{"line":8,"column":53},"end":{"line":8,"column":68}},"type":"default-arg","locations":[{"start":{"line":8,"column":64},"end":{"line":8,"column":68}}],"line":8},"1":{"loc":{"start":{"line":25,"column":8},"end":{"line":30,"column":9}},"type":"binary-expr","locations":[{"start":{"line":25,"column":8},"end":{"line":27,"column":9}},{"start":{"line":28,"column":8},"end":{"line":30,"column":9}}],"line":25},"2":{"loc":{"start":{"line":25,"column":9},"end":{"line":25,"column":42}},"type":"binary-expr","locations":[{"start":{"line":25,"column":9},"end":{"line":25,"column":36}},{"start":{"line":25,"column":40},"end":{"line":25,"column":42}}],"line":25},"3":{"loc":{"start":{"line":26,"column":11},"end":{"line":26,"column":33}},"type":"binary-expr","locations":[{"start":{"line":26,"column":11},"end":{"line":26,"column":27}},{"start":{"line":26,"column":31},"end":{"line":26,"column":33}}],"line":26},"4":{"loc":{"start":{"line":28,"column":9},"end":{"line":28,"column":43}},"type":"binary-expr","locations":[{"start":{"line":28,"column":9},"end":{"line":28,"column":37}},{"start":{"line":28,"column":41},"end":{"line":28,"column":43}}],"line":28},"5":{"loc":{"start":{"line":29,"column":11},"end":{"line":29,"column":33}},"type":"binary-expr","locations":[{"start":{"line":29,"column":11},"end":{"line":29,"column":27}},{"start":{"line":29,"column":31},"end":{"line":29,"column":33}}],"line":29},"6":{"loc":{"start":{"line":41,"column":6},"end":{"line":41,"column":29}},"type":"if","locations":[{"start":{"line":41,"column":6},"end":{"line":41,"column":29}},{"start":{},"end":{}}],
[...]
}},"61":{"start":{"line":141,"column":17},"end":{"line":141,"column":29}},"62":{"start":{"line":143,"column":20},"end":{"line":146,"column":7}},"63":{"start":{"line":144,"column":26},"end":{"line":144,"column":53}},"64":{"start":{"line":147,"column":6},"end":{"line":147,"column":32}},"65":{"start":{"line":149,"column":6},"end":{"line":149,"column":72}},"66":{"start":{"line":153,"column":28},"end":{"line":173,"column":3}},"67":{"start":{"line":154,"column":22},"end":{"line":162,"column":16}},"68":{"start":{"line":155,"column":19},"end":{"line":155,"column":29}},"69":{"start":{"line":156,"column":6},"end":{"line":156,"column":39}},"70":{"start":{"line":157,"column":6},"end":{"line":161,"column":8}},"71":{"start":{"line":164,"column":4},"end":{"line":170,"column":7}},"72":{"start":{"line":165,"column":22},"end":{"line":165,"column":50}},"73":{"start":{"line":166,"column":22},"end":{"line":166,"column":65}},"74":{"start":{"line":166,"column":44},"end":{"line":166,"column":64}},"75":{"start":{"line":167,"column":6},"end":{"line":169,"column":7}},"76":{"start":{"line":168,"column":8},"end":{"line":168,"column":24}},"77":{"start":{"line":172,"column":4},"end":{"line":172,"column":21}},"78":{"start":{"line":175,"column":2},"end":{"line":184,"column":9}},"79":{"start":{"line":176,"column":21},"end":{"line":181,"column":5}},"80":{"start":{"line":177,"column":6},"end":{"line":177,"column":45}},"81":{"start":{"line":178,"column":6},"end":{"line":178,"column":32}},"82":{"start":{"line":179,"column":6},"end":{"line":179,"column":28}},"83":{"start":{"line":180,"column":6},"end":{"line":180,"column":35}},"84":{"start":{"line":183,"column":4},"end":{"line":183,"column":15}},"85":{"start":{"line":186,"column":2},"end":{"line":295,"column":4}},"86":{"start":{"line":228,"column":24},"end":{"line":238,"column":29}},"87":{"start":{"line":267,"column":24},"end":{"line":284,"column":29}}},"fnMap":{"0":{"name":"(anonymous_0)","decl":{"start":{"line":8,"column":25},"end":{"line":8,"column":26}},"loc":{"start":{"line":8,"column":51},"end":{"line":296,"column":1}},"line":8},"1":{"name":"(anonymous_1)","decl":{"start":{"line":16,"column":19},"end":{"line":16,"column":20}},"loc":{"start":{"line":16,"column":25},"end":{"line":27,"column":3}},"line":16},"2":{"name":"(anonymous_2)","decl":{"start":{"line":29,"column":39},"end":{"line":29,"column":40}},"loc":{"start":{"line":29,"column":45},"end":{"line":44,"column":3}},"line":29},"3":{"name":"(anonymous_3)","decl":{"start":{"line":32,"column":31},"end":{"line":32,"column":32}},"loc":{"start":{"line":32,"column":46},"end":{"line":43,"column":5}},"line":32},"4":{"name":"(anonymous_4)","decl":{"start":{"line":46,"column":35},"end":{"line":46,"column":36}},"loc":{"start":{"line":46,"column":41},"end":{"line":58,"column":3}},"line":46},"5":{"name":"(anonymous_5)","decl":{"start":{"line":49,"column":31},"end":{"line":49,"column":32}},"loc":{"start":{"line":49,"column":42},"end":{"line":57,"column":5}},"line":49},"6":{"name":"(anonymous_6)","decl":{"start":{"line":61,"column":23},"end":{"line":61,"column":24}},"loc":{"start":{"line":61,"column":29},"end":{"line":64,"column":3}},"line":61},"7":{"name":"(anonymous_7)","decl":{"start":{"line":66,"column":41},"end":{"line":66,"column":42}},"loc":{"start":{"line":66,"column":53},"end":{"line":102,"column":3}},"line":66},"8":{"name":"(anonymous_8)","decl":{"start":{"line":104,"column":28},"end":{"line":104,"column":29}},"loc":{"start":{"line":104,"column":40},"end":{"line":116,"column":3}},"line":104},"9":{"name":"(anonymous_9)","decl":{"start":{"line":118,"column":24},"end":{"line":118,"column":25}},"loc":{"start":{"line":118,"column":36},"end":{"line":131,"column":3}},"line":118},"10":{"name":"(anonymous_10)","decl":{"start":{"line":133,"column":31},"end":{"line":133,"column":32}},"loc":{"start":{"line":133,"column":43},"end":{"line":151,"column":3}},"line":133},"11":{"name":"(anonymous_11)","decl":{"start":{"line":144,"column":8},"end":{"line":144,"column":9}},"loc":{"start":{"line":144,"column":26},"end":{"line":144,"column":53}},"line":144},"12":{"name":"(anonymous_12)","decl":{"start":{"line":153,"column":28},"end":{"line":153,"column":29}},"loc":{"start":{"line":153,"column":46},"end":{"line":173,"column":3}},"line":153},"13":{"name":"(anonymous_13)","decl":{"start":{"line":154,"column":48},"end":{"line":154,"column":49}},"loc":{"start":{"line":154,"column":58},"end":{"line":162,"column":5}},"line":154},"14":{"name":"(anonymous_14)","decl":{"start":{"line":164,"column":26},"end":{"line":164,"column":27}},"loc":{"start":{"line":164,"column":33},"end":{"line":170,"column":5}},"line":164},"15":{"name":"(anonymous_15)","decl":{"start":{"line":166,"column":37},"end":{"line":166,"column":38}},"loc":{"start":{"line":166,"column":44},"end":{"line":166,"column":64}},"line":166},"16":{"name":"(anonymous_16)","decl":{"start":{"line":175,"column":12},"end":{"line":175,"column":13}},"loc":{"start":{"line":175,"column":18},"end":{"line":184,"column":3}},"line":175},"17":{"name":"(anonymous_17)","decl":{"start":{"line":176,"column":21},"end":{"line":176,"column":22}},"loc":{"start":{"line":176,"column":33},"end":{"line":181,"column":5}},"line":176},"18":{"name":"(anonymous_18)","decl":{"start":{"line":227,"column":48},"end":{"line":227,"column":49}},"loc":{"start":{"line":228,"column":24},"end":{"line":238,"column":29}},"line":228},"19":{"name":"(anonymous_19)","decl":{"start":{"line":266,"column":44},"end":{"line":266,"column":45}},"loc":{"start":{"line":267,"column":24},"end":{"line":284,"column":29}},"line":267}},"branchMap":{"0":{"loc":{"start":{"line":30,"column":4},"end":{"line":30,"column":47}},"type":"if","locations":[{"start":{"line":30,"column":4},"end":{"line":30,"column":47}},{"start":{},"end":{}}],"line":30},"1":{"loc":{"start":{"line":38,"column":8},"end":{"line":41,"column":36}},"type":"binary-expr","locations":[{"start":{"line":38,"column":8},"end":{"line":38,"column":54}},{"start":{"line":39,"column":8},"end":{"line":39,"column":60}},{"start":{"line":40,"column":8},"end":{"line":40,"column":38}},{"start":{"line":41,"column":8},"end":{"line":41,"column":36}}],"line":38},"2":{"loc":{"start":{"line":47,"column":4},"end":{"line":47,"column":47}},"type":"if","locations":[{"start":{"line":47,"column":4},"end":{"line":47,"column":47}},{"start":{},"end":{}}],"line":47},"3":{"loc":{"start":{"line":53,"column":8},"end":{"line":55,"column":58}},"type":"binary-expr","locations":[{"start":{"line":53,"column":8},"end":{"line":53,"column":58}},{"start":{"line":54,"column":8},"end":{"line":54,"column":58}},{"start":{"line":55,"column":8},"end":{"line":55,"column":58}}],"line":53},"4":{"loc":{"start":{"line":76,"column":6},"end":{"line":76,"column":39}},"type":"if","locations":[{"start":{"line":76,"column":6},"end":{"line":76,"column":39}},{"start":{},"end":{}}],"line":76},"5":{"loc":{"start":{"line":84,"column":6},"end":{"line":84,"column":45}},"type":"if","locations":[{"start":{"line":84,"column":6},"end":{"line":84,"column":45}},{"start":{},"end":{}}],"line":84},"6":{"loc":{"start":{"line":86,"column":25},"end":{"line":86,"column":47}},"type":"binary-expr","locations":[{"start":{"line":86,"column":25},"end":{"line":86,"column":42}},{"start":{"line":86,"column":46},"end":{"line":86,"column":47}}],"line":86},"7":{"loc":{"start":{"line":87,"column":28},"end":{"line":87,"column":53}},"type":"binary-expr","locations":[{"start":{"line":87,"column":28},"end":{"line":87,"column":48}},{"start":{"line":87,"column":52},"end":{"line":87,"column":53}}],"line":87},"8":{"loc":{"start":{"line":110,"column":6},"end":{"line":110,"column":29}},"type":"if","locations":[{"start":{"line":110,"column":6},"end":{"line":110,"column":29}},{"start":{},"end":{}}],"line":110},"9":{"loc":{"start":{"line":126,"column":6},"end":{"line":126,"column":29}},"type":"if","locations":[{"start":{"line":126,"column":6},"end":{"line":126,"column":29}},{"start":{},"end":{}}],"line":126},"10":{"loc":{"start":{"line":141,"column":6},"end":{"line":141,"column":29}},"type":"if","locations":[{"start":{"line":141,"column":6},"end":{"line":141,"column":29}},{"start":{},"end":{}}],"line":141},"11":{"loc":{"start":{"line":167,"column":6},"end":{"line":169,"column":7}},"type":"if","locations":[{"start":{"line":167,"column":6},"end":{"line":169,"column":7}},{"start":{},"end":{}}],"line":167},"12":{"loc":{"start":{"line":193,"column":18},"end":{"line":193,"column":46}},"type":"binary-expr","locations":[{"start":{"line":193,"column":18},"end":{"line":193,"column":40}},{"start":{"line":193,"column":44},"end":{"line":193,"column":46}}],"line":193},"13":{"loc":{"start":{"line":195,"column":19},"end":{"line":195,"column":47}},"type":"binary-expr","locations":[{"start":{"line":195,"column":19},"end":{"line":195,"column":42}},{"start":{"line":195,"column":46},"end":{"line":195,"column":47}}],"line":195},"14":{"loc":{"start":{"line":198,"column":18},"end":{"line":198,"column":49}},"type":"binary-expr","locations":[{"start":{"line":198,"column":18},"end":{"line":198,"column":43}},{"start":{"line":198,"column":47},"end":{"line":198,"column":49}}],"line":198},"15":{"loc":{"start":{"line":200,"column":19},"end":{"line":200,"column":50}},"type":"binary-expr","locations":[{"start":{"line":200,"column":19},"end":{"line":200,"column":45}},{"start":{"line":200,"column":49},"end":{"line":200,"column":50}}],"line":200},"16":{"loc":{"start":{"line":211,"column":17},"end":{"line":242,"column":17}},"type":"cond-expr","locations":[{"start":{"line":212,"column":18},"end":{"line":214,"column":24}},{"start":{"line":216,"column":18},"end":{"line":241,"column":26}}],"line":211},"17":{"loc":{"start":{"line":211,"column":17},"end":{"line":211,"column":70}},"type":"binary-expr","locations":[{"start":{"line":211,"column":17},"end":{"line":211,"column":50}},{"start":{"line":211,"column":54},"end":{"line":211,"column":70}}],"line":211},"18":{"loc":{"start":{"line":249,"column":17},"end":{"line":288,"column":17}},"type":"cond-expr","locations":[{"start":{"line":250,"column":18},"end":{"line":252,"column":24}},{"start":{"line":254,"column":18},"end":{"line":287,"column":26}}],"line":249},"19":{"loc":{"start":{"line":249,"column":17},"end":{"line":249,"column":66}},"type":"binary-expr","locations":[{"start":{"line":249,"column":17},"end":{"line":249,"column":46}},{"start":{"line":249,"column":50},"end":{"line":249,"column":66}}],"line":249}},"s":{"0":0,"1":0,"2":0,"3":0,"4":0,"5":0,"6":0,"7":0,"8":0,"9":0,"10":0,"11":0,"12":0,"13":0,"14":0,"15":0,"16":0,"17":0,"18":0,"19":0,"20":0,"21":0,"22":0,"23":0,"24":0,"25":0,"26":0,"27":0,"28":0,"29":0,"30":0,"31":0,"32":0,"33":0,"34":0,"35":0,"36":0,"37":0,"38":0,"39":0,"40":0,"41":0,"42":0,"43":0,"44":0,"45":0,"46":0,"47":0,"48":0,"49":0,"50":0,"51":0,"52":0,"53":0,"54":0,"55":0,"56":0,"57":0,"58":0,"59":0,"60":0,"61":0,"62":0,"63":0,"64":0,"65":0,"66":0,"67":0,"68":0,"69":0,"70":0,"71":0,"72":0,"73":0,"74":0,"75":0,"76":0,"77":0,"78":0,"79":0,"80":0,"81":0,"82":0,"83":0,"84":0,"85":0,"86":0,"87":0},"f":{"0":0,"1":0,"2":0,"3":0,"4":0,"5":0,"6":0,"7":0,"8":0,"9":0,"10":0,"11":0,"12":0,"13":0,"14":0,"15":0,"16":0,"17":0,"18":0,"19":0},"b":{"0":[0,0],"1":[0,0,0,0],"2":[0,0],"3":[0,0,0],"4":[0,0],"5":[0,0],"6":[0,0],"7":[0,0],"8":[0,0],"9":[0,0],"10":[0,0],"11":[0,0],"12":[0,0],"13":[0,0],"14":[0,0],"15":[0,0],"16":[0,0],"17":[0,0],"18":[0,0],"19":[0,0]}}
,"C:\\Users\\ricky\\Documents\\Capstone_VillageTech\\client\\src\\pages\\reporting\\financialReports\\TotalSalesCard.js": {"path":"C:\\Users\\ricky\\Documents\\Capstone_VillageTech\\client\\src\\pages\\reporting\\financialReports\\TotalSalesCard.js","statementMap":{"0":{"start":{"line":5,"column":23},"end":{"line":18,"column":1}},"1":{"start":{"line":6,"column":2},"end":{"line":17,"column":4}}},"fnMap":{"0":{"name":"(anonymous_0)","decl":{"start":{"line":5,"column":23},"end":{"line":5,"column":24}},"loc":{"start":{"line":5,"column":43},"end":{"line":18,"column":1}},"line":5}},"branchMap":{},"s":{"0":0,"1":0},"f":{"0":0},"b":{}}
,"C:\\Users\\ricky\\Documents\\Capstone_VillageTech\\client\\src\\pages\\reporting\\reportHistory\\ReportHistory.js": {"path":"C:\\Users\\ricky\\Documents\\Capstone_VillageTech\\client\\src\\pages\\reporting\\reportHistory\\ReportHistory.js","statementMap":{"0":{"start":{"line":11,"column":22},"end":{"line":133,"column":1}},"1":{"start":{"line":12,"column":32},"end":{"line":12,"column":44}},"2":{"start":{"line":13,"column":46},"end":{"line":13,"column":60}},"3":{"start":{"line":14,"column":42},"end":{"line":14,"column":57}},"4":{"start":{"line":15,"column":32},"end":{"line":15,"column":46}},"5":{"start":{"line":16,"column":28},"end":{"line":16,"column":42}},"6":{"start":{"line":17,"column":19},"end":{"line":17,"column":38}},"7":{"start":{"line":19,"column":2},"end":{"line":21,"column":9}},"8":{"start":{"line":20,"column":4},"end":{"line":20,"column":19}},"9":{"start":{"line":23,"column":23},"end":{"line":41,"column":3}},"10":{"start":{"line":24,"column":4},"end":{"line":40,"column":5}},"11":{"start":{"line":25,"column":6},"end":{"line":25,"column":23}},"12":{"start":{"line":26,"column":30},"end":{"line":29,"column":44}},"13":{"start":{"line":31,"column":6},"end":{"line":31,"column":29}},"14":{"start":{"line":31,"column":17},"end":{"line":31,"column":29}},"15":{"start":{"line":33,"column":6},"end":{"line":33,"column":44}},"16":{"start":{"line":34,"column":6},"end":{"line":34,"column":29}},"17":{"start":{"line":36,"column":6},"end":{"line":36,"column":54}},"18":{"start":{"line":37,"column":6},"end":{"line":37,"column":67}},"19":{"start":{"line":39,"column":6},"end":{"line":39,"column":24}},"20":{"start":{"line":43,"column":27},"end":{"line":46,"column":3}},"21":{"start":{"line":44,"column":4},"end":{"line":44,"column":30}},"22":{"start":{"line":45,"column":4},"end":{"line":45,"column":26}},"23":{"start":{"line":48,"column":28},"end":{"line":51,"column":3}},"24":{"start":{"line":49,"column":4},"end":{"line":49,"column":27}},"25":{"start":{"line":50,"column":4},"end":{"line":50,"column":28}},"26":{"start":{"line":53,"column":26},"end":{"line":73,"column":33}},"27":{"start":{"line":54,"column":4},"end":{"line":54,"column":42}},"28":{"start":{"line":54,"column":27},"end":{"line":54,"column":42}},"29":{"start":{"line":56,"column":4},"end":{"line":72,"column":7}},"30":{"start":{"line":57,"column":25},"end":{"line":57,"column":55}},"31":{"start":{"line":58,"column":25},"end":{"line":58,"column":81}},"32":{"start":{"line":59,"column":24},"end":{"line":59,"column":82}},"33":{"start":{"line":61,"column":27},"end":{"line":63,"column":49}},"34":{"start":{"line":65,"column":6},"end":{"line":68,"column":7}},"35":{"start":{"line":66,"column":8},"end":{"line":67,"column":46}},"36":{"start":{"line":70,"column":6},"end":{"line":71,"column":44}},"37":{"start":{"line":75,"column":2},"end":{"line":132,"column":4}},"38":{"start":{"line":104,"column":18},"end":{"line":116,"column":29}},"39":{"start":{"line":111,"column":39},"end":{"line":111,"column":63}}},"fnMap":{"0":{"name":"(anonymous_0)","decl":{"start":{"line":11,"column":22},"end":{"line":11,"column":23}},"loc":{"start":{"line":11,"column":48},"end":{"line":133,"column":1}},"line":11},"1":{"name":"(anonymous_1)","decl":{"start":{"line":19,"column":12},"end":{"line":19,"column":13}},"loc":{"start":{"line":19,"column":18},"end":{"line":21,"column":3}},"line":19},"2":{"name":"(anonymous_2)","decl":{"start":{"line":23,"column":23},"end":{"line":23,"column":24}},"loc":{"start":{"line":23,"column":35},"end":{"line":41,"column":3}},"line":23},"3":{"name":"(anonymous_3)","decl":{"start":{"line":43,"column":27},"end":{"line":43,"column":28}},"loc":{"start":{"line":43,"column":39},"end":{"line":46,"column":3}},"line":43},"4":{"name":"(anonymous_4)","decl":{"start":{"line":48,"column":28},"end":{"line":48,"column":29}},"loc":{"start":{"line":48,"column":34},"end":{"line":51,"column":3}},"line":48},"5":{"name":"(anonymous_5)","decl":{"start":{"line":53,"column":34},"end":{"line":53,"column":35}},"loc":{"start":{"line":53,"column":40},"end":{"line":73,"column":3}},"line":53},"6":{"name":"(anonymous_6)","decl":{"start":{"line":56,"column":26},"end":{"line":56,"column":27}},"loc":{"start":{"line":56,"column":36},"end":{"line":72,"column":5}},"line":56},"7":{"name":"(anonymous_7)","decl":{"start":{"line":103,"column":37},"end":{"line":103,"column":38}},"loc":{"start":{"line":104,"column":18},"end":{"line":116,"column":29}},"line":104},"8":{"name":"(anonymous_8)","decl":{"start":{"line":111,"column":33},"end":{"line":111,"column":34}},"loc":{"start":{"line":111,"column":39},"end":{"line":111,"column":63}},"line":111}},"branchMap":{"0":{"loc":{"start":{"line":31,"column":6},"end":{"line":31,"column":29}},"type":"if","locations":[{"start":{"line":31,"column":6},"end":{"line":31,"column":29}},{"start":{},"end":{}}],"line":31},"1":{"loc":{"start":{"line":34,"column":17},"end":{"line":34,"column":27}},"type":"binary-expr","locations":[{"start":{"line":34,"column":17},"end":{"line":34,"column":21}},{"start":{"line":34,"column":25},"end":{"line":34,"column":27}}],"line":34},"2":{"loc":{"start":{"line":54,"column":4},"end":{"line":54,"column":42}},"type":"if","locations":[{"start":{"line":54,"column":4},"end":{"line":54,"column":42}},{"start":{},"end":{}}],"line":54},"3":{"loc":{"start":{"line":61,"column":27},"end":{"line":63,"column":49}},"type":"binary-expr","locations":[{"start":{"line":61,"column":27},"end":{"line":61,"column":57}},{"start":{"line":62,"column":25},"end":{"line":62,"column":49}},{"start":{"line":63,"column":25},"end":{"line":63,"column":49}}],"line":61},"4":{"loc":{"start":{"line":65,"column":6},"end":{"line":68,"column":7}},"type":"if","locations":[{"start":{"line":65,"column":6},"end":{"line":68,"column":7}},{"start":{},"end":{}}],"line":65},"5":{"loc":{"start":{"line":66,"column":15},"end":{"line":67,"column":45}},"type":"binary-expr","locations":[{"start":{"line":66,"column":15},"end":{"line":66,"column":46}},{"start":{"line":67,"column":15},"end":{"line":67,"column":45}}],"line":66},"6":{"loc":{"start":{"line":70,"column":13},"end":{"line":71,"column":43}},"type":"binary-expr","locations":[{"start":{"line":70,"column":13},"end":{"line":70,"column":44}},{"start":{"line":71,"column":13},"end":{"line":71,"column":43}}],"line":70},"7":{"loc":{"start":{"line":80,"column":9},"end":{"line":121,"column":9}},"type":"cond-expr","locations":[{"start":{"line":81,"column":10},"end":{"line":81,"column":30}},{"start":{"line":82,"column":12},"end":{"line":121,"column":9}}],"line":80},"8":{"loc":{"start":{"line":82,"column":12},"end":{"line":121,"column":9}},"type":"cond-expr","locations":[{"start":{"line":83,"column":10},"end":{"line":83,"column":56}},{"start":{"line":84,"column":12},"end":{"line":121,"column":9}}],"line":82},"9":{"loc":{"start":{"line":84,"column":12},"end":{"line":121,"column":9}},"type":"cond-expr","locations":[{"start":{"line":85,"column":10},"end":{"line":91,"column":16}},{"start":{"line":93,"column":10},"end":{"line":120,"column":27}}],"line":84},"10":{"loc":{"start":{"line":86,"column":13},"end":{"line":90,"column":13}},"type":"cond-expr","locations":[{"start":{"line":87,"column":14},"end":{"line":87,"column":37}},{"start":{"line":89,"column":14},"end":{"line":89,"column":63}}],"line":86},"11":{"loc":{"start":{"line":122,"column":9},"end":{"line":129,"column":9}},"type":"binary-expr","locations":[{"start":{"line":122,"column":9},"end":{"line":122,"column":21}},{"start":{"line":123,"column":10},"end":{"line":128,"column":12}}],"line":122}},"s":{"0":0,"1":0,"2":0,"3":0,"4":0,"5":0,"6":0,"7":0,"8":0,"9":0,"10":0,"11":0,"12":0,"13":0,"14":0,"15":0,"16":0,"17":0,"18":0,"19":0,"20":0,"21":0,"22":0,"23":0,"24":0,"25":0,"26":0,"27":0,"28":0,"29":0,"30":0,"31":0,"32":0,"33":0,"34":0,"35":0,"36":0,"37":0,"38":0,"39":0},"f":{"0":0,"1":0,"2":0,"3":0,"4":0,"5":0,"6":0,"7":0,"8":0},"b":{"0":[0,0],"1":[0,0],"2":[0,0],"3":[0,0,0],"4":[0,0],"5":[0,0],"6":[0,0],"7":[0,0],"8":[0,0],"9":[0,0],"10":[0,0],"11":[0,0]}}
}
