{"E:\\Capstone_VillageTech\\client\\src\\App.js": {"path":"E:\\Capstone_VillageTech\\client\\src\\App.js","statementMap":{"0":{"start":{"line":28,"column":22},"end":{"line":28,"column":78}},"1":{"start":{"line":31,"column":2},"end":{"line":66,"column":4}}},"fnMap":{"0":{"name":"App","decl":{"start":{"line":30,"column":9},"end":{"line":30,"column":12}},"loc":{"start":{"line":30,"column":15},"end":{"line":67,"column":1}},"line":30}},"branchMap":{},"s":{"0":0,"1":0},"f":{"0":0},"b":{}}
,"E:\\Capstone_VillageTech\\client\\src\\Layout.js": {"path":"E:\\Capstone_VillageTech\\client\\src\\Layout.js","statementMap":{"0":{"start":{"line":25,"column":15},"end":{"line":295,"column":1}},"1":{"start":{"line":26,"column":28},"end":{"line":26,"column":45}},"2":{"start":{"line":27,"column":40},"end":{"line":27,"column":60}},"3":{"start":{"line":28,"column":50},"end":{"line":28,"column":62}},"4":{"start":{"line":29,"column":54},"end":{"line":29,"column":65}},"5":{"start":{"line":30,"column":50},"end":{"line":30,"column":64}},"6":{"start":{"line":31,"column":19},"end":{"line":31,"column":32}},"7":{"start":{"line":32,"column":19},"end":{"line":32,"column":32}},"8":{"start":{"line":33,"column":19},"end":{"line":33,"column":38}},"9":{"start":{"line":34,"column":18},"end":{"line":34,"column":30}},"10":{"start":{"line":36,"column":2},"end":{"line":40,"column":16}},"11":{"start":{"line":37,"column":4},"end":{"line":39,"column":5}},"12":{"start":{"line":38,"column":6},"end":{"line":38,"column":30}},"13":{"start":{"line":42,"column":32},"end":{"line":55,"column":3}},"14":{"start":{"line":43,"column":4},"end":{"line":54,"column":5}},"15":{"start":{"line":44,"column":30},"end":{"line":48,"column":17}},"16":{"start":{"line":50,"column":6},"end":{"line":50,"column":29}},"17":{"start":{"line":50,"column":17},"end":{"line":50,"column":29}},"18":{"start":{"line":51,"column":6},"end":{"line":51,"column":32}},"19":{"start":{"line":53,"column":6},"end":{"line":53,"column":65}},"20":{"start":{"line":57,"column":2},"end":{"line":78,"column":44}},"21":{"start":{"line":58,"column":4},"end":{"line":58,"column":34}},"22":{"start":{"line":58,"column":27},"end":{"line":58,"column":34}},"23":{"start":{"line":60,"column":20},"end":{"line":64,"column":6}},"24":{"start":{"line":66,"column":4},"end":{"line":73,"column":19}},"25":{"start":{"line":69,"column":8},"end":{"line":71,"column":9}},"26":{"start":{"line":70,"column":10},"end":{"line":70,"column":50}},"27":{"start":{"line":70,"column":40},"end":{"line":70,"column":48}},"28":{"start":{"line":75,"column":4},"end":{"line":77,"column":6}},"29":{"start":{"line":76,"column":6},"end":{"line":76,"column":38}},"30":{"start":{"line":80,"column":2},"end":{"line":84,"column":26}},"31":{"start":{"line":81,"column":4},"end":{"line":83,"column":5}},"32":{"start":{"line":82,"column":6},"end":{"line":82,"column":31}},"33":{"start":{"line":86,"column":2},"end":{"line":89,"column":9}},"34":{"start":{"line":87,"column":18},"end":{"line":87,"column":69}},"35":{"start":{"line":87,"column":36},"end":{"line":87,"column":62}},"36":{"start":{"line":88,"column":4},"end":{"line":88,"column":38}},"37":{"start":{"line":88,"column":17},"end":{"line":88,"column":37}},"38":{"start":{"line":91,"column":21},"end":{"line":99,"column":3}},"39":{"start":{"line":92,"column":17},"end":{"line":92,"column":37}},"40":{"start":{"line":93,"column":4},"end":{"line":98,"column":7}},"41":{"start":{"line":100,"column":32},"end":{"line":105,"column":3}},"42":{"start":{"line":106,"column":28},"end":{"line":116,"column":3}},"43":{"start":{"line":118,"column":27},"end":{"line":123,"column":3}},"44":{"start":{"line":125,"column":22},"end":{"line":127,"column":3}},"45":{"start":{"line":126,"column":4},"end":{"line":126,"column":51}},"46":{"start":{"line":129,"column":29},"end":{"line":131,"column":3}},"47":{"start":{"line":130,"column":4},"end":{"line":130,"column":40}},"48":{"start":{"line":133,"column":28},"end":{"line":167,"column":3}},"49":{"start":{"line":134,"column":4},"end":{"line":166,"column":5}},"50":{"start":{"line":135,"column":6},"end":{"line":135,"column":63}},"51":{"start":{"line":136,"column":11},"end":{"line":166,"column":5}},"52":{"start":{"line":137,"column":6},"end":{"line":137,"column":25}},"53":{"start":{"line":138,"column":11},"end":{"line":166,"column":5}},"54":{"start":{"line":139,"column":6},"end":{"line":139,"column":63}},"55":{"start":{"line":140,"column":11},"end":{"line":166,"column":5}},"56":{"start":{"line":141,"column":6},"end":{"line":141,"column":31}},"57":{"start":{"line":142,"column":11},"end":{"line":166,"column":5}},"58":{"start":{"line":143,"column":6},"end":{"line":143,"column":62}},"59":{"start":{"line":144,"column":11},"end":{"line":166,"column":5}},"60":{"start":{"line":145,"column":6},"end":{"line":145,"column":28}},"61":{"start":{"line":146,"column":11},"end":{"line":166,"column":5}},"62":{"start":{"line":147,"column":6},"end":{"line":147,"column":65}},"63":{"start":{"line":148,"column":11},"end":{"line":166,"column":5}},"64":{"start":{"line":149,"column":6},"end":{"line":149,"column":27}},"65":{"start":{"line":150,"column":11},"end":{"line":166,"column":5}},"66":{"start":{"line":151,"column":6},"end":{"line":151,"column":30}},"67":{"start":{"line":152,"column":11},"end":{"line":166,"column":5}},"68":{"start":{"line":153,"column":6},"end":{"line":153,"column":21}},"69":{"start":{"line":154,"column":11},"end":{"line":166,"column":5}},"70":{"start":{"line":155,"column":6},"end":{"line":155,"column":27}},"71":{"start":{"line":156,"column":11},"end":{"line":166,"column":5}},"72":{"start":{"line":157,"column":6},"end":{"line":157,"column":28}},"73":{"start":{"line":158,"column":11},"end":{"line":166,"column":5}},"74":{"start":{"line":159,"column":6},"end":{"line":159,"column":26}},"75":{"start":{"line":160,"column":11},"end":{"line":166,"column":5}},"76":{"start":{"line":161,"column":6},"end":{"line":161,"column":34}},"77":{"start":{"line":162,"column":11},"end":{"line":166,"column":5}},"78":{"start":{"line":163,"column":6},"end":{"line":163,"column":31}},"79":{"start":{"line":164,"column":11},"end":{"line":166,"column":5}},"80":{"start":{"line":165,"column":6},"end":{"line":165,"column":26}},"81":{"start":{"line":169,"column":28},"end":{"line":198,"column":3}},"82":{"start":{"line":170,"column":21},"end":{"line":187,"column":5}},"83":{"start":{"line":171,"column":6},"end":{"line":182,"column":7}},"84":{"start":{"line":172,"column":8},"end":{"line":181,"column":38}},"85":{"start":{"line":183,"column":6},"end":{"line":185,"column":7}},"86":{"start":{"line":184,"column":8},"end":{"line":184,"column":58}},"87":{"start":{"line":186,"column":6},"end":{"line":186,"column":38}},"88":{"start":{"line":190,"column":4},"end":{"line":197,"column":6}},"89":{"start":{"line":199,"column":2},"end":{"line":294,"column":4}}},"fnMap":{"0":{"name":"(anonymous_0)","decl":{"start":{"line":25,"column":15},"end":{"line":25,"column":16}},"loc":{"start":{"line":25,"column":21},"end":{"line":295,"column":1}},"line":25},"1":{"name":"(anonymous_1)","decl":{"start":{"line":36,"column":12},"end":{"line":36,"column":13}},"loc":{"start":{"line":36,"column":18},"end":{"line":40,"column":3}},"line":36},"2":{"name":"(anonymous_2)","decl":{"start":{"line":42,"column":32},"end":{"line":42,"column":33}},"loc":{"start":{"line":42,"column":44},"end":{"line":55,"column":3}},"line":42},"3":{"name":"(anonymous_3)","decl":{"start":{"line":57,"column":12},"end":{"line":57,"column":13}},"loc":{"start":{"line":57,"column":18},"end":{"line":78,"column":3}},"line":57},"4":{"name":"(anonymous_4)","decl":{"start":{"line":67,"column":49},"end":{"line":67,"column":50}},"loc":{"start":{"line":67,"column":66},"end":{"line":72,"column":7}},"line":67},"5":{"name":"(anonymous_5)","decl":{"start":{"line":70,"column":32},"end":{"line":70,"column":33}},"loc":{"start":{"line":70,"column":40},"end":{"line":70,"column":48}},"line":70},"6":{"name":"(anonymous_6)","decl":{"start":{"line":75,"column":11},"end":{"line":75,"column":12}},"loc":{"start":{"line":75,"column":17},"end":{"line":77,"column":5}},"line":75},"7":{"name":"(anonymous_7)","decl":{"start":{"line":80,"column":12},"end":{"line":80,"column":13}},"loc":{"start":{"line":80,"column":18},"end":{"line":84,"column":3}},"line":80},"8":{"name":"(anonymous_8)","decl":{"start":{"line":86,"column":12},"end":{"line":86,"column":13}},"loc":{"start":{"line":86,"column":18},"end":{"line":89,"column":3}},"line":86},"9":{"name":"(anonymous_9)","decl":{"start":{"line":87,"column":30},"end":{"line":87,"column":31}},"loc":{"start":{"line":87,"column":36},"end":{"line":87,"column":62}},"line":87},"10":{"name":"(anonymous_10)","decl":{"start":{"line":88,"column":11},"end":{"line":88,"column":12}},"loc":{"start":{"line":88,"column":17},"end":{"line":88,"column":37}},"line":88},"11":{"name":"(anonymous_11)","decl":{"start":{"line":91,"column":21},"end":{"line":91,"column":22}},"loc":{"start":{"line":91,"column":37},"end":{"line":99,"column":3}},"line":91},"12":{"name":"(anonymous_12)","decl":{"start":{"line":125,"column":22},"end":{"line":125,"column":23}},"loc":{"start":{"line":125,"column":28},"end":{"line":127,"column":3}},"line":125},"13":{"name":"(anonymous_13)","decl":{"start":{"line":129,"column":29},"end":{"line":129,"column":30}},"loc":{"start":{"line":129,"column":36},"end":{"line":131,"column":3}},"line":129},"14":{"name":"(anonymous_14)","decl":{"start":{"line":133,"column":28},"end":{"line":133,"column":29}},"loc":{"start":{"line":133,"column":34},"end":{"line":167,"column":3}},"line":133},"15":{"name":"(anonymous_15)","decl":{"start":{"line":169,"column":28},"end":{"line":169,"column":29}},"loc":{"start":{"line":169,"column":48},"end":{"line":198,"column":3}},"line":169},"16":{"name":"(anonymous_16)","decl":{"start":{"line":170,"column":21},"end":{"line":170,"column":22}},"loc":{"start":{"line":170,"column":27},"end":{"line":187,"column":5}},"line":170}},"branchMap":{"0":{"loc":{"start":{"line":37,"column":4},"end":{"line":39,"column":5}},"type":"if","locations":[{"start":{"line":37,"column":4},"end":{"line":39,"column":5}},{"start":{},"end":{}}],"line":37},"1":{"loc":{"start":{"line":50,"column":6},"end":{"line":50,"column":29}},"type":"if","locations":[{"start":{"line":50,"column":6},"end":{"line":50,"column":29}},{"start":{},"end":{}}],"line":50},"2":{"loc":{"start":{"line":58,"column":4},"end":{"line":58,"column":34}},"type":"if","locations":[{"start":{"line":58,"column":4},"end":{"line":58,"column":34}},{"start":{},"end":{}}],"line":58},"3":{"loc":{"start":{"line":69,"column":8},"end":{"line":71,"column":9}},"type":"if","locations":[{"start":{"line":69,"column":8},"end":{"line":71,"column":9}},{"start":{},"end":{}}],"line":69},"4":{"loc":{"start":{"line":69,"column":12},"end":{"line":69,"column":98}},"type":"binary-expr","locations":[{"start":{"line":69,"column":12},"end":{"line":69,"column":61}},{"start":{"line":69,"column":65},"end":{"line":69,"column":98}}],"line":69},"5":{"loc":{"start":{"line":81,"column":4},"end":{"line":83,"column":5}},"type":"if","locations":[{"start":{"line":81,"column":4},"end":{"line":83,"column":5}},{"start":{},"end":{}}],"line":81},"6":{"loc":{"start":{"line":104,"column":21},"end":{"line":104,"column":65}},"type":"cond-expr","locations":[{"start":{"line":104,"column":40},"end":{"line":104,"column":49}},{"start":{"line":104,"column":52},"end":{"line":104,"column":65}}],"line":104},"7":{"loc":{"start":{"line":112,"column":21},"end":{"line":112,"column":65}},"type":"cond-expr","locations":[{"start":{"line":112,"column":40},"end":{"line":112,"column":49}},{"start":{"line":112,"column":52},"end":{"line":112,"column":65}}],"line":112},"8":{"loc":{"start":{"line":113,"column":11},"end":{"line":113,"column":49}},"type":"cond-expr","locations":[{"start":{"line":113,"column":30},"end":{"line":113,"column":37}},{"start":{"line":113,"column":40},"end":{"line":113,"column":49}}],"line":113},"9":{"loc":{"start":{"line":119,"column":11},"end":{"line":119,"column":49}},"type":"cond-expr","locations":[{"start":{"line":119,"column":30},"end":{"line":119,"column":37}},{"start":{"line":119,"column":40},"end":{"line":119,"column":49}}],"line":119},"10":{"loc":{"start":{"line":126,"column":13},"end":{"line":126,"column":49}},"type":"cond-expr","locations":[{"start":{"line":126,"column":33},"end":{"line":126,"column":39}},{"start":{"line":126,"column":42},"end":{"line":126,"column":49}}],"line":126},"11":{"loc":{"start":{"line":134,"column":4},"end":{"line":166,"column":5}},"type":"if","locations":[{"start":{"line":134,"column":4},"end":{"line":166,"column":5}},{"start":{"line":136,"column":11},"end":{"line":166,"column":5}}],"line":134},"12":{"loc":{"start":{"line":136,"column":11},"end":{"line":166,"column":5}},"type":"if","locations":[{"start":{"line":136,"column":11},"end":{"line":166,"column":5}},{"start":{"line":138,"column":11},"end":{"line":166,"column":5}}],"line":136},"13":{"loc":{"start":{"line":138,"column":11},"end":{"line":166,"column":5}},"type":"if","locations":[{"start":{"line":138,"column":11},"end":{"line":166,"column":5}},{"start":{"line":140,"column":11},"end":{"line":166,"column":5}}],"line":138},"14":{"loc":{"start":{"line":140,"column":11},"end":{"line":166,"column":5}},"type":"if","locations":[{"start":{"line":140,"column":11},"end":{"line":166,"column":5}},{"start":{"line":142,"column":11},"end":{"line":166,"column":5}}],"line":140},"15":{"loc":{"start":{"line":142,"column":11},"end":{"line":166,"column":5}},"type":"if","locations":[{"start":{"line":142,"column":11},"end":{"line":166,"column":5}},{"start":{"line":144,"column":11},"end":{"line":166,"column":5}}],"line":142},"16":{"loc":{"start":{"line":144,"column":11},"end":{"line":166,"column":5}},"type":"if","locations":[{"start":{"line":144,"column":11},"end":{"line":166,"column":5}},{"start":{"line":146,"column":11},"end":{"line":166,"column":5}}],"line":144},"17":{"loc":{"start":{"line":146,"column":11},"end":{"line":166,"column":5}},"type":"if","locations":[{"start":{"line":146,"column":11},"end":{"line":166,"column":5}},{"start":{"line":148,"column":11},"end":{"line":166,"column":5}}],"line":146},"18":{"loc":{"start":{"line":148,"column":11},"end":{"line":166,"column":5}},"type":"if","locations":[{"start":{"line":148,"column":11},"end":{"line":166,"column":5}},{"start":{"line":150,"column":11},"end":{"line":166,"column":5}}],"line":148},"19":{"loc":{"start":{"line":150,"column":11},"end":{"line":166,"column":5}},"type":"if","locations":[{"start":{"line":150,"column":11},"end":{"line":166,"column":5}},{"start":{"line":152,"column":11},"end":{"line":166,"column":5}}],"line":150},"20":{"loc":{"start":{"line":152,"column":11},"end":{"line":166,"column":5}},"type":"if","locations":[{"start":{"line":152,"column":11},"end":{"line":166,"column":5}},{"start":{"line":154,"column":11},"end":{"line":166,"column":5}}],"line":152},"21":{"loc":{"start":{"line":154,"column":11},"end":{"line":166,"column":5}},"type":"if","locations":[{"start":{"line":154,"column":11},"end":{"line":166,"column":5}},{"start":{"line":156,"column":11},"end":{"line":166,"column":5}}],"line":154},"22":{"loc":{"start":{"line":156,"column":11},"end":{"line":166,"column":5}},"type":"if","locations":[{"start":{"line":156,"column":11},"end":{"line":166,"column":5}},{"start":{"line":158,"column":11},"end":{"line":166,"column":5}}],"line":156},"23":{"loc":{"start":{"line":158,"column":11},"end":{"line":166,"column":5}},"type":"if","locations":[{"start":{"line":158,"column":11},"end":{"line":166,"column":5}},{"start":{"line":160,"column":11},"end":{"line":166,"column":5}}],"line":158},"24":{"loc":{"start":{"line":160,"column":11},"end":{"line":166,"column":5}},"type":"if","locations":[{"start":{"line":160,"column":11},"end":{"line":166,"column":5}},{"start":{"line":162,"column":11},"end":{"line":166,"column":5}}],"line":160},"25":{"loc":{"start":{"line":162,"column":11},"end":{"line":166,"column":5}},"type":"if","locations":[{"start":{"line":162,"column":11},"end":{"line":166,"column":5}},{"start":{"line":164,"column":11},"end":{"line":166,"column":5}}],"line":162},"26":{"loc":{"start":{"line":164,"column":11},"end":{"line":166,"column":5}},"type":"if","locations":[{"start":{"line":164,"column":11},"end":{"line":166,"column":5}},{"start":{},"end":{}}],"line":164},"27":{"loc":{"start":{"line":171,"column":6},"end":{"line":182,"column":7}},"type":"if","locations":[{"start":{"line":171,"column":6},"end":{"line":182,"column":7}},{"start":{},"end":{}}],"line":171},"28":{"loc":{"start":{"line":183,"column":6},"end":{"line":185,"column":7}},"type":"if","locations":[{"start":{"line":183,"column":6},"end":{"line":185,"column":7}},{"start":{},"end":{}}],"line":183},"29":{"loc":{"start":{"line":191,"column":21},"end":{"line":191,"column":47}},"type":"cond-expr","locations":[{"start":{"line":191,"column":34},"end":{"line":191,"column":42}},{"start":{"line":191,"column":45},"end":{"line":191,"column":47}}],"line":191},"30":{"loc":{"start":{"line":221,"column":18},"end":{"line":221,"column":67}},"type":"cond-expr","locations":[{"start":{"line":221,"column":54},"end":{"line":221,"column":62}},{"start":{"line":221,"column":65},"end":{"line":221,"column":67}}],"line":221},"31":{"loc":{"start":{"line":227,"column":19},"end":{"line":231,"column":19}},"type":"binary-expr","locations":[{"start":{"line":227,"column":19},"end":{"line":227,"column":41}},{"start":{"line":228,"column":20},"end":{"line":230,"column":27}}],"line":227},"32":{"loc":{"start":{"line":229,"column":23},"end":{"line":229,"column":75}},"type":"cond-expr","locations":[{"start":{"line":229,"column":49},"end":{"line":229,"column":54}},{"start":{"line":229,"column":57},"end":{"line":229,"column":75}}],"line":229},"33":{"loc":{"start":{"line":235,"column":15},"end":{"line":257,"column":15}},"type":"cond-expr","locations":[{"start":{"line":236,"column":16},"end":{"line":245,"column":23}},{"start":{"line":247,"column":16},"end":{"line":256,"column":23}}],"line":235},"34":{"loc":{"start":{"line":239,"column":20},"end":{"line":239,"column":66}},"type":"cond-expr","locations":[{"start":{"line":239,"column":53},"end":{"line":239,"column":61}},{"start":{"line":239,"column":64},"end":{"line":239,"column":66}}],"line":239},"35":{"loc":{"start":{"line":250,"column":20},"end":{"line":250,"column":68}},"type":"cond-expr","locations":[{"start":{"line":250,"column":55},"end":{"line":250,"column":63}},{"start":{"line":250,"column":66},"end":{"line":250,"column":68}}],"line":250}},"s":{"0":0,"1":0,"2":0,"3":0,"4":0,"5":0,"6":0,"7":0,"8":0,"9":0,"10":0,"11":0,"12":0,"13":0,"14":0,"15":0,"16":0,"17":0,"18":0,"19":0,"20":0,"21":0,"22":0,"23":0,"24":0,"25":0,"26":0,"27":0,"28":0,"29":0,"30":0,"31":0,"32":0,"33":0,"34":0,"35":0,"36":0,"37":0,"38":0,"39":0,"40":0,"41":0,"42":0,"43":0,"44":0,"45":0,"46":0,"47":0,"48":0,"49":0,"50":0,"51":0,"52":0,"53":0,"54":0,"55":0,"56":0,"57":0,"58":0,"59":0,"60":0,"61":0,"62":0,"63":0,"64":0,"65":0,"66":0,"67":0,"68":0,"69":0,"70":0,"71":0,"72":0,"73":0,"74":0,"75":0,"76":0,"77":0,"78":0,"79":0,"80":0,"81":0,"82":0,"83":0,"84":0,"85":0,"86":0,"87":0,"88":0,"89":0},"f":{"0":0,"1":0,"2":0,"3":0,"4":0,"5":0,"6":0,"7":0,"8":0,"9":0,"10":0,"11":0,"12":0,"13":0,"14":0,"15":0,"16":0},"b":{"0":[0,0],"1":[0,0],"2":[0,0],"3":[0,0],"4":[0,0],"5":[0,0],"6":[0,0],"7":[0,0],"8":[0,0],"9":[0,0],"10":[0,0],"11":[0,0],"12":[0,0],"13":[0,0],"14":[0,0],"15":[0,0],"16":[0,0],"17":[0,0],"18":[0,0],"19":[0,0],"20":[0,0],"21":[0,0],"22":[0,0],"23":[0,0],"24":[0,0],"25":[0,0],"26":[0,0],"27":[0,0],"28":[0,0],"29":[0,0],"30":[0,0],"31":[0,0],"32":[0,0],"33":[0,0],"34":[0,0],"35":[0,0]}}
,"E:\\Capstone_VillageTech\\client\\src\\supabaseClient.js": {"path":"E:\\Capstone_VillageTech\\client\\src\\supabaseClient.js","statementMap":{"0":{"start":{"line":3,"column":20},"end":{"line":3,"column":44}},"1":{"start":{"line":4,"column":24},"end":{"line":4,"column":53}},"2":{"start":{"line":6,"column":17},"end":{"line":6,"column":59}}},"fnMap":{},"branchMap":{},"s":{"0":0,"1":0,"2":0},"f":{},"b":{}}
,"E:\\Capstone_VillageTech\\client\\src\\components\\PatientTabs.js": {"path":"E:\\Capstone_VillageTech\\client\\src\\components\\PatientTabs.js","statementMap":{"0":{"start":{"line":4,"column":20},"end":{"line":30,"column":1}},"1":{"start":{"line":5,"column":19},"end":{"line":5,"column":32}},"2":{"start":{"line":7,"column":15},"end":{"line":15,"column":3}},"3":{"start":{"line":17,"column":2},"end":{"line":29,"column":4}},"4":{"start":{"line":20,"column":8},"end":{"line":26,"column":15}}},"fnMap":{"0":{"name":"(anonymous_0)","decl":{"start":{"line":4,"column":20},"end":{"line":4,"column":21}},"loc":{"start":{"line":4,"column":26},"end":{"line":30,"column":1}},"line":4},"1":{"name":"(anonymous_1)","decl":{"start":{"line":19,"column":16},"end":{"line":19,"column":17}},"loc":{"start":{"line":20,"column":8},"end":{"line":26,"column":15}},"line":20}},"branchMap":{"0":{"loc":{"start":{"line":23,"column":35},"end":{"line":23,"column":81}},"type":"cond-expr","locations":[{"start":{"line":23,"column":68},"end":{"line":23,"column":76}},{"start":{"line":23,"column":79},"end":{"line":23,"column":81}}],"line":23}},"s":{"0":0,"1":0,"2":0,"3":0,"4":0},"f":{"0":0,"1":0},"b":{"0":[0,0]}}
,"E:\\Capstone_VillageTech\\client\\src\\components\\PrivateRoute.js": {"path":"E:\\Capstone_VillageTech\\client\\src\\components\\PrivateRoute.js","statementMap":{"0":{"start":{"line":5,"column":21},"end":{"line":17,"column":1}},"1":{"start":{"line":6,"column":18},"end":{"line":6,"column":30}},"2":{"start":{"line":8,"column":2},"end":{"line":10,"column":3}},"3":{"start":{"line":9,"column":4},"end":{"line":9,"column":33}},"4":{"start":{"line":12,"column":2},"end":{"line":14,"column":3}},"5":{"start":{"line":13,"column":4},"end":{"line":13,"column":39}},"6":{"start":{"line":16,"column":2},"end":{"line":16,"column":20}}},"fnMap":{"0":{"name":"(anonymous_0)","decl":{"start":{"line":5,"column":21},"end":{"line":5,"column":22}},"loc":{"start":{"line":5,"column":27},"end":{"line":17,"column":1}},"line":5}},"branchMap":{"0":{"loc":{"start":{"line":8,"column":2},"end":{"line":10,"column":3}},"type":"if","locations":[{"start":{"line":8,"column":2},"end":{"line":10,"column":3}},{"start":{},"end":{}}],"line":8},"1":{"loc":{"start":{"line":12,"column":2},"end":{"line":14,"column":3}},"type":"if","locations":[{"start":{"line":12,"column":2},"end":{"line":14,"column":3}},{"start":{},"end":{}}],"line":12}},"s":{"0":0,"1":0,"2":0,"3":0,"4":0,"5":0,"6":0},"f":{"0":0},"b":{"0":[0,0],"1":[0,0]}}
,"E:\\Capstone_VillageTech\\client\\src\\components\\ReportingTabs.js": {"path":"E:\\Capstone_VillageTech\\client\\src\\components\\ReportingTabs.js","statementMap":{"0":{"start":{"line":6,"column":22},"end":{"line":47,"column":1}},"1":{"start":{"line":7,"column":19},"end":{"line":7,"column":32}},"2":{"start":{"line":8,"column":42},"end":{"line":8,"column":57}},"3":{"start":{"line":10,"column":15},"end":{"line":13,"column":3}},"4":{"start":{"line":15,"column":19},"end":{"line":18,"column":3}},"5":{"start":{"line":16,"column":4},"end":{"line":17,"column":73}},"6":{"start":{"line":20,"column":27},"end":{"line":22,"column":3}},"7":{"start":{"line":21,"column":4},"end":{"line":21,"column":26}},"8":{"start":{"line":24,"column":28},"end":{"line":26,"column":3}},"9":{"start":{"line":25,"column":4},"end":{"line":25,"column":27}},"10":{"start":{"line":28,"column":2},"end":{"line":46,"column":4}},"11":{"start":{"line":32,"column":10},"end":{"line":38,"column":17}}},"fnMap":{"0":{"name":"(anonymous_0)","decl":{"start":{"line":6,"column":22},"end":{"line":6,"column":23}},"loc":{"start":{"line":6,"column":28},"end":{"line":47,"column":1}},"line":6},"1":{"name":"(anonymous_1)","decl":{"start":{"line":15,"column":19},"end":{"line":15,"column":20}},"loc":{"start":{"line":15,"column":29},"end":{"line":18,"column":3}},"line":15},"2":{"name":"(anonymous_2)","decl":{"start":{"line":20,"column":27},"end":{"line":20,"column":28}},"loc":{"start":{"line":20,"column":33},"end":{"line":22,"column":3}},"line":20},"3":{"name":"(anonymous_3)","decl":{"start":{"line":24,"column":28},"end":{"line":24,"column":29}},"loc":{"start":{"line":24,"column":34},"end":{"line":26,"column":3}},"line":24},"4":{"name":"(anonymous_4)","decl":{"start":{"line":31,"column":18},"end":{"line":31,"column":19}},"loc":{"start":{"line":32,"column":10},"end":{"line":38,"column":17}},"line":32}},"branchMap":{"0":{"loc":{"start":{"line":16,"column":11},"end":{"line":17,"column":72}},"type":"binary-expr","locations":[{"start":{"line":16,"column":11},"end":{"line":16,"column":37}},{"start":{"line":17,"column":12},"end":{"line":17,"column":46}},{"start":{"line":17,"column":50},"end":{"line":17,"column":71}}],"line":16},"1":{"loc":{"start":{"line":35,"column":37},"end":{"line":35,"column":71}},"type":"cond-expr","locations":[{"start":{"line":35,"column":58},"end":{"line":35,"column":66}},{"start":{"line":35,"column":69},"end":{"line":35,"column":71}}],"line":35}},"s":{"0":0,"1":0,"2":0,"3":0,"4":0,"5":0,"6":0,"7":0,"8":0,"9":0,"10":0,"11":0},"f":{"0":0,"1":0,"2":0,"3":0,"4":0},"b":{"0":[0,0,0],"1":[0,0]}}
,"E:\\Capstone_VillageTech\\client\\src\\components\\addAllergyModal\\AddAllergyModal.js": {"path":"E:\\Capstone_VillageTech\\client\\src\\components\\addAllergyModal\\AddAllergyModal.js","statementMap":{"0":{"start":{"line":4,"column":24},"end":{"line":61,"column":1}},"1":{"start":{"line":5,"column":26},"end":{"line":5,"column":38}},"2":{"start":{"line":6,"column":34},"end":{"line":6,"column":46}},"3":{"start":{"line":8,"column":27},"end":{"line":17,"column":3}},"4":{"start":{"line":9,"column":23},"end":{"line":12,"column":5}},"5":{"start":{"line":14,"column":4},"end":{"line":14,"column":29}},"6":{"start":{"line":15,"column":4},"end":{"line":15,"column":14}},"7":{"start":{"line":16,"column":4},"end":{"line":16,"column":16}},"8":{"start":{"line":19,"column":20},"end":{"line":22,"column":3}},"9":{"start":{"line":20,"column":4},"end":{"line":20,"column":16}},"10":{"start":{"line":21,"column":4},"end":{"line":21,"column":20}},"11":{"start":{"line":24,"column":2},"end":{"line":24,"column":27}},"12":{"start":{"line":24,"column":15},"end":{"line":24,"column":27}},"13":{"start":{"line":26,"column":2},"end":{"line":60,"column":4}},"14":{"start":{"line":36,"column":31},"end":{"line":36,"column":54}},"15":{"start":{"line":46,"column":31},"end":{"line":46,"column":58}}},"fnMap":{"0":{"name":"(anonymous_0)","decl":{"start":{"line":4,"column":24},"end":{"line":4,"column":25}},"loc":{"start":{"line":4,"column":63},"end":{"line":61,"column":1}},"line":4},"1":{"name":"(anonymous_1)","decl":{"start":{"line":8,"column":27},"end":{"line":8,"column":28}},"loc":{"start":{"line":8,"column":33},"end":{"line":17,"column":3}},"line":8},"2":{"name":"(anonymous_2)","decl":{"start":{"line":19,"column":20},"end":{"line":19,"column":21}},"loc":{"start":{"line":19,"column":26},"end":{"line":22,"column":3}},"line":19},"3":{"name":"(anonymous_3)","decl":{"start":{"line":36,"column":24},"end":{"line":36,"column":25}},"loc":{"start":{"line":36,"column":31},"end":{"line":36,"column":54}},"line":36},"4":{"name":"(anonymous_4)","decl":{"start":{"line":46,"column":24},"end":{"line":46,"column":25}},"loc":{"start":{"line":46,"column":31},"end":{"line":46,"column":58}},"line":46}},"branchMap":{"0":{"loc":{"start":{"line":24,"column":2},"end":{"line":24,"column":27}},"type":"if","locations":[{"start":{"line":24,"column":2},"end":{"line":24,"column":27}},{"start":{},"end":{}}],"line":24}},"s":{"0":0,"1":0,"2":0,"3":0,"4":0,"5":0,"6":0,"7":0,"8":0,"9":0,"10":0,"11":0,"12":0,"13":0,"14":0,"15":0},"f":{"0":0,"1":0,"2":0,"3":0,"4":0},"b":{"0":[0,0]}}
,"E:\\Capstone_VillageTech\\client\\src\\components\\addEstimateModal\\AddEstimateModal.js": {"path":"E:\\Capstone_VillageTech\\client\\src\\components\\addEstimateModal\\AddEstimateModal.js","statementMap":{"0":{"start":{"line":5,"column":25},"end":{"line":181,"column":1}},"1":{"start":{"line":6,"column":38},"end":{"line":6,"column":65}},"2":{"start":{"line":7,"column":36},"end":{"line":14,"column":6}},"3":{"start":{"line":15,"column":30},"end":{"line":15,"column":42}},"4":{"start":{"line":17,"column":4},"end":{"line":23,"column":36}},"5":{"start":{"line":18,"column":8},"end":{"line":18,"column":40}},"6":{"start":{"line":19,"column":8},"end":{"line":22,"column":12}},"7":{"start":{"line":19,"column":35},"end":{"line":22,"column":9}},"8":{"start":{"line":25,"column":4},"end":{"line":46,"column":25}},"9":{"start":{"line":26,"column":8},"end":{"line":45,"column":9}},"10":{"start":{"line":27,"column":12},"end":{"line":34,"column":15}},"11":{"start":{"line":35,"column":12},"end":{"line":35,"column":52}},"12":{"start":{"line":37,"column":12},"end":{"line":44,"column":15}},"13":{"start":{"line":48,"column":25},"end":{"line":51,"column":5}},"14":{"start":{"line":49,"column":32},"end":{"line":49,"column":40}},"15":{"start":{"line":50,"column":8},"end":{"line":50,"column":68}},"16":{"start":{"line":50,"column":35},"end":{"line":50,"column":65}},"17":{"start":{"line":53,"column":25},"end":{"line":92,"column":5}},"18":{"start":{"line":54,"column":8},"end":{"line":54,"column":27}},"19":{"start":{"line":55,"column":8},"end":{"line":55,"column":21}},"20":{"start":{"line":57,"column":8},"end":{"line":60,"column":9}},"21":{"start":{"line":58,"column":12},"end":{"line":58,"column":62}},"22":{"start":{"line":59,"column":12},"end":{"line":59,"column":19}},"23":{"start":{"line":63,"column":28},"end":{"line":71,"column":9}},"24":{"start":{"line":74,"column":8},"end":{"line":76,"column":9}},"25":{"start":{"line":75,"column":12},"end":{"line":75,"column":57}},"26":{"start":{"line":79,"column":8},"end":{"line":79,"column":41}},"27":{"start":{"line":82,"column":8},"end":{"line":89,"column":11}},"28":{"start":{"line":90,"column":8},"end":{"line":90,"column":40}},"29":{"start":{"line":91,"column":8},"end":{"line":91,"column":18}},"30":{"start":{"line":95,"column":4},"end":{"line":95,"column":29}},"31":{"start":{"line":95,"column":17},"end":{"line":95,"column":29}},"32":{"start":{"line":97,"column":4},"end":{"line":180,"column":6}}},"fnMap":{"0":{"name":"(anonymous_0)","decl":{"start":{"line":5,"column":25},"end":{"line":5,"column":26}},"loc":{"start":{"line":5,"column":100},"end":{"line":181,"column":1}},"line":5},"1":{"name":"(anonymous_1)","decl":{"start":{"line":17,"column":14},"end":{"line":17,"column":15}},"loc":{"start":{"line":17,"column":20},"end":{"line":23,"column":5}},"line":17},"2":{"name":"(anonymous_2)","decl":{"start":{"line":19,"column":20},"end":{"line":19,"column":21}},"loc":{"start":{"line":19,"column":35},"end":{"line":22,"column":9}},"line":19},"3":{"name":"(anonymous_3)","decl":{"start":{"line":25,"column":14},"end":{"line":25,"column":15}},"loc":{"start":{"line":25,"column":20},"end":{"line":46,"column":5}},"line":25},"4":{"name":"(anonymous_4)","decl":{"start":{"line":48,"column":25},"end":{"line":48,"column":26}},"loc":{"start":{"line":48,"column":32},"end":{"line":51,"column":5}},"line":48},"5":{"name":"(anonymous_5)","decl":{"start":{"line":50,"column":20},"end":{"line":50,"column":21}},"loc":{"start":{"line":50,"column":35},"end":{"line":50,"column":65}},"line":50},"6":{"name":"(anonymous_6)","decl":{"start":{"line":53,"column":25},"end":{"line":53,"column":26}},"loc":{"start":{"line":53,"column":38},"end":{"line":92,"column":5}},"line":53}},"branchMap":{"0":{"loc":{"start":{"line":26,"column":8},"end":{"line":45,"column":9}},"type":"if","locations":[{"start":{"line":26,"column":8},"end":{"line":45,"column":9}},{"start":{"line":36,"column":15},"end":{"line":45,"column":9}}],"line":26},"1":{"loc":{"start":{"line":57,"column":8},"end":{"line":60,"column":9}},"type":"if","locations":[{"start":{"line":57,"column":8},"end":{"line":60,"column":9}},{"start":{},"end":{}}],"line":57},"2":{"loc":{"start":{"line":57,"column":12},"end":{"line":57,"column":76}},"type":"binary-expr","locations":[{"start":{"line":57,"column":12},"end":{"line":57,"column":35}},{"start":{"line":57,"column":39},"end":{"line":57,"column":76}}],"line":57},"3":{"loc":{"start":{"line":67,"column":26},"end":{"line":67,"column":60}},"type":"binary-expr","locations":[{"start":{"line":67,"column":26},"end":{"line":67,"column":55}},{"start":{"line":67,"column":59},"end":{"line":67,"column":60}}],"line":67},"4":{"loc":{"start":{"line":74,"column":8},"end":{"line":76,"column":9}},"type":"if","locations":[{"start":{"line":74,"column":8},"end":{"line":76,"column":9}},{"start":{},"end":{}}],"line":74},"5":{"loc":{"start":{"line":95,"column":4},"end":{"line":95,"column":29}},"type":"if","locations":[{"start":{"line":95,"column":4},"end":{"line":95,"column":29}},{"start":{},"end":{}}],"line":95},"6":{"loc":{"start":{"line":100,"column":21},"end":{"line":100,"column":70}},"type":"cond-expr","locations":[{"start":{"line":100,"column":38},"end":{"line":100,"column":53}},{"start":{"line":100,"column":56},"end":{"line":100,"column":70}}],"line":100},"7":{"loc":{"start":{"line":101,"column":17},"end":{"line":101,"column":70}},"type":"binary-expr","locations":[{"start":{"line":101,"column":17},"end":{"line":101,"column":22}},{"start":{"line":101,"column":26},"end":{"line":101,"column":70}}],"line":101},"8":{"loc":{"start":{"line":104,"column":21},"end":{"line":115,"column":21}},"type":"binary-expr","locations":[{"start":{"line":104,"column":21},"end":{"line":104,"column":40}},{"start":{"line":105,"column":24},"end":{"line":114,"column":30}}],"line":104},"9":{"loc":{"start":{"line":170,"column":25},"end":{"line":170,"column":73}},"type":"cond-expr","locations":[{"start":{"line":170,"column":42},"end":{"line":170,"column":56}},{"start":{"line":170,"column":59},"end":{"line":170,"column":73}}],"line":170}},"s":{"0":0,"1":0,"2":0,"3":0,"4":0,"5":0,"6":0,"7":0,"8":0,"9":0,"10":0,"11":0,"12":0,"13":0,"14":0,"15":0,"16":0,"17":0,"18":0,"19":0,"20":0,"21":0,"22":0,"23":0,"24":0,"25":0,"26":0,"27":0,"28":0,"29":0,"30":0,"31":0,"32":0},"f":{"0":0,"1":0,"2":0,"3":0,"4":0,"5":0,"6":0},"b":{"0":[0,0],"1":[0,0],"2":[0,0],"3":[0,0],"4":[0,0],"5":[0,0],"6":[0,0],"7":[0,0],"8":[0,0],"9":[0,0]}}
,"E:\\Capstone_VillageTech\\client\\src\\components\\addMedicationModal\\AddMedicationModal.js": {"path":"E:\\Capstone_VillageTech\\client\\src\\components\\addMedicationModal\\AddMedicationModal.js","statementMap":{"0":{"start":{"line":4,"column":27},"end":{"line":159,"column":1}},"1":{"start":{"line":5,"column":28},"end":{"line":5,"column":40}},"2":{"start":{"line":6,"column":32},"end":{"line":6,"column":44}},"3":{"start":{"line":7,"column":38},"end":{"line":7,"column":50}},"4":{"start":{"line":8,"column":48},"end":{"line":8,"column":60}},"5":{"start":{"line":9,"column":34},"end":{"line":9,"column":46}},"6":{"start":{"line":10,"column":32},"end":{"line":10,"column":44}},"7":{"start":{"line":11,"column":32},"end":{"line":11,"column":44}},"8":{"start":{"line":12,"column":44},"end":{"line":12,"column":56}},"9":{"start":{"line":13,"column":34},"end":{"line":13,"column":46}},"10":{"start":{"line":14,"column":32},"end":{"line":14,"column":51}},"11":{"start":{"line":16,"column":32},"end":{"line":34,"column":5}},"12":{"start":{"line":17,"column":30},"end":{"line":28,"column":9}},"13":{"start":{"line":30,"column":8},"end":{"line":30,"column":39}},"14":{"start":{"line":31,"column":8},"end":{"line":31,"column":18}},"15":{"start":{"line":33,"column":8},"end":{"line":33,"column":20}},"16":{"start":{"line":36,"column":22},"end":{"line":47,"column":5}},"17":{"start":{"line":37,"column":8},"end":{"line":37,"column":20}},"18":{"start":{"line":38,"column":8},"end":{"line":38,"column":22}},"19":{"start":{"line":39,"column":8},"end":{"line":39,"column":25}},"20":{"start":{"line":40,"column":8},"end":{"line":40,"column":30}},"21":{"start":{"line":41,"column":8},"end":{"line":41,"column":23}},"22":{"start":{"line":42,"column":8},"end":{"line":42,"column":22}},"23":{"start":{"line":43,"column":8},"end":{"line":43,"column":22}},"24":{"start":{"line":44,"column":8},"end":{"line":44,"column":28}},"25":{"start":{"line":45,"column":8},"end":{"line":45,"column":23}},"26":{"start":{"line":46,"column":8},"end":{"line":46,"column":29}},"27":{"start":{"line":49,"column":4},"end":{"line":49,"column":29}},"28":{"start":{"line":49,"column":17},"end":{"line":49,"column":29}},"29":{"start":{"line":51,"column":4},"end":{"line":158,"column":6}},"30":{"start":{"line":61,"column":45},"end":{"line":61,"column":68}},"31":{"start":{"line":70,"column":45},"end":{"line":70,"column":70}},"32":{"start":{"line":79,"column":45},"end":{"line":79,"column":73}},"33":{"start":{"line":88,"column":45},"end":{"line":88,"column":78}},"34":{"start":{"line":97,"column":45},"end":{"line":97,"column":71}},"35":{"start":{"line":105,"column":45},"end":{"line":105,"column":70}},"36":{"start":{"line":114,"column":45},"end":{"line":114,"column":70}},"37":{"start":{"line":122,"column":45},"end":{"line":122,"column":76}},"38":{"start":{"line":131,"column":45},"end":{"line":131,"column":71}},"39":{"start":{"line":140,"column":45},"end":{"line":140,"column":70}}},"fnMap":{"0":{"name":"(anonymous_0)","decl":{"start":{"line":4,"column":27},"end":{"line":4,"column":28}},"loc":{"start":{"line":4,"column":69},"end":{"line":159,"column":1}},"line":4},"1":{"name":"(anonymous_1)","decl":{"start":{"line":16,"column":32},"end":{"line":16,"column":33}},"loc":{"start":{"line":16,"column":38},"end":{"line":34,"column":5}},"line":16},"2":{"name":"(anonymous_2)","decl":{"start":{"line":36,"column":22},"end":{"line":36,"column":23}},"loc":{"start":{"line":36,"column":28},"end":{"line":47,"column":5}},"line":36},"3":{"name":"(anonymous_3)","decl":{"start":{"line":61,"column":38},"end":{"line":61,"column":39}},"loc":{"start":{"line":61,"column":45},"end":{"line":61,"column":68}},"line":61},"4":{"name":"(anonymous_4)","decl":{"start":{"line":70,"column":38},"end":{"line":70,"column":39}},"loc":{"start":{"line":70,"column":45},"end":{"line":70,"column":70}},"line":70},"5":{"name":"(anonymous_5)","decl":{"start":{"line":79,"column":38},"end":{"line":79,"column":39}},"loc":{"start":{"line":79,"column":45},"end":{"line":79,"column":73}},"line":79},"6":{"name":"(anonymous_6)","decl":{"start":{"line":88,"column":38},"end":{"line":88,"column":39}},"loc":{"start":{"line":88,"column":45},"end":{"line":88,"column":78}},"line":88},"7":{"name":"(anonymous_7)","decl":{"start":{"line":97,"column":38},"end":{"line":97,"column":39}},"loc":{"start":{"line":97,"column":45},"end":{"line":97,"column":71}},"line":97},"8":{"name":"(anonymous_8)","decl":{"start":{"line":105,"column":38},"end":{"line":105,"column":39}},"loc":{"start":{"line":105,"column":45},"end":{"line":105,"column":70}},"line":105},"9":{"name":"(anonymous_9)","decl":{"start":{"line":114,"column":38},"end":{"line":114,"column":39}},"loc":{"start":{"line":114,"column":45},"end":{"line":114,"column":70}},"line":114},"10":{"name":"(anonymous_10)","decl":{"start":{"line":122,"column":38},"end":{"line":122,"column":39}},"loc":{"start":{"line":122,"column":45},"end":{"line":122,"column":76}},"line":122},"11":{"name":"(anonymous_11)","decl":{"start":{"line":131,"column":38},"end":{"line":131,"column":39}},"loc":{"start":{"line":131,"column":45},"end":{"line":131,"column":71}},"line":131},"12":{"name":"(anonymous_12)","decl":{"start":{"line":140,"column":38},"end":{"line":140,"column":39}},"loc":{"start":{"line":140,"column":45},"end":{"line":140,"column":70}},"line":140}},"branchMap":{"0":{"loc":{"start":{"line":26,"column":21},"end":{"line":26,"column":55}},"type":"cond-expr","locations":[{"start":{"line":26,"column":31},"end":{"line":26,"column":48}},{"start":{"line":26,"column":51},"end":{"line":26,"column":55}}],"line":26},"1":{"loc":{"start":{"line":49,"column":4},"end":{"line":49,"column":29}},"type":"if","locations":[{"start":{"line":49,"column":4},"end":{"line":49,"column":29}},{"start":{},"end":{}}],"line":49}},"s":{"0":0,"1":0,"2":0,"3":0,"4":0,"5":0,"6":0,"7":0,"8":0,"9":0,"10":0,"11":0,"12":0,"13":0,"14":0,"15":0,"16":0,"17":0,"18":0,"19":0,"20":0,"21":0,"22":0,"23":0,"24":0,"25":0,"26":0,"27":0,"28":0,"29":0,"30":0,"31":0,"32":0,"33":0,"34":0,"35":0,"36":0,"37":0,"38":0,"39":0},"f":{"0":0,"1":0,"2":0,"3":0,"4":0,"5":0,"6":0,"7":0,"8":0,"9":0,"10":0,"11":0,"12":0},"b":{"0":[0,0],"1":[0,0]}}
,"E:\\Capstone_VillageTech\\client\\src\\components\\addNoteModal\\AddNoteModal.js": {"path":"E:\\Capstone_VillageTech\\client\\src\\components\\addNoteModal\\AddNoteModal.js","statementMap":{"0":{"start":{"line":4,"column":21},"end":{"line":60,"column":1}},"1":{"start":{"line":5,"column":26},"end":{"line":5,"column":38}},"2":{"start":{"line":6,"column":26},"end":{"line":6,"column":38}},"3":{"start":{"line":8,"column":24},"end":{"line":17,"column":3}},"4":{"start":{"line":9,"column":20},"end":{"line":12,"column":5}},"5":{"start":{"line":14,"column":4},"end":{"line":14,"column":23}},"6":{"start":{"line":15,"column":4},"end":{"line":15,"column":14}},"7":{"start":{"line":16,"column":4},"end":{"line":16,"column":16}},"8":{"start":{"line":19,"column":20},"end":{"line":22,"column":3}},"9":{"start":{"line":20,"column":4},"end":{"line":20,"column":16}},"10":{"start":{"line":21,"column":4},"end":{"line":21,"column":16}},"11":{"start":{"line":24,"column":2},"end":{"line":24,"column":27}},"12":{"start":{"line":24,"column":15},"end":{"line":24,"column":27}},"13":{"start":{"line":26,"column":2},"end":{"line":59,"column":4}},"14":{"start":{"line":36,"column":31},"end":{"line":36,"column":54}},"15":{"start":{"line":44,"column":31},"end":{"line":44,"column":54}}},"fnMap":{"0":{"name":"(anonymous_0)","decl":{"start":{"line":4,"column":21},"end":{"line":4,"column":22}},"loc":{"start":{"line":4,"column":57},"end":{"line":60,"column":1}},"line":4},"1":{"name":"(anonymous_1)","decl":{"start":{"line":8,"column":24},"end":{"line":8,"column":25}},"loc":{"start":{"line":8,"column":30},"end":{"line":17,"column":3}},"line":8},"2":{"name":"(anonymous_2)","decl":{"start":{"line":19,"column":20},"end":{"line":19,"column":21}},"loc":{"start":{"line":19,"column":26},"end":{"line":22,"column":3}},"line":19},"3":{"name":"(anonymous_3)","decl":{"start":{"line":36,"column":24},"end":{"line":36,"column":25}},"loc":{"start":{"line":36,"column":31},"end":{"line":36,"column":54}},"line":36},"4":{"name":"(anonymous_4)","decl":{"start":{"line":44,"column":24},"end":{"line":44,"column":25}},"loc":{"start":{"line":44,"column":31},"end":{"line":44,"column":54}},"line":44}},"branchMap":{"0":{"loc":{"start":{"line":24,"column":2},"end":{"line":24,"column":27}},"type":"if","locations":[{"start":{"line":24,"column":2},"end":{"line":24,"column":27}},{"start":{},"end":{}}],"line":24}},"s":{"0":0,"1":0,"2":0,"3":0,"4":0,"5":0,"6":0,"7":0,"8":0,"9":0,"10":0,"11":0,"12":0,"13":0,"14":0,"15":0},"f":{"0":0,"1":0,"2":0,"3":0,"4":0},"b":{"0":[0,0]}}
,"E:\\Capstone_VillageTech\\client\\src\\components\\addStaffModal\\AddStaffModal.js": {"path":"E:\\Capstone_VillageTech\\client\\src\\components\\addStaffModal\\AddStaffModal.js","statementMap":{"0":{"start":{"line":5,"column":22},"end":{"line":199,"column":1}},"1":{"start":{"line":6,"column":34},"end":{"line":21,"column":4}},"2":{"start":{"line":22,"column":28},"end":{"line":22,"column":42}},"3":{"start":{"line":24,"column":23},"end":{"line":59,"column":3}},"4":{"start":{"line":25,"column":28},"end":{"line":25,"column":36}},"5":{"start":{"line":27,"column":4},"end":{"line":35,"column":5}},"6":{"start":{"line":28,"column":26},"end":{"line":28,"column":42}},"7":{"start":{"line":29,"column":6},"end":{"line":34,"column":7}},"8":{"start":{"line":30,"column":8},"end":{"line":30,"column":116}},"9":{"start":{"line":31,"column":8},"end":{"line":31,"column":15}},"10":{"start":{"line":33,"column":8},"end":{"line":33,"column":23}},"11":{"start":{"line":37,"column":4},"end":{"line":55,"column":5}},"12":{"start":{"line":39,"column":22},"end":{"line":39,"column":46}},"13":{"start":{"line":42,"column":24},"end":{"line":44,"column":53}},"14":{"start":{"line":46,"column":6},"end":{"line":46,"column":68}},"15":{"start":{"line":46,"column":31},"end":{"line":46,"column":65}},"16":{"start":{"line":49,"column":6},"end":{"line":53,"column":7}},"17":{"start":{"line":50,"column":8},"end":{"line":50,"column":23}},"18":{"start":{"line":52,"column":8},"end":{"line":52,"column":69}},"19":{"start":{"line":54,"column":6},"end":{"line":54,"column":13}},"20":{"start":{"line":58,"column":4},"end":{"line":58,"column":62}},"21":{"start":{"line":58,"column":29},"end":{"line":58,"column":59}},"22":{"start":{"line":61,"column":23},"end":{"line":119,"column":3}},"23":{"start":{"line":62,"column":4},"end":{"line":62,"column":23}},"24":{"start":{"line":65,"column":4},"end":{"line":68,"column":5}},"25":{"start":{"line":66,"column":6},"end":{"line":66,"column":41}},"26":{"start":{"line":67,"column":6},"end":{"line":67,"column":13}},"27":{"start":{"line":70,"column":4},"end":{"line":118,"column":5}},"28":{"start":{"line":71,"column":53},"end":{"line":74,"column":8}},"29":{"start":{"line":76,"column":6},"end":{"line":80,"column":7}},"30":{"start":{"line":77,"column":8},"end":{"line":77,"column":57}},"31":{"start":{"line":78,"column":8},"end":{"line":78,"column":62}},"32":{"start":{"line":79,"column":8},"end":{"line":79,"column":15}},"33":{"start":{"line":82,"column":6},"end":{"line":114,"column":7}},"34":{"start":{"line":83,"column":26},"end":{"line":96,"column":9}},"35":{"start":{"line":98,"column":57},"end":{"line":100,"column":30}},"36":{"start":{"line":102,"column":8},"end":{"line":106,"column":9}},"37":{"start":{"line":103,"column":10},"end":{"line":103,"column":68}},"38":{"start":{"line":104,"column":10},"end":{"line":104,"column":64}},"39":{"start":{"line":105,"column":10},"end":{"line":105,"column":17}},"40":{"start":{"line":108,"column":8},"end":{"line":108,"column":69}},"41":{"start":{"line":109,"column":8},"end":{"line":109,"column":30}},"42":{"start":{"line":110,"column":8},"end":{"line":110,"column":18}},"43":{"start":{"line":111,"column":8},"end":{"line":111,"column":38}},"44":{"start":{"line":113,"column":8},"end":{"line":113,"column":70}},"45":{"start":{"line":116,"column":6},"end":{"line":116,"column":50}},"46":{"start":{"line":117,"column":6},"end":{"line":117,"column":84}},"47":{"start":{"line":121,"column":2},"end":{"line":121,"column":27}},"48":{"start":{"line":121,"column":15},"end":{"line":121,"column":27}},"49":{"start":{"line":123,"column":2},"end":{"line":198,"column":4}}},"fnMap":{"0":{"name":"(anonymous_0)","decl":{"start":{"line":5,"column":22},"end":{"line":5,"column":23}},"loc":{"start":{"line":5,"column":59},"end":{"line":199,"column":1}},"line":5},"1":{"name":"(anonymous_1)","decl":{"start":{"line":24,"column":23},"end":{"line":24,"column":24}},"loc":{"start":{"line":24,"column":30},"end":{"line":59,"column":3}},"line":24},"2":{"name":"(anonymous_2)","decl":{"start":{"line":46,"column":18},"end":{"line":46,"column":19}},"loc":{"start":{"line":46,"column":31},"end":{"line":46,"column":65}},"line":46},"3":{"name":"(anonymous_3)","decl":{"start":{"line":58,"column":16},"end":{"line":58,"column":17}},"loc":{"start":{"line":58,"column":29},"end":{"line":58,"column":59}},"line":58},"4":{"name":"(anonymous_4)","decl":{"start":{"line":61,"column":23},"end":{"line":61,"column":24}},"loc":{"start":{"line":61,"column":36},"end":{"line":119,"column":3}},"line":61}},"branchMap":{"0":{"loc":{"start":{"line":27,"column":4},"end":{"line":35,"column":5}},"type":"if","locations":[{"start":{"line":27,"column":4},"end":{"line":35,"column":5}},{"start":{},"end":{}}],"line":27},"1":{"loc":{"start":{"line":27,"column":8},"end":{"line":27,"column":53}},"type":"binary-expr","locations":[{"start":{"line":27,"column":8},"end":{"line":27,"column":29}},{"start":{"line":27,"column":33},"end":{"line":27,"column":53}}],"line":27},"2":{"loc":{"start":{"line":29,"column":6},"end":{"line":34,"column":7}},"type":"if","locations":[{"start":{"line":29,"column":6},"end":{"line":34,"column":7}},{"start":{"line":32,"column":13},"end":{"line":34,"column":7}}],"line":29},"3":{"loc":{"start":{"line":30,"column":20},"end":{"line":30,"column":60}},"type":"cond-expr","locations":[{"start":{"line":30,"column":44},"end":{"line":30,"column":51}},{"start":{"line":30,"column":54},"end":{"line":30,"column":60}}],"line":30},"4":{"loc":{"start":{"line":37,"column":4},"end":{"line":55,"column":5}},"type":"if","locations":[{"start":{"line":37,"column":4},"end":{"line":55,"column":5}},{"start":{},"end":{}}],"line":37},"5":{"loc":{"start":{"line":37,"column":8},"end":{"line":37,"column":54}},"type":"binary-expr","locations":[{"start":{"line":37,"column":8},"end":{"line":37,"column":24}},{"start":{"line":37,"column":28},"end":{"line":37,"column":54}}],"line":37},"6":{"loc":{"start":{"line":49,"column":6},"end":{"line":53,"column":7}},"type":"if","locations":[{"start":{"line":49,"column":6},"end":{"line":53,"column":7}},{"start":{"line":51,"column":13},"end":{"line":53,"column":7}}],"line":49},"7":{"loc":{"start":{"line":65,"column":4},"end":{"line":68,"column":5}},"type":"if","locations":[{"start":{"line":65,"column":4},"end":{"line":68,"column":5}},{"start":{},"end":{}}],"line":65},"8":{"loc":{"start":{"line":76,"column":6},"end":{"line":80,"column":7}},"type":"if","locations":[{"start":{"line":76,"column":6},"end":{"line":80,"column":7}},{"start":{},"end":{}}],"line":76},"9":{"loc":{"start":{"line":82,"column":6},"end":{"line":114,"column":7}},"type":"if","locations":[{"start":{"line":82,"column":6},"end":{"line":114,"column":7}},{"start":{"line":112,"column":13},"end":{"line":114,"column":7}}],"line":82},"10":{"loc":{"start":{"line":82,"column":10},"end":{"line":82,"column":35}},"type":"binary-expr","locations":[{"start":{"line":82,"column":10},"end":{"line":82,"column":18}},{"start":{"line":82,"column":22},"end":{"line":82,"column":35}}],"line":82},"11":{"loc":{"start":{"line":102,"column":8},"end":{"line":106,"column":9}},"type":"if","locations":[{"start":{"line":102,"column":8},"end":{"line":106,"column":9}},{"start":{},"end":{}}],"line":102},"12":{"loc":{"start":{"line":121,"column":2},"end":{"line":121,"column":27}},"type":"if","locations":[{"start":{"line":121,"column":2},"end":{"line":121,"column":27}},{"start":{},"end":{}}],"line":121},"13":{"loc":{"start":{"line":189,"column":13},"end":{"line":189,"column":62}},"type":"binary-expr","locations":[{"start":{"line":189,"column":13},"end":{"line":189,"column":18}},{"start":{"line":189,"column":22},"end":{"line":189,"column":62}}],"line":189}},"s":{"0":0,"1":0,"2":0,"3":0,"4":0,"5":0,"6":0,"7":0,"8":0,"9":0,"10":0,"11":0,"12":0,"13":0,"14":0,"15":0,"16":0,"17":0,"18":0,"19":0,"20":0,"21":0,"22":0,"23":0,"24":0,"25":0,"26":0,"27":0,"28":0,"29":0,"30":0,"31":0,"32":0,"33":0,"34":0,"35":0,"36":0,"37":0,"38":0,"39":0,"40":0,"41":0,"42":0,"43":0,"44":0,"45":0,"46":0,"47":0,"48":0,"49":0},"f":{"0":0,"1":0,"2":0,"3":0,"4":0},"b":{"0":[0,0],"1":[0,0],"2":[0,0],"3":[0,0],"4":[0,0],"5":[0,0],"6":[0,0],"7":[0,0],"8":[0,0],"9":[0,0],"10":[0,0],"11":[0,0],"12":[0,0],"13":[0,0]}}
,"E:\\Capstone_VillageTech\\client\\src\\components\\addVitalModal\\AddVitalModal.js": {"path":"E:\\Capstone_VillageTech\\client\\src\\components\\addVitalModal\\AddVitalModal.js","statementMap":{"0":{"start":{"line":4,"column":22},"end":{"line":85,"column":1}},"1":{"start":{"line":5,"column":26},"end":{"line":5,"column":38}},"2":{"start":{"line":6,"column":30},"end":{"line":6,"column":42}},"3":{"start":{"line":7,"column":40},"end":{"line":7,"column":52}},"4":{"start":{"line":8,"column":36},"end":{"line":8,"column":48}},"5":{"start":{"line":10,"column":25},"end":{"line":21,"column":3}},"6":{"start":{"line":11,"column":21},"end":{"line":16,"column":5}},"7":{"start":{"line":18,"column":4},"end":{"line":18,"column":25}},"8":{"start":{"line":19,"column":4},"end":{"line":19,"column":14}},"9":{"start":{"line":20,"column":4},"end":{"line":20,"column":16}},"10":{"start":{"line":23,"column":20},"end":{"line":28,"column":3}},"11":{"start":{"line":24,"column":4},"end":{"line":24,"column":16}},"12":{"start":{"line":25,"column":4},"end":{"line":25,"column":18}},"13":{"start":{"line":26,"column":4},"end":{"line":26,"column":23}},"14":{"start":{"line":27,"column":4},"end":{"line":27,"column":21}},"15":{"start":{"line":30,"column":2},"end":{"line":30,"column":27}},"16":{"start":{"line":30,"column":15},"end":{"line":30,"column":27}},"17":{"start":{"line":32,"column":2},"end":{"line":84,"column":4}},"18":{"start":{"line":42,"column":31},"end":{"line":42,"column":54}},"19":{"start":{"line":51,"column":31},"end":{"line":51,"column":56}},"20":{"start":{"line":60,"column":31},"end":{"line":60,"column":61}},"21":{"start":{"line":69,"column":31},"end":{"line":69,"column":59}}},"fnMap":{"0":{"name":"(anonymous_0)","decl":{"start":{"line":4,"column":22},"end":{"line":4,"column":23}},"loc":{"start":{"line":4,"column":59},"end":{"line":85,"column":1}},"line":4},"1":{"name":"(anonymous_1)","decl":{"start":{"line":10,"column":25},"end":{"line":10,"column":26}},"loc":{"start":{"line":10,"column":31},"end":{"line":21,"column":3}},"line":10},"2":{"name":"(anonymous_2)","decl":{"start":{"line":23,"column":20},"end":{"line":23,"column":21}},"loc":{"start":{"line":23,"column":26},"end":{"line":28,"column":3}},"line":23},"3":{"name":"(anonymous_3)","decl":{"start":{"line":42,"column":24},"end":{"line":42,"column":25}},"loc":{"start":{"line":42,"column":31},"end":{"line":42,"column":54}},"line":42},"4":{"name":"(anonymous_4)","decl":{"start":{"line":51,"column":24},"end":{"line":51,"column":25}},"loc":{"start":{"line":51,"column":31},"end":{"line":51,"column":56}},"line":51},"5":{"name":"(anonymous_5)","decl":{"start":{"line":60,"column":24},"end":{"line":60,"column":25}},"loc":{"start":{"line":60,"column":31},"end":{"line":60,"column":61}},"line":60},"6":{"name":"(anonymous_6)","decl":{"start":{"line":69,"column":24},"end":{"line":69,"column":25}},"loc":{"start":{"line":69,"column":31},"end":{"line":69,"column":59}},"line":69}},"branchMap":{"0":{"loc":{"start":{"line":30,"column":2},"end":{"line":30,"column":27}},"type":"if","locations":[{"start":{"line":30,"column":2},"end":{"line":30,"column":27}},{"start":{},"end":{}}],"line":30}},"s":{"0":0,"1":0,"2":0,"3":0,"4":0,"5":0,"6":0,"7":0,"8":0,"9":0,"10":0,"11":0,"12":0,"13":0,"14":0,"15":0,"16":0,"17":0,"18":0,"19":0,"20":0,"21":0},"f":{"0":0,"1":0,"2":0,"3":0,"4":0,"5":0,"6":0},"b":{"0":[0,0]}}
,"E:\\Capstone_VillageTech\\client\\src\\components\\appointmentCard\\AppointmentCard.js": {"path":"E:\\Capstone_VillageTech\\client\\src\\components\\appointmentCard\\AppointmentCard.js","statementMap":{"0":{"start":{"line":3,"column":24},"end":{"line":12,"column":1}},"1":{"start":{"line":4,"column":2},"end":{"line":11,"column":4}}},"fnMap":{"0":{"name":"(anonymous_0)","decl":{"start":{"line":3,"column":24},"end":{"line":3,"column":25}},"loc":{"start":{"line":3,"column":62},"end":{"line":12,"column":1}},"line":3}},"branchMap":{},"s":{"0":0,"1":0},"f":{"0":0},"b":{}}
,"E:\\Capstone_VillageTech\\client\\src\\components\\auth\\AuthGuard.js": {"path":"E:\\Capstone_VillageTech\\client\\src\\components\\auth\\AuthGuard.js","statementMap":{"0":{"start":{"line":5,"column":18},"end":{"line":36,"column":1}},"1":{"start":{"line":6,"column":48},"end":{"line":6,"column":63}},"2":{"start":{"line":7,"column":32},"end":{"line":7,"column":46}},"3":{"start":{"line":9,"column":2},"end":{"line":25,"column":9}},"4":{"start":{"line":10,"column":25},"end":{"line":14,"column":5}},"5":{"start":{"line":11,"column":36},"end":{"line":11,"column":68}},"6":{"start":{"line":12,"column":6},"end":{"line":12,"column":36}},"7":{"start":{"line":13,"column":6},"end":{"line":13,"column":24}},"8":{"start":{"line":16,"column":4},"end":{"line":16,"column":19}},"9":{"start":{"line":18,"column":35},"end":{"line":20,"column":6}},"10":{"start":{"line":19,"column":6},"end":{"line":19,"column":36}},"11":{"start":{"line":22,"column":4},"end":{"line":24,"column":6}},"12":{"start":{"line":23,"column":6},"end":{"line":23,"column":46}},"13":{"start":{"line":27,"column":2},"end":{"line":29,"column":3}},"14":{"start":{"line":28,"column":4},"end":{"line":28,"column":33}},"15":{"start":{"line":31,"column":2},"end":{"line":33,"column":3}},"16":{"start":{"line":32,"column":4},"end":{"line":32,"column":44}},"17":{"start":{"line":35,"column":2},"end":{"line":35,"column":18}}},"fnMap":{"0":{"name":"(anonymous_0)","decl":{"start":{"line":5,"column":18},"end":{"line":5,"column":19}},"loc":{"start":{"line":5,"column":36},"end":{"line":36,"column":1}},"line":5},"1":{"name":"(anonymous_1)","decl":{"start":{"line":9,"column":12},"end":{"line":9,"column":13}},"loc":{"start":{"line":9,"column":18},"end":{"line":25,"column":3}},"line":9},"2":{"name":"(anonymous_2)","decl":{"start":{"line":10,"column":25},"end":{"line":10,"column":26}},"loc":{"start":{"line":10,"column":37},"end":{"line":14,"column":5}},"line":10},"3":{"name":"(anonymous_3)","decl":{"start":{"line":18,"column":67},"end":{"line":18,"column":68}},"loc":{"start":{"line":18,"column":88},"end":{"line":20,"column":5}},"line":18},"4":{"name":"(anonymous_4)","decl":{"start":{"line":22,"column":11},"end":{"line":22,"column":12}},"loc":{"start":{"line":22,"column":17},"end":{"line":24,"column":5}},"line":22}},"branchMap":{"0":{"loc":{"start":{"line":27,"column":2},"end":{"line":29,"column":3}},"type":"if","locations":[{"start":{"line":27,"column":2},"end":{"line":29,"column":3}},{"start":{},"end":{}}],"line":27},"1":{"loc":{"start":{"line":31,"column":2},"end":{"line":33,"column":3}},"type":"if","locations":[{"start":{"line":31,"column":2},"end":{"line":33,"column":3}},{"start":{},"end":{}}],"line":31}},"s":{"0":0,"1":0,"2":0,"3":0,"4":0,"5":0,"6":0,"7":0,"8":0,"9":0,"10":0,"11":0,"12":0,"13":0,"14":0,"15":0,"16":0,"17":0},"f":{"0":0,"1":0,"2":0,"3":0,"4":0},"b":{"0":[0,0],"1":[0,0]}}
,"E:\\Capstone_VillageTech\\client\\src\\components\\auth\\SignOut.js": {"path":"E:\\Capstone_VillageTech\\client\\src\\components\\auth\\SignOut.js","statementMap":{"0":{"start":{"line":6,"column":22},"end":{"line":21,"column":1}},"1":{"start":{"line":7,"column":47},"end":{"line":7,"column":72}},"2":{"start":{"line":9,"column":20},"end":{"line":14,"column":5}},"3":{"start":{"line":10,"column":8},"end":{"line":10,"column":35}},"4":{"start":{"line":11,"column":8},"end":{"line":11,"column":38}},"5":{"start":{"line":12,"column":8},"end":{"line":12,"column":49}},"6":{"start":{"line":13,"column":8},"end":{"line":13,"column":40}},"7":{"start":{"line":16,"column":4},"end":{"line":20,"column":6}}},"fnMap":{"0":{"name":"(anonymous_0)","decl":{"start":{"line":6,"column":22},"end":{"line":6,"column":23}},"loc":{"start":{"line":6,"column":28},"end":{"line":21,"column":1}},"line":6},"1":{"name":"(anonymous_1)","decl":{"start":{"line":9,"column":20},"end":{"line":9,"column":21}},"loc":{"start":{"line":9,"column":32},"end":{"line":14,"column":5}},"line":9}},"branchMap":{},"s":{"0":0,"1":0,"2":0,"3":0,"4":0,"5":0,"6":0,"7":0},"f":{"0":0,"1":0},"b":{}}
,"E:\\Capstone_VillageTech\\client\\src\\components\\clockInOut\\ClockInOut.js": {"path":"E:\\Capstone_VillageTech\\client\\src\\components\\clockInOut\\ClockInOut.js","statementMap":{"0":{"start":{"line":4,"column":19},"end":{"line":75,"column":1}},"1":{"start":{"line":5,"column":40},"end":{"line":5,"column":55}},"2":{"start":{"line":6,"column":40},"end":{"line":6,"column":54}},"3":{"start":{"line":7,"column":19},"end":{"line":7,"column":38}},"4":{"start":{"line":8,"column":18},"end":{"line":8,"column":30}},"5":{"start":{"line":10,"column":2},"end":{"line":12,"column":9}},"6":{"start":{"line":11,"column":4},"end":{"line":11,"column":25}},"7":{"start":{"line":14,"column":29},"end":{"line":29,"column":3}},"8":{"start":{"line":15,"column":4},"end":{"line":28,"column":5}},"9":{"start":{"line":16,"column":30},"end":{"line":22,"column":17}},"10":{"start":{"line":24,"column":6},"end":{"line":27,"column":7}},"11":{"start":{"line":25,"column":8},"end":{"line":25,"column":29}},"12":{"start":{"line":26,"column":8},"end":{"line":26,"column":41}},"13":{"start":{"line":31,"column":24},"end":{"line":46,"column":3}},"14":{"start":{"line":32,"column":28},"end":{"line":38,"column":8}},"15":{"start":{"line":40,"column":4},"end":{"line":45,"column":5}},"16":{"start":{"line":41,"column":6},"end":{"line":41,"column":49}},"17":{"start":{"line":43,"column":6},"end":{"line":43,"column":27}},"18":{"start":{"line":44,"column":6},"end":{"line":44,"column":47}},"19":{"start":{"line":48,"column":25},"end":{"line":61,"column":3}},"20":{"start":{"line":49,"column":28},"end":{"line":53,"column":28}},"21":{"start":{"line":55,"column":4},"end":{"line":60,"column":5}},"22":{"start":{"line":56,"column":6},"end":{"line":56,"column":50}},"23":{"start":{"line":58,"column":6},"end":{"line":58,"column":28}},"24":{"start":{"line":59,"column":6},"end":{"line":59,"column":27}},"25":{"start":{"line":63,"column":2},"end":{"line":74,"column":4}}},"fnMap":{"0":{"name":"(anonymous_0)","decl":{"start":{"line":4,"column":19},"end":{"line":4,"column":20}},"loc":{"start":{"line":4,"column":25},"end":{"line":75,"column":1}},"line":4},"1":{"name":"(anonymous_1)","decl":{"start":{"line":10,"column":12},"end":{"line":10,"column":13}},"loc":{"start":{"line":10,"column":18},"end":{"line":12,"column":3}},"line":10},"2":{"name":"(anonymous_2)","decl":{"start":{"line":14,"column":29},"end":{"line":14,"column":30}},"loc":{"start":{"line":14,"column":41},"end":{"line":29,"column":3}},"line":14},"3":{"name":"(anonymous_3)","decl":{"start":{"line":31,"column":24},"end":{"line":31,"column":25}},"loc":{"start":{"line":31,"column":36},"end":{"line":46,"column":3}},"line":31},"4":{"name":"(anonymous_4)","decl":{"start":{"line":48,"column":25},"end":{"line":48,"column":26}},"loc":{"start":{"line":48,"column":37},"end":{"line":61,"column":3}},"line":48}},"branchMap":{"0":{"loc":{"start":{"line":15,"column":4},"end":{"line":28,"column":5}},"type":"if","locations":[{"start":{"line":15,"column":4},"end":{"line":28,"column":5}},{"start":{},"end":{}}],"line":15},"1":{"loc":{"start":{"line":24,"column":6},"end":{"line":27,"column":7}},"type":"if","locations":[{"start":{"line":24,"column":6},"end":{"line":27,"column":7}},{"start":{},"end":{}}],"line":24},"2":{"loc":{"start":{"line":24,"column":10},"end":{"line":24,"column":33}},"type":"binary-expr","locations":[{"start":{"line":24,"column":10},"end":{"line":24,"column":14}},{"start":{"line":24,"column":18},"end":{"line":24,"column":33}}],"line":24},"3":{"loc":{"start":{"line":40,"column":4},"end":{"line":45,"column":5}},"type":"if","locations":[{"start":{"line":40,"column":4},"end":{"line":45,"column":5}},{"start":{"line":42,"column":11},"end":{"line":45,"column":5}}],"line":40},"4":{"loc":{"start":{"line":55,"column":4},"end":{"line":60,"column":5}},"type":"if","locations":[{"start":{"line":55,"column":4},"end":{"line":60,"column":5}},{"start":{"line":57,"column":11},"end":{"line":60,"column":5}}],"line":55},"5":{"loc":{"start":{"line":65,"column":7},"end":{"line":72,"column":7}},"type":"cond-expr","locations":[{"start":{"line":66,"column":8},"end":{"line":69,"column":11}},{"start":{"line":71,"column":8},"end":{"line":71,"column":57}}],"line":65}},"s":{"0":0,"1":0,"2":0,"3":0,"4":0,"5":0,"6":0,"7":0,"8":0,"9":0,"10":0,"11":0,"12":0,"13":0,"14":0,"15":0,"16":0,"17":0,"18":0,"19":0,"20":0,"21":0,"22":0,"23":0,"24":0,"25":0},"f":{"0":0,"1":0,"2":0,"3":0,"4":0},"b":{"0":[0,0],"1":[0,0],"2":[0,0],"3":[0,0],"4":[0,0],"5":[0,0]}}
,"E:\\Capstone_VillageTech\\client\\src\\components\\patientSidebar\\PatientSidebar.js": {"path":"E:\\Capstone_VillageTech\\client\\src\\components\\patientSidebar\\PatientSidebar.js","statementMap":{"0":{"start":{"line":6,"column":23},"end":{"line":212,"column":1}},"1":{"start":{"line":7,"column":30},"end":{"line":7,"column":42}},"2":{"start":{"line":8,"column":2},"end":{"line":8,"column":63}},"3":{"start":{"line":9,"column":42},"end":{"line":9,"column":54}},"4":{"start":{"line":10,"column":36},"end":{"line":10,"column":48}},"5":{"start":{"line":11,"column":34},"end":{"line":11,"column":46}},"6":{"start":{"line":12,"column":28},"end":{"line":12,"column":42}},"7":{"start":{"line":13,"column":19},"end":{"line":13,"column":38}},"8":{"start":{"line":15,"column":2},"end":{"line":22,"column":24}},"9":{"start":{"line":16,"column":4},"end":{"line":21,"column":5}},"10":{"start":{"line":17,"column":6},"end":{"line":17,"column":44}},"11":{"start":{"line":18,"column":6},"end":{"line":18,"column":41}},"12":{"start":{"line":19,"column":6},"end":{"line":19,"column":19}},"13":{"start":{"line":20,"column":6},"end":{"line":20,"column":43}},"14":{"start":{"line":24,"column":28},"end":{"line":38,"column":3}},"15":{"start":{"line":25,"column":4},"end":{"line":37,"column":5}},"16":{"start":{"line":26,"column":30},"end":{"line":31,"column":17}},"17":{"start":{"line":33,"column":6},"end":{"line":33,"column":29}},"18":{"start":{"line":33,"column":17},"end":{"line":33,"column":29}},"19":{"start":{"line":34,"column":6},"end":{"line":34,"column":28}},"20":{"start":{"line":36,"column":6},"end":{"line":36,"column":67}},"21":{"start":{"line":41,"column":25},"end":{"line":44,"column":3}},"22":{"start":{"line":42,"column":27},"end":{"line":42,"column":76}},"23":{"start":{"line":43,"column":4},"end":{"line":43,"column":33}},"24":{"start":{"line":46,"column":21},"end":{"line":59,"column":3}},"25":{"start":{"line":47,"column":4},"end":{"line":58,"column":5}},"26":{"start":{"line":48,"column":30},"end":{"line":48,"column":77}},"27":{"start":{"line":49,"column":6},"end":{"line":49,"column":29}},"28":{"start":{"line":49,"column":17},"end":{"line":49,"column":29}},"29":{"start":{"line":51,"column":27},"end":{"line":54,"column":12}},"30":{"start":{"line":52,"column":8},"end":{"line":52,"column":47}},"31":{"start":{"line":53,"column":8},"end":{"line":53,"column":19}},"32":{"start":{"line":55,"column":6},"end":{"line":55,"column":32}},"33":{"start":{"line":57,"column":6},"end":{"line":57,"column":65}},"34":{"start":{"line":61,"column":27},"end":{"line":89,"column":3}},"35":{"start":{"line":62,"column":4},"end":{"line":88,"column":5}},"36":{"start":{"line":63,"column":57},"end":{"line":67,"column":17}},"37":{"start":{"line":69,"column":6},"end":{"line":69,"column":43}},"38":{"start":{"line":69,"column":24},"end":{"line":69,"column":43}},"39":{"start":{"line":71,"column":6},"end":{"line":85,"column":7}},"40":{"start":{"line":72,"column":55},"end":{"line":76,"column":19}},"41":{"start":{"line":78,"column":8},"end":{"line":78,"column":41}},"42":{"start":{"line":78,"column":24},"end":{"line":78,"column":41}},"43":{"start":{"line":80,"column":8},"end":{"line":84,"column":11}},"44":{"start":{"line":87,"column":6},"end":{"line":87,"column":68}},"45":{"start":{"line":91,"column":2},"end":{"line":94,"column":3}},"46":{"start":{"line":92,"column":4},"end":{"line":92,"column":56}},"47":{"start":{"line":93,"column":4},"end":{"line":93,"column":42}},"48":{"start":{"line":105,"column":6},"end":{"line":105,"column":21}},"49":{"start":{"line":107,"column":2},"end":{"line":211,"column":4}},"50":{"start":{"line":162,"column":12},"end":{"line":180,"column":18}},"51":{"start":{"line":195,"column":14},"end":{"line":198,"column":20}}},"fnMap":{"0":{"name":"(anonymous_0)","decl":{"start":{"line":6,"column":23},"end":{"line":6,"column":24}},"loc":{"start":{"line":6,"column":29},"end":{"line":212,"column":1}},"line":6},"1":{"name":"(anonymous_1)","decl":{"start":{"line":15,"column":12},"end":{"line":15,"column":13}},"loc":{"start":{"line":15,"column":18},"end":{"line":22,"column":3}},"line":15},"2":{"name":"(anonymous_2)","decl":{"start":{"line":24,"column":28},"end":{"line":24,"column":29}},"loc":{"start":{"line":24,"column":49},"end":{"line":38,"column":3}},"line":24},"3":{"name":"(anonymous_3)","decl":{"start":{"line":41,"column":25},"end":{"line":41,"column":26}},"loc":{"start":{"line":41,"column":40},"end":{"line":44,"column":3}},"line":41},"4":{"name":"(anonymous_4)","decl":{"start":{"line":46,"column":21},"end":{"line":46,"column":22}},"loc":{"start":{"line":46,"column":33},"end":{"line":59,"column":3}},"line":46},"5":{"name":"(anonymous_5)","decl":{"start":{"line":51,"column":39},"end":{"line":51,"column":40}},"loc":{"start":{"line":51,"column":61},"end":{"line":54,"column":7}},"line":51},"6":{"name":"(anonymous_6)","decl":{"start":{"line":61,"column":27},"end":{"line":61,"column":28}},"loc":{"start":{"line":61,"column":48},"end":{"line":89,"column":3}},"line":61},"7":{"name":"(anonymous_7)","decl":{"start":{"line":161,"column":27},"end":{"line":161,"column":28}},"loc":{"start":{"line":162,"column":12},"end":{"line":180,"column":18}},"line":162},"8":{"name":"(anonymous_8)","decl":{"start":{"line":194,"column":26},"end":{"line":194,"column":27}},"loc":{"start":{"line":195,"column":14},"end":{"line":198,"column":20}},"line":195}},"branchMap":{"0":{"loc":{"start":{"line":16,"column":4},"end":{"line":21,"column":5}},"type":"if","locations":[{"start":{"line":16,"column":4},"end":{"line":21,"column":5}},{"start":{},"end":{}}],"line":16},"1":{"loc":{"start":{"line":16,"column":8},"end":{"line":16,"column":45}},"type":"binary-expr","locations":[{"start":{"line":16,"column":8},"end":{"line":16,"column":23}},{"start":{"line":16,"column":27},"end":{"line":16,"column":45}}],"line":16},"2":{"loc":{"start":{"line":33,"column":6},"end":{"line":33,"column":29}},"type":"if","locations":[{"start":{"line":33,"column":6},"end":{"line":33,"column":29}},{"start":{},"end":{}}],"line":33},"3":{"loc":{"start":{"line":49,"column":6},"end":{"line":49,"column":29}},"type":"if","locations":[{"start":{"line":49,"column":6},"end":{"line":49,"column":29}},{"start":{},"end":{}}],"line":49},"4":{"loc":{"start":{"line":69,"column":6},"end":{"line":69,"column":43}},"type":"if","locations":[{"start":{"line":69,"column":6},"end":{"line":69,"column":43}},{"start":{},"end":{}}],"line":69},"5":{"loc":{"start":{"line":71,"column":6},"end":{"line":85,"column":7}},"type":"if","locations":[{"start":{"line":71,"column":6},"end":{"line":85,"column":7}},{"start":{},"end":{}}],"line":71},"6":{"loc":{"start":{"line":71,"column":10},"end":{"line":71,"column":45}},"type":"binary-expr","locations":[{"start":{"line":71,"column":10},"end":{"line":71,"column":21}},{"start":{"line":71,"column":25},"end":{"line":71,"column":45}}],"line":71},"7":{"loc":{"start":{"line":78,"column":8},"end":{"line":78,"column":41}},"type":"if","locations":[{"start":{"line":78,"column":8},"end":{"line":78,"column":41}},{"start":{},"end":{}}],"line":78},"8":{"loc":{"start":{"line":91,"column":2},"end":{"line":94,"column":3}},"type":"if","locations":[{"start":{"line":91,"column":2},"end":{"line":94,"column":3}},{"start":{},"end":{}}],"line":91},"9":{"loc":{"start":{"line":97,"column":8},"end":{"line":97,"column":31}},"type":"default-arg","locations":[{"start":{"line":97,"column":29},"end":{"line":97,"column":31}}],"line":97},"10":{"loc":{"start":{"line":98,"column":10},"end":{"line":98,"column":26}},"type":"default-arg","locations":[{"start":{"line":98,"column":24},"end":{"line":98,"column":26}}],"line":98},"11":{"loc":{"start":{"line":99,"column":19},"end":{"line":99,"column":27}},"type":"default-arg","locations":[{"start":{"line":99,"column":25},"end":{"line":99,"column":27}}],"line":99},"12":{"loc":{"start":{"line":100,"column":4},"end":{"line":100,"column":14}},"type":"default-arg","locations":[{"start":{"line":100,"column":12},"end":{"line":100,"column":14}}],"line":100},"13":{"loc":{"start":{"line":101,"column":4},"end":{"line":101,"column":15}},"type":"default-arg","locations":[{"start":{"line":101,"column":13},"end":{"line":101,"column":15}}],"line":101},"14":{"loc":{"start":{"line":102,"column":4},"end":{"line":102,"column":17}},"type":"default-arg","locations":[{"start":{"line":102,"column":15},"end":{"line":102,"column":17}}],"line":102},"15":{"loc":{"start":{"line":103,"column":15},"end":{"line":103,"column":28}},"type":"default-arg","locations":[{"start":{"line":103,"column":26},"end":{"line":103,"column":28}}],"line":103},"16":{"loc":{"start":{"line":104,"column":22},"end":{"line":104,"column":42}},"type":"default-arg","locations":[{"start":{"line":104,"column":40},"end":{"line":104,"column":42}}],"line":104},"17":{"loc":{"start":{"line":112,"column":17},"end":{"line":112,"column":53}},"type":"binary-expr","locations":[{"start":{"line":112,"column":17},"end":{"line":112,"column":25}},{"start":{"line":112,"column":29},"end":{"line":112,"column":53}}],"line":112},"18":{"loc":{"start":{"line":153,"column":35},"end":{"line":153,"column":55}},"type":"binary-expr","locations":[{"start":{"line":153,"column":35},"end":{"line":153,"column":46}},{"start":{"line":153,"column":50},"end":{"line":153,"column":55}}],"line":153},"19":{"loc":{"start":{"line":154,"column":37},"end":{"line":154,"column":58}},"type":"binary-expr","locations":[{"start":{"line":154,"column":37},"end":{"line":154,"column":49}},{"start":{"line":154,"column":53},"end":{"line":154,"column":58}}],"line":154},"20":{"loc":{"start":{"line":155,"column":12},"end":{"line":155,"column":33}},"type":"binary-expr","locations":[{"start":{"line":155,"column":12},"end":{"line":155,"column":24}},{"start":{"line":155,"column":28},"end":{"line":155,"column":33}}],"line":155},"21":{"loc":{"start":{"line":160,"column":9},"end":{"line":184,"column":9}},"type":"cond-expr","locations":[{"start":{"line":161,"column":10},"end":{"line":181,"column":12}},{"start":{"line":183,"column":10},"end":{"line":183,"column":42}}],"line":160},"22":{"loc":{"start":{"line":178,"column":41},"end":{"line":178,"column":72}},"type":"binary-expr","locations":[{"start":{"line":178,"column":41},"end":{"line":178,"column":63}},{"start":{"line":178,"column":67},"end":{"line":178,"column":72}}],"line":178},"23":{"loc":{"start":{"line":193,"column":11},"end":{"line":202,"column":11}},"type":"cond-expr","locations":[{"start":{"line":194,"column":12},"end":{"line":199,"column":14}},{"start":{"line":201,"column":12},"end":{"line":201,"column":42}}],"line":193},"24":{"loc":{"start":{"line":208,"column":12},"end":{"line":208,"column":36}},"type":"binary-expr","locations":[{"start":{"line":208,"column":12},"end":{"line":208,"column":27}},{"start":{"line":208,"column":31},"end":{"line":208,"column":36}}],"line":208}},"s":{"0":1,"1":3,"2":3,"3":3,"4":3,"5":3,"6":3,"7":3,"8":3,"9":3,"10":0,"11":0,"12":0,"13":0,"14":3,"15":0,"16":0,"17":0,"18":0,"19":0,"20":0,"21":3,"22":0,"23":0,"24":3,"25":0,"26":0,"27":0,"28":0,"29":0,"30":0,"31":0,"32":0,"33":0,"34":3,"35":0,"36":0,"37":0,"38":0,"39":0,"40":0,"41":0,"42":0,"43":0,"44":0,"45":3,"46":3,"47":3,"48":0,"49":0,"50":0,"51":0},"f":{"0":3,"1":3,"2":0,"3":0,"4":0,"5":0,"6":0,"7":0,"8":0},"b":{"0":[0,3],"1":[3,0],"2":[0,0],"3":[0,0],"4":[0,0],"5":[0,0],"6":[0,0],"7":[0,0],"8":[3,0],"9":[0],"10":[0],"11":[0],"12":[0],"13":[0],"14":[0],"15":[0],"16":[0],"17":[0,0],"18":[0,0],"19":[0,0],"20":[0,0],"21":[0,0],"22":[0,0],"23":[0,0],"24":[0,0]},"_coverageSchema":"1a1c01bbd47fc00a2c39e90264f33305004495a9","hash":"69c10fcac70595ce0b09b0cf0bbfd2064ba4e380"}
,"E:\\Capstone_VillageTech\\client\\src\\components\\routes\\supabaseClient.js": {"path":"E:\\Capstone_VillageTech\\client\\src\\components\\routes\\supabaseClient.js","statementMap":{"0":{"start":{"line":3,"column":20},"end":{"line":3,"column":54}},"1":{"start":{"line":4,"column":24},"end":{"line":4,"column":63}},"2":{"start":{"line":6,"column":0},"end":{"line":8,"column":1}},"3":{"start":{"line":7,"column":2},"end":{"line":7,"column":60}},"4":{"start":{"line":10,"column":24},"end":{"line":13,"column":2}}},"fnMap":{},"branchMap":{"0":{"loc":{"start":{"line":6,"column":0},"end":{"line":8,"column":1}},"type":"if","locations":[{"start":{"line":6,"column":0},"end":{"line":8,"column":1}},{"start":{},"end":{}}],"line":6},"1":{"loc":{"start":{"line":6,"column":4},"end":{"line":6,"column":36}},"type":"binary-expr","locations":[{"start":{"line":6,"column":4},"end":{"line":6,"column":16}},{"start":{"line":6,"column":20},"end":{"line":6,"column":36}}],"line":6}},"s":{"0":0,"1":0,"2":0,"3":0,"4":0},"f":{},"b":{"0":[0,0],"1":[0,0]}}
,"E:\\Capstone_VillageTech\\client\\src\\context\\PatientContext.js": {"path":"E:\\Capstone_VillageTech\\client\\src\\context\\PatientContext.js","statementMap":{"0":{"start":{"line":3,"column":23},"end":{"line":3,"column":38}},"1":{"start":{"line":5,"column":31},"end":{"line":13,"column":1}},"2":{"start":{"line":6,"column":48},"end":{"line":6,"column":62}},"3":{"start":{"line":8,"column":2},"end":{"line":12,"column":4}},"4":{"start":{"line":15,"column":26},"end":{"line":23,"column":1}},"5":{"start":{"line":16,"column":18},"end":{"line":16,"column":44}},"6":{"start":{"line":18,"column":2},"end":{"line":20,"column":3}},"7":{"start":{"line":19,"column":4},"end":{"line":19,"column":72}},"8":{"start":{"line":22,"column":2},"end":{"line":22,"column":17}}},"fnMap":{"0":{"name":"(anonymous_0)","decl":{"start":{"line":5,"column":31},"end":{"line":5,"column":32}},"loc":{"start":{"line":5,"column":49},"end":{"line":13,"column":1}},"line":5},"1":{"name":"(anonymous_1)","decl":{"start":{"line":15,"column":26},"end":{"line":15,"column":27}},"loc":{"start":{"line":15,"column":32},"end":{"line":23,"column":1}},"line":15}},"branchMap":{"0":{"loc":{"start":{"line":18,"column":2},"end":{"line":20,"column":3}},"type":"if","locations":[{"start":{"line":18,"column":2},"end":{"line":20,"column":3}},{"start":{},"end":{}}],"line":18}},"s":{"0":3,"1":3,"2":8,"3":8,"4":3,"5":11,"6":10,"7":4,"8":6},"f":{"0":8,"1":11},"b":{"0":[4,6]},"_coverageSchema":"1a1c01bbd47fc00a2c39e90264f33305004495a9","hash":"b3440f1e231fccdda34cafdb0585512609ad17aa"}
,"E:\\Capstone_VillageTech\\client\\src\\pages\\admin\\Account.js": {"path":"E:\\Capstone_VillageTech\\client\\src\\pages\\admin\\Account.js","statementMap":{"0":{"start":{"line":7,"column":16},"end":{"line":275,"column":1}},"1":{"start":{"line":8,"column":36},"end":{"line":8,"column":50}},"2":{"start":{"line":9,"column":36},"end":{"line":9,"column":51}},"3":{"start":{"line":10,"column":40},"end":{"line":10,"column":54}},"4":{"start":{"line":11,"column":46},"end":{"line":11,"column":60}},"5":{"start":{"line":12,"column":23},"end":{"line":12,"column":41}},"6":{"start":{"line":13,"column":19},"end":{"line":13,"column":38}},"7":{"start":{"line":14,"column":18},"end":{"line":14,"column":30}},"8":{"start":{"line":16,"column":2},"end":{"line":18,"column":16}},"9":{"start":{"line":17,"column":4},"end":{"line":17,"column":21}},"10":{"start":{"line":20,"column":25},"end":{"line":39,"column":3}},"11":{"start":{"line":21,"column":4},"end":{"line":21,"column":35}},"12":{"start":{"line":21,"column":28},"end":{"line":21,"column":35}},"13":{"start":{"line":23,"column":4},"end":{"line":38,"column":5}},"14":{"start":{"line":24,"column":30},"end":{"line":28,"column":17}},"15":{"start":{"line":30,"column":6},"end":{"line":30,"column":29}},"16":{"start":{"line":30,"column":17},"end":{"line":30,"column":29}},"17":{"start":{"line":32,"column":6},"end":{"line":35,"column":9}},"18":{"start":{"line":37,"column":6},"end":{"line":37,"column":57}},"19":{"start":{"line":41,"column":21},"end":{"line":44,"column":3}},"20":{"start":{"line":42,"column":4},"end":{"line":42,"column":23}},"21":{"start":{"line":43,"column":4},"end":{"line":43,"column":37}},"22":{"start":{"line":46,"column":23},"end":{"line":50,"column":3}},"23":{"start":{"line":47,"column":4},"end":{"line":47,"column":24}},"24":{"start":{"line":48,"column":4},"end":{"line":48,"column":25}},"25":{"start":{"line":49,"column":4},"end":{"line":49,"column":28}},"26":{"start":{"line":52,"column":21},"end":{"line":79,"column":3}},"27":{"start":{"line":53,"column":4},"end":{"line":78,"column":5}},"28":{"start":{"line":54,"column":50},"end":{"line":54,"column":61}},"29":{"start":{"line":56,"column":30},"end":{"line":63,"column":17}},"30":{"start":{"line":65,"column":6},"end":{"line":65,"column":29}},"31":{"start":{"line":65,"column":17},"end":{"line":65,"column":29}},"32":{"start":{"line":67,"column
[...]
,"E:\\Capstone_VillageTech\\client\\src\\pages\\reporting\\financialReports\\FinancialReportCard.js": {"path":"E:\\Capstone_VillageTech\\client\\src\\pages\\reporting\\financialReports\\FinancialReportCard.js","statementMap":{"0":{"start":{"line":7,"column":28},"end":{"line":39,"column":1}},"1":{"start":{"line":8,"column":2},"end":{"line":38,"column":4}}},"fnMap":{"0":{"name":"(anonymous_0)","decl":{"start":{"line":7,"column":28},"end":{"line":7,"column":29}},"loc":{"start":{"line":7,"column":68},"end":{"line":39,"column":1}},"line":7}},"branchMap":{},"s":{"0":0,"1":0},"f":{"0":0},"b":{}}
,"E:\\Capstone_VillageTech\\client\\src\\pages\\reporting\\financialReports\\FinancialReports.js": {"path":"E:\\Capstone_VillageTech\\client\\src\\pages\\reporting\\financialReports\\FinancialReports.js","statementMap":{"0":{"start":{"line":8,"column":25},"end":{"line":252,"column":1}},"1":{"start":{"line":9,"column":42},"end":{"line":9,"column":54}},"2":{"start":{"line":10,"column":52},"end":{"line":10,"column":64}},"3":{"start":{"line":11,"column":58},"end":{"line":11,"column":70}},"4":{"start":{"line":12,"column":42},"end":{"line":12,"column":54}},"5":{"start":{"line":13,"column":48},"end":{"line":13,"column":59}},"6":{"start":{"line":14,"column":19},"end":{"line":14,"column":38}},"7":{"start":{"line":16,"column":19},"end":{"line":27,"column":3}},"8":{"start":{"line":17,"column":18},"end":{"line":17,"column":28}},"9":{"start":{"line":18,"column":21},"end":{"line":18,"column":31}},"10":{"start":{"line":19,"column":4},"end":{"line":19,"column":42}},"11":{"start":{"line":21,"column":4},"end":{"line":26,"column":6}},"12":{"start":{"line":29,"column":23},"end":{"line":32,"column":3}},"13":{"start":{"line":30,"column":18},"end":{"line":30,"column":28}},"14":{"start":{"line":31,"column":4},"end":{"line":31,"column":45}},"15":{"start":{"line":34,"column":41},"end":{"line":70,"column":3}},"16":{"start":{"line":35,"column":4},"end":{"line":69,"column":5}},"17":{"start":{"line":36,"column":20},"end":{"line":36,"column":30}},"18":{"start":{"line":38,"column":53},"end":{"line":42,"column":42}},"19":{"start":{"line":44,"column":6},"end":{"line":44,"column":39}},"20":{"start":{"line":44,"column":22},"end":{"line":44,"column":39}},"21":{"start":{"line":46,"column":59},"end":{"line":50,"column":45}},"22":{"start":{"line":52,"column":6},"end":{"line":52,"column":45}},"23":{"start":{"line":52,"column":25},"end":{"line":52,"column":45}},"24":{"start":{"line":54,"column":25},"end":{"line":54,"column":47}},"25":{"start":{"line":55,"column":28},"end":{"line":55,"column":53}},"26":{"start":{"line":57,"column":6},"end":{"line":60,"column":9}},"27":{"start":{"line":62,"column":6},"end":{"line":65,"column":9}},"28":{"start":{"line":68,"column":6},"end":{"line":68,"column":57}},"29":{"start":{"line":72,"column":28},"end":{"line":84,"column":3}},"30":{"start":{"line":73,"column":4},"end":{"line":83,"column":5}},"31":{"start":{"line":74,"column":30},"end":{"line":76,"column":58}},"32":{"start":{"line":78,"column":6},"end":{"line":78,"column":29}},"33":{"start":{"line":78,"column":17},"end":{"line":78,"column":29}},"34":{"start":{"line":80,"column":6},"end":{"line":80,"column":28}},"35":{"start":{"line":82,"column":6},"end":{"line":82,"column":69}},"36":{"start":{"line":86,"column":24},"end":{"line":99,"column":3}},"37":{"start":{"line":87,"column":4},"end":{"line":98,"column":5}},"38":{"start":{"line":88,"column":30},"end":{"line":92,"column":9}},"39":{"start":{"line":94,"column":6},"end":{"line":94,"column":29}},"40":{"start":{"line":94,"column":17},"end":{"line":94,"column":29}},"41":{"start":{"line":95,"column":6},"end":{"line":95,"column":28}},"42":{"start":{"line":97,"column":6},"end":{"line":97,"column":65}},"43":{"start":{"line":101,"column":31},"end":{"line":119,"column":3}},"44":{"start":{"line":102,"column":4},"end":{"line":118,"column":5}},"45":{"start":{"line":103,"column":30},"end":{"line":107,"column":58}},"46":{"start":{"line":109,"column":6},"end":{"line":109,"column":29}},"47":{"start":{"line":109,"column":17},"end":{"line":109,"column":29}},"48":{"start":{"line":111,"column":20},"end":{"line":114,"column":7}},"49":{"start":{"line":112,"column":26},"end":{"line":112,"column":53}},"50":{"start":{"line":115,"column":6},"end":{"line":115,"column":32}},"51":{"start":{"line":117,"column":6},"end":{"line":117,"column":72}},"52":{"start":{"line":121,"column":28},"end":{"line":141,"column":3}},"53":{"start":{"line":122,"column":22},"end":{"line":130,"column":16}},"54":{"start":{"line":123,"column":19},"end":{"line":123,"column":29}},"55":{"start":{"line":124,"column":6},"end":{"line":124,"column":39}},"56":{"start":{"line":125,"column":6},"end":{"line":129,"column":8}},"57":{"start":{"line":132,"column":4},"end":{"line":138,"column":7}},"58":{"start":{"line":133,"column":22},"end":{"line":133,"column":50}},"59":{"start":{"line":134,"column":22},"end":{"line":134,"column":65}},"60":{"start":{"line":134,"column":44},"end":{"line":134,"column":64}},"61":{"start":{"line":135,"column":6},"end":{"line":137,"column":7}},"62":{"start":{"line":136,"column":8},"end":{"line":136,"column":24}},"63":{"start":{"line":140,"column":4},"end":{"line":140,"column":21}},"64":{"start":{"line":143,"column":2},"end":{"line":152,"column":9}},"65":{"start":{"line":144,"column":21},"end":{"line":149,"column":5}},"66":{"start":{"line":145,"column":6},"end":{"line":145,"column":45}},"67":{"start":{"line":146,"column":6},"end":{"line":146,"column":32}},"68":{"start":{"line":147,"column":6},"end":{"line":147,"column":28}},"69":{"start":{"line":148,"column":6},"end":{"line":148,"column":35}},"70":{"start":{"line":151,"column":4},"end":{"line":151,"column":15}},"71":{"start":{"line":154,"column":2},"end":{"line":251,"column":4}},"72":{"start":{"line":191,"column":22},"end":{"line":201,"column":27}},"73":{"start":{"line":224,"column":22},"end":{"line":241,"column":27}}},"fnMap":{"0":{"name":"(anonymous_0)","decl":{"start":{"line":8,"column":25},"end":{"line":8,"column":26}},"loc":{"start":{"line":8,"column":31},"end":{"line":252,"column":1}},"line":8},"1":{"name":"(anonymous_1)","decl":{"start":{"line":16,"column":19},"end":{"line":16,"column":20}},"loc":{"start":{"line":16,"column":25},"end":{"line":27,"column":3}},"line":16},"2":{"name":"(anonymous_2)","decl":{"start":{"line":29,"column":23},"end":{"line":29,"column":24}},"loc":{"start":{"line":29,"column":29},"end":{"line":32,"column":3}},"line":29},"3":{"name":"(anonymous_3)","decl":{"start":{"line":34,"column":41},"end":{"line":34,"column":42}},"loc":{"start":{"line":34,"column":53},"end":{"line":70,"column":3}},"line":34},"4":{"name":"(anonymous_4)","decl":{"start":{"line":72,"column":28},"end":{"line":72,"column":29}},"loc":{"start":{"line":72,"column":40},"end":{"line":84,"column":3}},"line":72},"5":{"name":"(anonymous_5)","decl":{"start":{"line":86,"column":24},"end":{"line":86,"column":25}},"loc":{"start":{"line":86,"column":36},"end":{"line":99,"column":3}},"line":86},"6":{"name":"(anonymous_6)","decl":{"start":{"line":101,"column":31},"end":{"line":101,"column":32}},"loc":{"start":{"line":101,"column":43},"end":{"line":119,"column":3}},"line":101},"7":{"name":"(anonymous_7)","decl":{"start":{"line":112,"column":8},"end":{"line":112,"column":9}},"loc":{"start":{"line":112,"column":26},"end":{"line":112,"column":53}},"line":112},"8":{"name":"(anonymous_8)","decl":{"start":{"line":121,"column":28},"end":{"line":121,"column":29}},"loc":{"start":{"line":121,"column":46},"end":{"line":141,"column":3}},"line":121},"9":{"name":"(anonymous_9)","decl":{"start":{"line":122,"column":48},"end":{"line":122,"column":49}},"loc":{"start":{"line":122,"column":58},"end":{"line":130,"column":5}},"line":122},"10":{"name":"(anonymous_10)","decl":{"start":{"line":132,"column":26},"end":{"line":132,"column":27}},"loc":{"start":{"line":132,"column":33},"end":{"line":138,"column":5}},"line":132},"11":{"name":"(anonymous_11)","decl":{"start":{"line":134,"column":37},"end":{"line":134,"column":38}},"loc":{"start":{"line":134,"column":44},"end":{"line":134,"column":64}},"line":134},"12":{"name":"(anonymous_12)","decl":{"start":{"line":143,"column":12},"end":{"line":143,"column":13}},"loc":{"start":{"line":143,"column":18},"end":{"line":152,"column":3}},"line":143},"13":{"name":"(anonymous_13)","decl":{"start":{"line":144,"column":21},"end":{"line":144,"column":22}},"loc":{"start":{"line":144,"column":33},"end":{"line":149,"column":5}},"line":144},"14":{"name":"(anonymous_14)","decl":{"start":{"line":190,"column":38},"end":{"line":190,"column":39}},"loc":{"start":{"line":191,"column":22},"end":{"line":201,"column":27}},"line":191},"15":{"name":"(anonymous_15)","decl":{"start":{"line":223,"column":38},"end":{"line":223,"column":39}},"loc":{"start":{"line":224,"column":22},"end":{"line":241,"column":27}},"line":224}},"branchMap":{"0":{"loc":{"start":{"line":44,"column":6},"end":{"line":44,"column":39}},"type":"if","locations":[{"start":{"line":44,"column":6},"end":{"line":44,"column":39}},{"start":{},"end":{}}],"line":44},"1":{"loc":{"start":{"line":52,"column":6},"end":{"line":52,"column":45}},"type":"if","locations":[{"start":{"line":52,"column":6},"end":{"line":52,"column":45}},{"start":{},"end":{}}],"line":52},"2":{"loc":{"start":{"line":54,"column":25},"end":{"line":54,"column":47}},"type":"binary-expr","locations":[{"start":{"line":54,"column":25},"end":{"line":54,"column":42}},{"start":{"line":54,"column":46},"end":{"line":54,"column":47}}],"line":54},"3":{"loc":{"start":{"line":55,"column":28},"end":{"line":55,"column":53}},"type":"binary-expr","locations":[{"start":{"line":55,"column":28},"end":{"line":55,"column":48}},{"start":{"line":55,"column":52},"end":{"line":55,"column":53}}],"line":55},"4":{"loc":{"start":{"line":78,"column":6},"end":{"line":78,"column":29}},"type":"if","locations":[{"start":{"line":78,"column":6},"end":{"line":78,"column":29}},{"start":{},"end":{}}],"line":78},"5":{"loc":{"start":{"line":94,"column":6},"end":{"line":94,"column":29}},"type":"if","locations":[{"start":{"line":94,"column":6},"end":{"line":94,"column":29}},{"start":{},"end":{}}],"line":94},"6":{"loc":{"start":{"line":109,"column":6},"end":{"line":109,"column":29}},"type":"if","locations":[{"start":{"line":109,"column":6},"end":{"line":109,"column":29}},{"start":{},"end":{}}],"line":109},"7":{"loc":{"start":{"line":135,"column":6},"end":{"line":137,"column":7}},"type":"if","locations":[{"start":{"line":135,"column":6},"end":{"line":137,"column":7}},{"start":{},"end":{}}],"line":135},"8":{"loc":{"start":{"line":161,"column":18},"end":{"line":161,"column":46}},"type":"binary-expr","locations":[{"start":{"line":161,"column":18},"end":{"line":161,"column":40}},{"start":{"line":161,"column":44},"end":{"line":161,"column":46}}],"line":161},"9":{"loc":{"start":{"line":163,"column":19},"end":{"line":163,"column":47}},"type":"binary-expr","locations":[{"start":{"line":163,"column":19},"end":{"line":163,"column":42}},{"start":{"line":163,"column":46},"end":{"line":163,"column":47}}],"line":163},"10":{"loc":{"start":{"line":166,"column":18},"end":{"line":166,"column":49}},"type":"binary-expr","locations":[{"start":{"line":166,"column":18},"end":{"line":166,"column":43}},{"start":{"line":166,"column":47},"end":{"line":166,"column":49}}],"line":166},"11":{"loc":{"start":{"line":168,"column":19},"end":{"line":168,"column":50}},"type":"binary-expr","locations":[{"start":{"line":168,"column":19},"end":{"line":168,"column":45}},{"start":{"line":168,"column":49},"end":{"line":168,"column":50}}],"line":168}},"s":{"0":0,"1":0,"2":0,"3":0,"4":0,"5":0,"6":0,"7":0,"8":0,"9":0,"10":0,"11":0,"12":0,"13":0,"14":0,"15":0,"16":0,"17":0,"18":0,"19":0,"20":0,"21":0,"22":0,"23":0,"24":0,"25":0,"26":0,"27":0,"28":0,"29":0,"30":0,"31":0,"32":0,"33":0,"34":0,"35":0,"36":0,"37":0,"38":0,"39":0,"40":0,"41":0,"42":0,"43":0,"44":0,"45":0,"46":0,"47":0,"48":0,"49":0,"50":0,"51":0,"52":0,"53":0,"54":0,"55":0,"56":0,"57":0,"58":0,"59":0,"60":0,"61":0,"62":0,"63":0,"64":0,"65":0,"66":0,"67":0,"68":0,"69":0,"70":0,"71":0,"72":0,"73":0},"f":{"0":0,"1":0,"2":0,"3":0,"4":0,"5":0,"6":0,"7":0,"8":0,"9":0,"10":0,"11":0,"12":0,"13":0,"14":0,"15":0},"b":{"0":[0,0],"1":[0,0],"2":[0,0],"3":[0,0],"4":[0,0],"5":[0,0],"6":[0,0],"7":[0,0],"8":[0,0],"9":[0,0],"10":[0,0],"11":[0,0]}}
,"E:\\Capstone_VillageTech\\client\\src\\pages\\reporting\\financialReports\\TotalSalesCard.js": {"path":"E:\\Capstone_VillageTech\\client\\src\\pages\\reporting\\financialReports\\TotalSalesCard.js","statementMap":{"0":{"start":{"line":5,"column":23},"end":{"line":18,"column":1}},"1":{"start":{"line":6,"column":2},"end":{"line":17,"column":4}}},"fnMap":{"0":{"name":"(anonymous_0)","decl":{"start":{"line":5,"column":23},"end":{"line":5,"column":24}},"loc":{"start":{"line":5,"column":43},"end":{"line":18,"column":1}},"line":5}},"branchMap":{},"s":{"0":0,"1":0},"f":{"0":0},"b":{}}
,"E:\\Capstone_VillageTech\\client\\src\\pages\\reporting\\reportHistory\\ReportHistory.js": {"path":"E:\\Capstone_VillageTech\\client\\src\\pages\\reporting\\reportHistory\\ReportHistory.js","statementMap":{"0":{"start":{"line":11,"column":22},"end":{"line":105,"column":1}},"1":{"start":{"line":12,"column":32},"end":{"line":12,"column":44}},"2":{"start":{"line":13,"column":46},"end":{"line":13,"column":60}},"3":{"start":{"line":14,"column":42},"end":{"line":14,"column":57}},"4":{"start":{"line":15,"column":32},"end":{"line":15,"column":46}},"5":{"start":{"line":16,"column":28},"end":{"line":16,"column":42}},"6":{"start":{"line":17,"column":19},"end":{"line":17,"column":38}},"7":{"start":{"line":19,"column":2},"end":{"line":21,"column":9}},"8":{"start":{"line":20,"column":4},"end":{"line":20,"column":19}},"9":{"start":{"line":23,"column":23},"end":{"line":41,"column":3}},"10":{"start":{"line":24,"column":4},"end":{"line":40,"column":5}},"11":{"start":{"line":25,"column":6},"end":{"line":25,"column":23}},"12":{"start":{"line":26,"column":30},"end":{"line":29,"column":44}},"13":{"start":{"line":31,"column":6},"end":{"line":31,"column":29}},"14":{"start":{"line":31,"column":17},"end":{"line":31,"column":29}},"15":{"start":{"line":33,"column":6},"end":{"line":33,"column":44}},"16":{"start":{"line":34,"column":6},"end":{"line":34,"column":29}},"17":{"start":{"line":36,"column":6},"end":{"line":36,"column":54}},"18":{"start":{"line":37,"column":6},"end":{"line":37,"column":67}},"19":{"start":{"line":39,"column":6},"end":{"line":39,"column":24}},"20":{"start":{"line":43,"column":27},"end":{"line":46,"column":3}},"21":{"start":{"line":44,"column":4},"end":{"line":44,"column":30}},"22":{"start":{"line":45,"column":4},"end":{"line":45,"column":26}},"23":{"start":{"line":48,"column":28},"end":{"line":51,"column":3}},"24":{"start":{"line":49,"column":4},"end":{"line":49,"column":27}},"25":{"start":{"line":50,"column":4},"end":{"line":50,"column":28}},"26":{"start":{"line":53,"column":2},"end":{"line":104,"column":4}},"27":{"start":{"line":76,"column":18},"end":{"line":88,"column":29}},"28":{"start":{"line":83,"column":39},"end":{"line":83,"column":63}}},"fnMap":{"0":{"name":"(anonymous_0)","decl":{"start":{"line":11,"column":22},"end":{"line":11,"column":23}},"loc":{"start":{"line":11,"column":28},"end":{"line":105,"column":1}},"line":11},"1":{"name":"(anonymous_1)","decl":{"start":{"line":19,"column":12},"end":{"line":19,"column":13}},"loc":{"start":{"line":19,"column":18},"end":{"line":21,"column":3}},"line":19},"2":{"name":"(anonymous_2)","decl":{"start":{"line":23,"column":23},"end":{"line":23,"column":24}},"loc":{"start":{"line":23,"column":35},"end":{"line":41,"column":3}},"line":23},"3":{"name":"(anonymous_3)","decl":{"start":{"line":43,"column":27},"end":{"line":43,"column":28}},"loc":{"start":{"line":43,"column":39},"end":{"line":46,"column":3}},"line":43},"4":{"name":"(anonymous_4)","decl":{"start":{"line":48,"column":28},"end":{"line":48,"column":29}},"loc":{"start":{"line":48,"column":34},"end":{"line":51,"column":3}},"line":48},"5":{"name":"(anonymous_5)","decl":{"start":{"line":75,"column":29},"end":{"line":75,"column":30}},"loc":{"start":{"line":76,"column":18},"end":{"line":88,"column":29}},"line":76},"6":{"name":"(anonymous_6)","decl":{"start":{"line":83,"column":33},"end":{"line":83,"column":34}},"loc":{"start":{"line":83,"column":39},"end":{"line":83,"column":63}},"line":83}},"branchMap":{"0":{"loc":{"start":{"line":31,"column":6},"end":{"line":31,"column":29}},"type":"if","locations":[{"start":{"line":31,"column":6},"end":{"line":31,"column":29}},{"start":{},"end":{}}],"line":31},"1":{"loc":{"start":{"line":34,"column":17},"end":{"line":34,"column":27}},"type":"binary-expr","locations":[{"start":{"line":34,"column":17},"end":{"line":34,"column":21}},{"start":{"line":34,"column":25},"end":{"line":34,"column":27}}],"line":34},"2":{"loc":{"start":{"line":58,"column":9},"end":{"line":93,"column":9}},"type":"cond-expr","locations":[{"start":{"line":59,"column":10},"end":{"line":59,"column":30}},{"start":{"line":60,"column":12},"end":{"line":93,"column":9}}],"line":58},"3":{"loc":{"start":{"line":60,"column":12},"end":{"line":93,"column":9}},"type":"cond-expr","locations":[{"start":{"line":61,"column":10},"end":{"line":61,"column":56}},{"start":{"line":62,"column":12},"end":{"line":93,"column":9}}],"line":60},"4":{"loc":{"start":{"line":62,"column":12},"end":{"line":93,"column":9}},"type":"cond-expr","locations":[{"start":{"line":63,"column":10},"end":{"line":63,"column":56}},{"start":{"line":65,"column":10},"end":{"line":92,"column":27}}],"line":62},"5":{"loc":{"start":{"line":94,"column":9},"end":{"line":101,"column":9}},"type":"binary-expr","locations":[{"start":{"line":94,"column":9},"end":{"line":94,"column":21}},{"start":{"line":95,"column":10},"end":{"line":100,"column":12}}],"line":94}},"s":{"0":0,"1":0,"2":0,"3":0,"4":0,"5":0,"6":0,"7":0,"8":0,"9":0,"10":0,"11":0,"12":0,"13":0,"14":0,"15":0,"16":0,"17":0,"18":0,"19":0,"20":0,"21":0,"22":0,"23":0,"24":0,"25":0,"26":0,"27":0,"28":0},"f":{"0":0,"1":0,"2":0,"3":0,"4":0,"5":0,"6":0},"b":{"0":[0,0],"1":[0,0],"2":[0,0],"3":[0,0],"4":[0,0],"5":[0,0]}}
}
