TN:
SF:src\components\PatientTabs.js
FN:4,(anonymous_0)
FN:19,(anonymous_1)
FNF:2
FNH:1
FNDA:13,(anonymous_0)
FNDA:0,(anonymous_1)
DA:4,1
DA:5,13
DA:7,0
DA:17,0
DA:20,0
LF:5
LH:2
BRDA:23,0,0,0
BRDA:23,0,1,0
BRF:2
BRH:0
end_of_record
TN:
SF:src\components\addEstimateModal\AddEstimateModal.js
FN:5,(anonymous_0)
FN:17,(anonymous_1)
FN:19,(anonymous_2)
FN:25,(anonymous_3)
FN:48,(anonymous_4)
FN:50,(anonymous_5)
FN:53,(anonymous_6)
FNF:7
FNH:1
FNDA:6,(anonymous_0)
FNDA:0,(anonymous_1)
FNDA:0,(anonymous_2)
FNDA:0,(anonymous_3)
FNDA:0,(anonymous_4)
FNDA:0,(anonymous_5)
FNDA:0,(anonymous_6)
DA:5,1
DA:6,6
DA:7,6
DA:15,6
DA:17,6
DA:18,0
DA:19,0
DA:25,6
DA:26,0
DA:27,0
DA:35,0
DA:37,0
DA:48,6
DA:49,0
DA:50,0
DA:53,6
DA:54,0
DA:55,0
DA:57,0
DA:58,0
DA:59,0
DA:63,0
DA:74,0
DA:75,0
DA:79,0
DA:82,0
DA:90,0
DA:91,0
DA:95,6
DA:97,0
LF:30
LH:9
BRDA:26,0,0,0
BRDA:26,0,1,0
BRDA:57,1,0,0
BRDA:57,1,1,0
BRDA:57,2,0,0
BRDA:57,2,1,0
BRDA:67,3,0,0
BRDA:67,3,1,0
BRDA:74,4,0,0
BRDA:74,4,1,0
BRDA:95,5,0,6
BRDA:95,5,1,0
BRDA:100,6,0,0
BRDA:100,6,1,0
BRDA:101,7,0,0
BRDA:101,7,1,0
BRDA:104,8,0,0
BRDA:104,8,1,0
BRDA:170,9,0,0
BRDA:170,9,1,0
BRF:20
BRH:1
end_of_record
TN:
SF:src\components\patientSidebar\PatientSidebar.js
FN:6,(anonymous_0)
FN:15,(anonymous_1)
FN:24,(anonymous_2)
FN:41,(anonymous_3)
FN:46,(anonymous_4)
FN:51,(anonymous_5)
FN:61,(anonymous_6)
FN:161,(anonymous_7)
FN:194,(anonymous_8)
FNF:9
FNH:1
FNDA:6,(anonymous_0)
FNDA:0,(anonymous_1)
FNDA:0,(anonymous_2)
FNDA:0,(anonymous_3)
FNDA:0,(anonymous_4)
FNDA:0,(anonymous_5)
FNDA:0,(anonymous_6)
FNDA:0,(anonymous_7)
FNDA:0,(anonymous_8)
DA:6,1
DA:7,6
DA:8,6
DA:9,6
DA:10,6
DA:11,6
DA:12,6
DA:13,6
DA:15,6
DA:16,0
DA:17,0
DA:18,0
DA:19,0
DA:20,0
DA:24,6
DA:25,0
DA:26,0
DA:33,0
DA:34,0
DA:36,0
DA:41,6
DA:42,0
DA:43,0
DA:46,6
DA:47,0
DA:48,0
DA:49,0
DA:51,0
DA:52,0
DA:53,0
DA:55,0
DA:57,0
DA:61,6
DA:62,0
DA:63,0
DA:69,0
DA:71,0
DA:72,0
DA:78,0
DA:80,0
DA:87,0
DA:91,6
DA:92,0
DA:93,0
DA:105,6
DA:107,6
DA:162,0
DA:195,0
LF:48
LH:16
BRDA:16,0,0,0
BRDA:16,0,1,0
BRDA:16,1,0,0
BRDA:16,1,1,0
BRDA:33,2,0,0
BRDA:33,2,1,0
BRDA:49,3,0,0
BRDA:49,3,1,0
BRDA:69,4,0,0
BRDA:69,4,1,0
BRDA:71,5,0,0
BRDA:71,5,1,0
BRDA:71,6,0,0
BRDA:71,6,1,0
BRDA:78,7,0,0
BRDA:78,7,1,0
BRDA:91,8,0,0
BRDA:91,8,1,6
BRDA:97,9,0,0
BRDA:98,10,0,0
BRDA:99,11,0,6
BRDA:100,12,0,6
BRDA:101,13,0,6
BRDA:102,14,0,6
BRDA:103,15,0,6
BRDA:104,16,0,6
BRDA:112,17,0,6
BRDA:112,17,1,6
BRDA:153,18,0,6
BRDA:153,18,1,6
BRDA:154,19,0,6
BRDA:154,19,1,6
BRDA:155,20,0,6
BRDA:155,20,1,6
BRDA:160,21,0,0
BRDA:160,21,1,6
BRDA:178,22,0,0
BRDA:178,22,1,0
BRDA:193,23,0,0
BRDA:193,23,1,6
BRDA:208,24,0,6
BRDA:208,24,1,6
BRF:42
BRH:19
end_of_record
TN:
SF:src\pages\patients\financial\Financial.js
FN:11,(anonymous_0)
FN:18,(anonymous_1)
FN:34,(anonymous_2)
FN:49,(anonymous_3)
FN:56,(anonymous_4)
FN:61,(anonymous_5)
FN:67,(anonymous_6)
FN:112,(anonymous_7)
FN:116,(anonymous_8)
FN:148,(anonymous_9)
FN:161,(anonymous_10)
FN:174,(anonymous_11)
FN:187,(anonymous_12)
FN:195,(anonymous_13)
FN:242,(anonymous_14)
FN:243,(anonymous_15)
FN:262,(anonymous_16)
FN:271,(anonymous_17)
FN:281,(anonymous_18)
FN:312,(anonymous_19)
FN:313,(anonymous_20)
FN:332,(anonymous_21)
FN:341,(anonymous_22)
FN:351,(anonymous_23)
FN:379,(anonymous_24)
FN:380,(anonymous_25)
FN:419,(anonymous_26)
FN:420,(anonymous_27)
FNF:28
FNH:1
FNDA:7,(anonymous_0)
FNDA:0,(anonymous_1)
FNDA:0,(anonymous_2)
FNDA:0,(anonymous_3)
FNDA:0,(anonymous_4)
FNDA:0,(anonymous_5)
FNDA:0,(anonymous_6)
FNDA:0,(anonymous_7)
FNDA:0,(anonymous_8)
FNDA:0,(anonymous_9)
FNDA:0,(anonymous_10)
FNDA:0,(anonymous_11)
FNDA:0,(anonymous_12)
FNDA:0,(anonymous_13)
FNDA:0,(anonymous_14)
FNDA:0,(anonymous_15)
FNDA:0,(anonymous_16)
FNDA:0,(anonymous_17)
FNDA:0,(anonymous_18)
FNDA:0,(anonymous_19)
FNDA:0,(anonymous_20)
FNDA:0,(anonymous_21)
FNDA:0,(anonymous_22)
FNDA:0,(anonymous_23)
FNDA:0,(anonymous_24)
FNDA:0,(anonymous_25)
FNDA:0,(anonymous_26)
FNDA:0,(anonymous_27)
DA:11,1
DA:12,7
DA:13,7
DA:14,6
DA:15,6
DA:16,6
DA:18,6
DA:19,0
DA:20,0
DA:25,0
DA:26,0
DA:28,0
DA:29,0
DA:34,6
DA:35,0
DA:36,0
DA:41,0
DA:42,0
DA:44,0
DA:49,6
DA:50,0
DA:51,0
DA:52,0
DA:56,6
DA:57,0
DA:58,0
DA:61,6
DA:62,0
DA:63,0
DA:67,6
DA:68,0
DA:69,0
DA:71,0
DA:83,0
DA:84,0
DA:86,0
DA:90,0
DA:94,0
DA:95,0
DA:97,0
DA:101,0
DA:103,0
DA:112,6
DA:113,0
DA:116,6
DA:117,0
DA:127,0
DA:128,0
DA:132,0
DA:135,0
DA:140,0
DA:141,0
DA:143,0
DA:144,0
DA:148,6
DA:149,0
DA:154,0
DA:155,0
DA:157,0
DA:161,6
DA:162,0
DA:167,0
DA:168,0
DA:170,0
DA:174,6
DA:175,0
DA:180,0
DA:181,0
DA:183,0
DA:187,6
DA:188,0
DA:195,6
DA:196,0
DA:198,0
DA:200,0
DA:202,0
DA:204,0
DA:206,0
DA:210,6
DA:242,0
DA:244,0
DA:262,0
DA:272,0
DA:281,0
DA:312,0
DA:314,0
DA:332,0
DA:342,0
DA:351,0
DA:379,0
DA:381,0
DA:419,0
DA:421,0
LF:93
LH:20
BRDA:19,0,0,0
BRDA:19,0,1,0
BRDA:25,1,0,0
BRDA:25,1,1,0
BRDA:35,2,0,0
BRDA:35,2,1,0
BRDA:41,3,0,0
BRDA:41,3,1,0
BRDA:69,4,0,0
BRDA:69,4,1,0
BRDA:83,5,0,0
BRDA:83,5,1,0
BRDA:94,6,0,0
BRDA:94,6,1,0
BRDA:127,7,0,0
BRDA:127,7,1,0
BRDA:140,8,0,0
BRDA:140,8,1,0
BRDA:154,9,0,0
BRDA:154,9,1,0
BRDA:167,10,0,0
BRDA:167,10,1,0
BRDA:180,11,0,0
BRDA:180,11,1,0
BRDA:196,12,0,0
BRDA:196,12,1,0
BRDA:196,12,2,0
BRDA:196,12,3,0
BRDA:196,12,4,0
BRF:29
BRH:0
end_of_record
