TN:
SF:src\App.js
FN:30,App
FNF:1
FNH:1
FNDA:3,App
DA:28,1
DA:31,3
LF:2
LH:2
BRF:0
BRH:0
end_of_record
TN:
SF:src\Layout.js
FN:25,(anonymous_0)
FN:36,(anonymous_1)
FN:42,(anonymous_2)
FN:57,(anonymous_3)
FN:67,(anonymous_4)
FN:70,(anonymous_5)
FN:75,(anonymous_6)
FN:80,(anonymous_7)
FN:86,(anonymous_8)
FN:87,(anonymous_9)
FN:88,(anonymous_10)
FN:91,(anonymous_11)
FN:125,(anonymous_12)
FN:129,(anonymous_13)
FN:133,(anonymous_14)
FN:169,(anonymous_15)
FN:170,(anonymous_16)
FNF:17
FNH:11
FNDA:26,(anonymous_0)
FNDA:26,(anonymous_1)
FNDA:26,(anonymous_2)
FNDA:25,(anonymous_3)
FNDA:0,(anonymous_4)
FNDA:0,(anonymous_5)
FNDA:0,(anonymous_6)
FNDA:25,(anonymous_7)
FNDA:25,(anonymous_8)
FNDA:0,(anonymous_9)
FNDA:25,(anonymous_10)
FNDA:0,(anonymous_11)
FNDA:0,(anonymous_12)
FNDA:1,(anonymous_13)
FNDA:26,(anonymous_14)
FNDA:130,(anonymous_15)
FNDA:130,(anonymous_16)
DA:25,1
DA:26,26
DA:27,26
DA:28,26
DA:29,26
DA:30,26
DA:31,26
DA:32,26
DA:33,26
DA:34,26
DA:36,26
DA:37,26
DA:38,26
DA:42,26
DA:43,26
DA:44,26
DA:50,0
DA:51,0
DA:53,26
DA:57,26
DA:58,25
DA:60,0
DA:66,0
DA:69,0
DA:70,0
DA:75,0
DA:76,0
DA:80,26
DA:81,25
DA:82,1
DA:86,26
DA:87,25
DA:88,25
DA:91,26
DA:92,0
DA:93,0
DA:100,26
DA:106,26
DA:118,26
DA:125,26
DA:126,0
DA:129,26
DA:130,1
DA:133,26
DA:134,26
DA:135,1
DA:136,25
DA:137,1
DA:138,24
DA:139,1
DA:140,23
DA:141,1
DA:142,22
DA:143,1
DA:144,21
DA:145,1
DA:146,20
DA:147,2
DA:148,18
DA:149,1
DA:150,17
DA:151,1
DA:152,16
DA:153,1
DA:154,15
DA:155,1
DA:156,14
DA:157,1
DA:158,13
DA:159,1
DA:160,12
DA:161,0
DA:162,12
DA:163,2
DA:164,10
DA:165,1
DA:169,26
DA:170,130
DA:171,130
DA:172,26
DA:183,104
DA:184,26
DA:186,78
DA:190,130
DA:199,26
LF:85
LH:73
BRDA:37,0,0,26
BRDA:37,0,1,0
BRDA:50,1,0,0
BRDA:50,1,1,0
BRDA:58,2,0,25
BRDA:58,2,1,0
BRDA:69,3,0,0
BRDA:69,3,1,0
BRDA:69,4,0,0
BRDA:69,4,1,0
BRDA:81,5,0,1
BRDA:81,5,1,24
BRDA:104,6,0,0
BRDA:104,6,1,26
BRDA:112,7,0,0
BRDA:112,7,1,26
BRDA:113,8,0,0
BRDA:113,8,1,26
BRDA:119,9,0,0
BRDA:119,9,1,26
BRDA:126,10,0,0
BRDA:126,10,1,0
BRDA:134,11,0,1
BRDA:134,11,1,25
BRDA:136,12,0,1
BRDA:136,12,1,24
BRDA:138,13,0,1
BRDA:138,13,1,23
BRDA:140,14,0,1
BRDA:140,14,1,22
BRDA:142,15,0,1
BRDA:142,15,1,21
BRDA:144,16,0,1
BRDA:144,16,1,20
BRDA:146,17,0,2
BRDA:146,17,1,18
BRDA:148,18,0,1
BRDA:148,18,1,17
BRDA:150,19,0,1
BRDA:150,19,1,16
BRDA:152,20,0,1
BRDA:152,20,1,15
BRDA:154,21,0,1
BRDA:154,21,1,14
BRDA:156,22,0,1
BRDA:156,22,1,13
BRDA:158,23,0,1
BRDA:158,23,1,12
BRDA:160,24,0,0
BRDA:160,24,1,12
BRDA:162,25,0,2
BRDA:162,25,1,10
BRDA:164,26,0,1
BRDA:164,26,1,9
BRDA:171,27,0,26
BRDA:171,27,1,104
BRDA:183,28,0,26
BRDA:183,28,1,78
BRDA:191,29,0,14
BRDA:191,29,1,116
BRDA:221,30,0,1
BRDA:221,30,1,25
BRDA:227,31,0,26
BRDA:227,31,1,0
BRDA:229,32,0,0
BRDA:229,32,1,0
BRDA:235,33,0,0
BRDA:235,33,1,26
BRDA:239,34,0,0
BRDA:239,34,1,0
BRDA:250,35,0,1
BRDA:250,35,1,25
BRF:72
BRH:51
end_of_record
TN:
SF:src\index.js
FNF:0
FNH:0
DA:7,0
DA:8,0
LF:2
LH:0
BRF:0
BRH:0
end_of_record
TN:
SF:src\mockSupabaseClient.js
FN:14,(anonymous_0)
FNF:1
FNH:0
FNDA:0,(anonymous_0)
DA:1,0
DA:14,0
LF:2
LH:0
BRF:0
BRH:0
end_of_record
TN:
SF:src\supabaseClient.js
FNF:0
FNH:0
DA:3,1
DA:4,1
DA:6,1
LF:3
LH:3
BRF:0
BRH:0
end_of_record
TN:
SF:src\components\PatientTabs.js
FN:4,(anonymous_0)
FN:19,(anonymous_1)
FNF:2
FNH:2
FNDA:5,(anonymous_0)
FNDA:35,(anonymous_1)
DA:4,1
DA:5,5
DA:7,5
DA:17,5
DA:20,35
LF:5
LH:5
BRDA:23,0,0,5
BRDA:23,0,1,30
BRF:2
BRH:2
end_of_record
TN:
SF:src\components\PrivateRoute.js
FN:5,(anonymous_0)
FNF:1
FNH:1
FNDA:3,(anonymous_0)
DA:5,1
DA:6,3
DA:8,3
DA:9,1
DA:12,2
DA:13,1
DA:16,1
LF:7
LH:7
BRDA:8,0,0,1
BRDA:8,0,1,2
BRDA:12,1,0,1
BRDA:12,1,1,1
BRF:4
BRH:4
end_of_record
TN:
SF:src\components\ReportingTabs.js
FN:6,(anonymous_0)
FN:15,(anonymous_1)
FN:20,(anonymous_2)
FN:24,(anonymous_3)
FN:31,(anonymous_4)
FNF:5
FNH:3
FNDA:1,(anonymous_0)
FNDA:2,(anonymous_1)
FNDA:0,(anonymous_2)
FNDA:0,(anonymous_3)
FNDA:2,(anonymous_4)
DA:6,1
DA:7,1
DA:8,1
DA:10,1
DA:15,1
DA:16,2
DA:20,1
DA:21,0
DA:24,1
DA:25,0
DA:28,1
DA:32,2
LF:12
LH:10
BRDA:16,0,0,2
BRDA:16,0,1,1
BRDA:16,0,2,1
BRDA:35,1,0,1
BRDA:35,1,1,1
BRF:5
BRH:5
end_of_record
TN:
SF:src\components\addAllergyModal\AddAllergyModal.js
FN:4,(anonymous_0)
FN:8,(anonymous_1)
FN:19,(anonymous_2)
FN:36,(anonymous_3)
FN:46,(anonymous_4)
FNF:5
FNH:5
FNDA:11,(anonymous_0)
FNDA:2,(anonymous_1)
FNDA:2,(anonymous_2)
FNDA:2,(anonymous_3)
FNDA:2,(anonymous_4)
DA:4,1
DA:5,11
DA:6,11
DA:8,11
DA:9,2
DA:14,2
DA:15,2
DA:16,2
DA:19,11
DA:20,2
DA:21,2
DA:24,11
DA:26,10
DA:36,2
DA:46,2
LF:15
LH:15
BRDA:24,0,0,1
BRDA:24,0,1,10
BRF:2
BRH:2
end_of_record
TN:
SF:src\components\addEstimateModal\AddEstimateModal.js
FN:5,(anonymous_0)
FN:17,(anonymous_1)
FN:19,(anonymous_2)
FN:25,(anonymous_3)
FN:48,(anonymous_4)
FN:50,(anonymous_5)
FN:53,(anonymous_6)
FNF:7
FNH:0
FNDA:0,(anonymous_0)
FNDA:0,(anonymous_1)
FNDA:0,(anonymous_2)
FNDA:0,(anonymous_3)
FNDA:0,(anonymous_4)
FNDA:0,(anonymous_5)
FNDA:0,(anonymous_6)
DA:5,0
DA:6,0
DA:7,0
DA:15,0
DA:17,0
DA:18,0
DA:19,0
DA:25,0
DA:26,0
DA:27,0
DA:35,0
DA:37,0
DA:48,0
DA:49,0
DA:50,0
DA:53,0
DA:54,0
DA:55,0
DA:57,0
DA:58,0
DA:59,0
DA:63,0
DA:74,0
DA:75,0
DA:79,0
DA:82,0
DA:90,0
DA:91,0
DA:95,0
DA:97,0
LF:30
LH:0
BRDA:26,0,0,0
BRDA:26,0,1,0
BRDA:57,1,0,0
BRDA:57,1,1,0
BRDA:57,2,0,0
BRDA:57,2,1,0
BRDA:67,3,0,0
BRDA:67,3,1,0
BRDA:74,4,0,0
BRDA:74,4,1,0
BRDA:95,5,0,0
BRDA:95,5,1,0
BRDA:100,6,0,0
BRDA:100,6,1,0
BRDA:101,7,0,0
BRDA:101,7,1,0
BRDA:104,8,0,0
BRDA:104,8,1,0
BRDA:170,9,0,0
BRDA:170,9,1,0
BRF:20
BRH:0
end_of_record
TN:
SF:src\components\addMedicationModal\AddMedicationModal.js
FN:4,(anonymous_0)
FN:16,(anonymous_1)
FN:36,(anonymous_2)
FN:61,(anonymous_3)
FN:70,(anonymous_4)
FN:79,(anonymous_5)
FN:88,(anonymous_6)
FN:97,(anonymous_7)
FN:105,(anonymous_8)
FN:114,(anonymous_9)
FN:122,(anonymous_10)
FN:131,(anonymous_11)
FN:140,(anonymous_12)
FNF:13
FNH:13
FNDA:27,(anonymous_0)
FNDA:2,(anonymous_1)
FNDA:2,(anonymous_2)
FNDA:2,(anonymous_3)
FNDA:2,(anonymous_4)
FNDA:2,(anonymous_5)
FNDA:2,(anonymous_6)
FNDA:2,(anonymous_7)
FNDA:2,(anonymous_8)
FNDA:2,(anonymous_9)
FNDA:2,(anonymous_10)
FNDA:2,(anonymous_11)
FNDA:2,(anonymous_12)
DA:4,1
DA:5,27
DA:6,27
DA:7,27
DA:8,27
DA:9,27
DA:10,27
DA:11,27
DA:12,27
DA:13,27
DA:14,27
DA:16,27
DA:17,2
DA:30,2
DA:31,2
DA:33,2
DA:36,27
DA:37,2
DA:38,2
DA:39,2
DA:40,2
DA:41,2
DA:42,2
DA:43,2
DA:44,2
DA:45,2
DA:46,2
DA:49,27
DA:51,26
DA:61,2
DA:70,2
DA:79,2
DA:88,2
DA:97,2
DA:105,2
DA:114,2
DA:122,2
DA:131,2
DA:140,2
LF:39
LH:39
BRDA:26,0,0,2
BRDA:26,0,1,0
BRDA:49,1,0,1
BRDA:49,1,1,26
BRF:4
BRH:3
end_of_record
TN:
SF:src\components\addNoteModal\AddNoteModal.js
FN:4,(anonymous_0)
FN:8,(anonymous_1)
FN:19,(anonymous_2)
FN:36,(anonymous_3)
FN:44,(anonymous_4)
FNF:5
FNH:5
FNDA:11,(anonymous_0)
FNDA:2,(anonymous_1)
FNDA:2,(anonymous_2)
FNDA:2,(anonymous_3)
FNDA:2,(anonymous_4)
DA:4,1
DA:5,11
DA:6,11
DA:8,11
DA:9,2
DA:14,2
DA:15,2
DA:16,2
DA:19,11
DA:20,2
DA:21,2
DA:24,11
DA:26,10
DA:36,2
DA:44,2
LF:15
LH:15
BRDA:24,0,0,1
BRDA:24,0,1,10
BRF:2
BRH:2
end_of_record
TN:
SF:src\components\addStaffModal\AddStaffModal.js
FN:5,(anonymous_0)
FN:26,(anonymous_1)
FN:32,(anonymous_2)
FN:36,(anonymous_3)
FN:40,(anonymous_4)
FN:44,(anonymous_5)
FN:52,(anonymous_6)
FN:78,(anonymous_7)
FN:86,(anonymous_8)
FN:90,(anonymous_9)
FN:94,(anonymous_10)
FN:96,(anonymous_11)
FN:98,(anonymous_12)
FN:101,(anonymous_13)
FN:106,(anonymous_14)
FN:115,(anonymous_15)
FN:153,(anonymous_16)
FNF:17
FNH:0
FNDA:0,(anonymous_0)
FNDA:0,(anonymous_1)
FNDA:0,(anonymous_2)
FNDA:0,(anonymous_3)
FNDA:0,(anonymous_4)
FNDA:0,(anonymous_5)
FNDA:0,(anonymous_6)
FNDA:0,(anonymous_7)
FNDA:0,(anonymous_8)
FNDA:0,(anonymous_9)
FNDA:0,(anonymous_10)
FNDA:0,(anonymous_11)
FNDA:0,(anonymous_12)
FNDA:0,(anonymous_13)
FNDA:0,(anonymous_14)
FNDA:0,(anonymous_15)
FNDA:0,(anonymous_16)
DA:5,0
DA:6,0
DA:23,0
DA:24,0
DA:26,0
DA:27,0
DA:28,0
DA:29,0
DA:32,0
DA:33,0
DA:36,0
DA:37,0
DA:40,0
DA:41,0
DA:44,0
DA:45,0
DA:46,0
DA:47,0
DA:49,0
DA:52,0
DA:53,0
DA:56,0
DA:59,0
DA:62,0
DA:65,0
DA:68,0
DA:71,0
DA:74,0
DA:78,0
DA:79,0
DA:80,0
DA:82,0
DA:83,0
DA:86,0
DA:88,0
DA:89,0
DA:90,0
DA:94,0
DA:95,0
DA:96,0
DA:97,0
DA:98,0
DA:101,0
DA:102,0
DA:105,0
DA:106,0
DA:107,0
DA:108,0
DA:109,0
DA:113,0
DA:114,0
DA:115,0
DA:116,0
DA:119,0
DA:120,0
DA:125,0
DA:127,0
DA:128,0
DA:143,0
DA:147,0
DA:149,0
DA:150,0
DA:153,0
DA:157,0
DA:159,0
LF:65
LH:0
BRDA:27,0,0,0
BRDA:27,0,1,0
BRDA:46,1,0,0
BRDA:46,1,1,0
BRDA:53,2,0,0
BRDA:53,2,1,0
BRDA:53,2,2,0
BRDA:53,2,3,0
BRDA:53,2,4,0
BRDA:53,2,5,0
BRDA:53,2,6,0
BRDA:53,2,7,0
BRDA:56,3,0,0
BRDA:56,3,1,0
BRDA:56,4,0,0
BRDA:56,4,1,0
BRDA:59,5,0,0
BRDA:59,5,1,0
BRDA:62,6,0,0
BRDA:62,6,1,0
BRDA:65,7,0,0
BRDA:65,7,1,0
BRDA:65,8,0,0
BRDA:65,8,1,0
BRDA:68,9,0,0
BRDA:68,9,1,0
BRDA:71,10,0,0
BRDA:71,10,1,0
BRDA:82,11,0,0
BRDA:82,11,1,0
BRDA:82,12,0,0
BRDA:82,12,1,0
BRDA:88,13,0,0
BRDA:88,13,1,0
BRDA:108,14,0,0
BRDA:108,14,1,0
BRDA:113,15,0,0
BRDA:113,15,1,0
BRDA:125,16,0,0
BRDA:125,16,1,0
BRDA:127,17,0,0
BRDA:127,17,1,0
BRDA:127,18,0,0
BRDA:127,18,1,0
BRDA:147,19,0,0
BRDA:147,19,1,0
BRDA:157,20,0,0
BRDA:157,20,1,0
BRDA:174,21,0,0
BRDA:174,21,1,0
BRDA:174,22,0,0
BRDA:174,22,1,0
BRDA:176,23,0,0
BRDA:176,23,1,0
BRDA:176,23,2,0
BRDA:190,24,0,0
BRDA:190,24,1,0
BRDA:190,25,0,0
BRDA:190,25,1,0
BRDA:192,26,0,0
BRDA:192,26,1,0
BRDA:192,26,2,0
BRDA:205,27,0,0
BRDA:205,27,1,0
BRDA:205,28,0,0
BRDA:205,28,1,0
BRDA:207,29,0,0
BRDA:207,29,1,0
BRDA:207,29,2,0
BRDA:221,30,0,0
BRDA:221,30,1,0
BRDA:221,31,0,0
BRDA:221,31,1,0
BRDA:223,32,0,0
BRDA:223,32,1,0
BRDA:223,32,2,0
BRDA:236,33,0,0
BRDA:236,33,1,0
BRDA:236,34,0,0
BRDA:236,34,1,0
BRDA:238,35,0,0
BRDA:238,35,1,0
BRDA:238,35,2,0
BRDA:253,36,0,0
BRDA:253,36,1,0
BRDA:253,37,0,0
BRDA:253,37,1,0
BRDA:255,38,0,0
BRDA:255,38,1,0
BRDA:255,38,2,0
BRDA:269,39,0,0
BRDA:269,39,1,0
BRDA:269,40,0,0
BRDA:269,40,1,0
BRDA:271,41,0,0
BRDA:271,41,1,0
BRDA:271,41,2,0
BRDA:351,42,0,0
BRDA:351,42,1,0
BRF:99
BRH:0
end_of_record
TN:
SF:src\components\addVitalModal\AddVitalModal.js
FN:4,(anonymous_0)
FN:10,(anonymous_1)
FN:23,(anonymous_2)
FN:42,(anonymous_3)
FN:51,(anonymous_4)
FN:60,(anonymous_5)
FN:69,(anonymous_6)
FNF:7
FNH:5
FNDA:8,(anonymous_0)
FNDA:0,(anonymous_1)
FNDA:0,(anonymous_2)
FNDA:1,(anonymous_3)
FNDA:1,(anonymous_4)
FNDA:1,(anonymous_5)
FNDA:1,(anonymous_6)
DA:4,1
DA:5,8
DA:6,8
DA:7,8
DA:8,8
DA:10,8
DA:11,0
DA:18,0
DA:19,0
DA:20,0
DA:23,8
DA:24,0
DA:25,0
DA:26,0
DA:27,0
DA:30,8
DA:32,7
DA:42,1
DA:51,1
DA:60,1
DA:69,1
LF:21
LH:13
BRDA:30,0,0,1
BRDA:30,0,1,7
BRF:2
BRH:2
end_of_record
TN:
SF:src\components\appointmentCard\AppointmentCard.js
FN:3,(anonymous_0)
FNF:1
FNH:1
FNDA:5,(anonymous_0)
DA:3,1
DA:4,5
LF:2
LH:2
BRF:0
BRH:0
end_of_record
TN:
SF:src\components\auth\AuthGuard.js
FN:5,(anonymous_0)
FN:9,(anonymous_1)
FN:10,(anonymous_2)
FN:18,(anonymous_3)
FN:22,(anonymous_4)
FNF:5
FNH:0
FNDA:0,(anonymous_0)
FNDA:0,(anonymous_1)
FNDA:0,(anonymous_2)
FNDA:0,(anonymous_3)
FNDA:0,(anonymous_4)
DA:5,0
DA:6,0
DA:7,0
DA:9,0
DA:10,0
DA:11,0
DA:12,0
DA:13,0
DA:16,0
DA:18,0
DA:19,0
DA:22,0
DA:23,0
DA:27,0
DA:28,0
DA:31,0
DA:32,0
DA:35,0
LF:18
LH:0
BRDA:27,0,0,0
BRDA:27,0,1,0
BRDA:31,1,0,0
BRDA:31,1,1,0
BRF:4
BRH:0
end_of_record
TN:
SF:src\components\auth\SignOut.js
FN:6,(anonymous_0)
FN:9,(anonymous_1)
FNF:2
FNH:0
FNDA:0,(anonymous_0)
FNDA:0,(anonymous_1)
DA:6,0
DA:7,0
DA:9,0
DA:10,0
DA:11,0
DA:12,0
DA:13,0
DA:16,0
LF:8
LH:0
BRF:0
BRH:0
end_of_record
TN:
SF:src\components\patientLayout\PatientLayout.js
FN:8,(anonymous_0)
FN:18,(anonymous_1)
FN:22,(anonymous_2)
FN:24,(anonymous_3)
FN:35,(anonymous_4)
FN:48,(anonymous_5)
FN:61,(anonymous_6)
FN:67,(anonymous_7)
FN:82,(anonymous_8)
FNF:9
FNH:4
FNDA:8,(anonymous_0)
FNDA:4,(anonymous_1)
FNDA:4,(anonymous_2)
FNDA:0,(anonymous_3)
FNDA:4,(anonymous_4)
FNDA:0,(anonymous_5)
FNDA:0,(anonymous_6)
FNDA:0,(anonymous_7)
FNDA:0,(anonymous_8)
DA:8,1
DA:9,8
DA:10,8
DA:11,8
DA:12,8
DA:13,8
DA:14,8
DA:18,8
DA:19,4
DA:22,8
DA:23,4
DA:25,0
DA:32,4
DA:35,8
DA:36,4
DA:37,4
DA:41,0
DA:42,0
DA:44,4
DA:48,8
DA:49,0
DA:50,0
DA:53,8
DA:62,0
DA:68,0
DA:69,0
DA:82,0
LF:27
LH:18
BRDA:8,0,0,6
BRDA:25,1,0,0
BRDA:25,1,1,0
BRDA:25,2,0,0
BRDA:25,2,1,0
BRDA:26,3,0,0
BRDA:26,3,1,0
BRDA:28,4,0,0
BRDA:28,4,1,0
BRDA:29,5,0,0
BRDA:29,5,1,0
BRDA:41,6,0,0
BRDA:41,6,1,0
BRDA:56,7,0,8
BRDA:56,7,1,0
BRDA:65,8,0,0
BRDA:65,8,1,0
BRDA:73,9,0,0
BRDA:73,9,1,0
BRDA:87,10,0,8
BRDA:87,10,1,6
BRF:21
BRH:4
end_of_record
TN:
SF:src\components\patientSidebar\PatientSidebar.js
FN:7,(anonymous_0)
FN:15,(anonymous_1)
FN:24,(anonymous_2)
FN:41,(anonymous_3)
FN:46,(anonymous_4)
FN:51,(anonymous_5)
FN:61,(anonymous_6)
FN:167,(anonymous_7)
FN:200,(anonymous_8)
FNF:9
FNH:8
FNDA:6,(anonymous_0)
FNDA:3,(anonymous_1)
FNDA:2,(anonymous_2)
FNDA:2,(anonymous_3)
FNDA:2,(anonymous_4)
FNDA:2,(anonymous_5)
FNDA:2,(anonymous_6)
FNDA:0,(anonymous_7)
FNDA:3,(anonymous_8)
DA:7,1
DA:8,6
DA:9,6
DA:10,6
DA:11,6
DA:12,6
DA:13,6
DA:15,6
DA:16,3
DA:17,2
DA:18,2
DA:19,2
DA:20,2
DA:24,6
DA:25,2
DA:26,2
DA:33,0
DA:34,0
DA:36,2
DA:41,6
DA:42,2
DA:43,2
DA:46,6
DA:47,2
DA:48,2
DA:49,2
DA:51,2
DA:52,2
DA:53,2
DA:55,2
DA:57,0
DA:61,6
DA:62,2
DA:63,2
DA:69,0
DA:71,0
DA:72,0
DA:78,0
DA:80,0
DA:87,2
DA:91,6
DA:92,1
DA:104,5
DA:107,5
DA:168,0
DA:201,3
LF:46
LH:37
BRDA:16,0,0,2
BRDA:16,0,1,1
BRDA:16,1,0,3
BRDA:16,1,1,2
BRDA:33,2,0,0
BRDA:33,2,1,0
BRDA:49,3,0,0
BRDA:49,3,1,2
BRDA:69,4,0,0
BRDA:69,4,1,0
BRDA:71,5,0,0
BRDA:71,5,1,0
BRDA:71,6,0,0
BRDA:71,6,1,0
BRDA:78,7,0,0
BRDA:78,7,1,0
BRDA:91,8,0,1
BRDA:91,8,1,5
BRDA:96,9,0,0
BRDA:97,10,0,0
BRDA:98,11,0,0
BRDA:99,12,0,0
BRDA:100,13,0,0
BRDA:101,14,0,0
BRDA:102,15,0,0
BRDA:103,16,0,0
BRDA:112,17,0,5
BRDA:112,17,1,0
BRDA:159,18,0,5
BRDA:159,18,1,5
BRDA:160,19,0,5
BRDA:160,19,1,5
BRDA:161,20,0,5
BRDA:161,20,1,5
BRDA:166,21,0,0
BRDA:166,21,1,5
BRDA:184,22,0,0
BRDA:184,22,1,0
BRDA:199,23,0,3
BRDA:199,23,1,2
BRDA:214,24,0,5
BRDA:214,24,1,0
BRF:42
BRH:18
end_of_record
TN:
SF:src\components\routes\supabaseClient.js
FNF:0
FNH:0
DA:3,1
DA:4,1
DA:6,1
DA:7,0
DA:10,1
LF:5
LH:4
BRDA:6,0,0,0
BRDA:6,0,1,1
BRDA:6,1,0,1
BRDA:6,1,1,1
BRF:4
BRH:3
end_of_record
TN:
SF:src\context\PatientContext.js
FN:5,(anonymous_0)
FN:15,(anonymous_1)
FNF:2
FNH:2
FNDA:2,(anonymous_0)
FNDA:7,(anonymous_1)
DA:3,2
DA:5,2
DA:6,2
DA:8,2
DA:15,2
DA:16,7
DA:18,6
DA:19,4
DA:22,2
LF:9
LH:9
BRDA:18,0,0,4
BRDA:18,0,1,2
BRF:2
BRH:2
end_of_record
TN:
SF:src\pages\admin\Account.js
FN:10,(anonymous_0)
FN:20,(anonymous_1)
FN:26,(anonymous_2)
FN:46,(anonymous_3)
FN:52,(anonymous_4)
FN:59,(anonymous_5)
FN:90,(anonymous_6)
FN:92,(anonymous_7)
FN:95,(anonymous_8)
FN:101,(anonymous_9)
FN:122,(anonymous_10)
FN:132,(anonymous_11)
FNF:12
FNH:8
FNDA:24,(anonymous_0)
FNDA:23,(anonymous_1)
FNDA:23,(anonymous_2)
FNDA:3,(anonymous_3)
FNDA:1,(anonymous_4)
FNDA:0,(anonymous_5)
FNDA:5,(anonymous_6)
FNDA:5,(anonymous_7)
FNDA:0,(anonymous_8)
FNDA:0,(anonymous_9)
FNDA:0,(anonymous_10)
FNDA:136,(anonymous_11)
DA:10,1
DA:11,24
DA:12,23
DA:13,23
DA:14,23
DA:15,23
DA:16,23
DA:17,23
DA:18,23
DA:20,23
DA:21,23
DA:22,23
DA:26,23
DA:27,23
DA:28,23
DA:34,22
DA:36,22
DA:41,1
DA:42,1
DA:46,23
DA:47,3
DA:48,3
DA:49,3
DA:52,23
DA:53,1
DA:54,1
DA:55,1
DA:56,1
DA:59,23
DA:60,0
DA:61,0
DA:63,0
DA:72,0
DA:74,0
DA:79,0
DA:80,0
DA:81,0
DA:82,0
DA:83,0
DA:85,0
DA:86,0
DA:90,23
DA:91,5
DA:92,5
DA:95,23
DA:96,0
DA:97,0
DA:101,23
DA:102,0
DA:103,0
DA:104,0
DA:105,0
DA:106,0
DA:107,0
DA:109,0
DA:113,0
DA:115,0
DA:119,0
DA:121,0
DA:122,0
DA:124,0
DA:125,0
DA:130,23
DA:132,17
DA:133,136
DA:144,17
LF:66
LH:38
BRDA:21,0,0,23
BRDA:21,0,1,0
BRDA:34,1,0,0
BRDA:34,1,1,22
BRDA:67,2,0,0
BRDA:67,2,1,0
BRDA:72,3,0,0
BRDA:72,3,1,0
BRDA:96,4,0,0
BRDA:96,4,1,0
BRDA:103,5,0,0
BRDA:103,5,1,0
BRDA:113,6,0,0
BRDA:113,6,1,0
BRDA:119,7,0,0
BRDA:119,7,1,0
BRDA:130,8,0,6
BRDA:130,8,1,17
BRDA:137,9,0,88
BRDA:137,9,1,48
BRDA:137,10,0,136
BRDA:137,10,1,88
BRDA:138,11,0,48
BRDA:138,11,1,0
BRDA:156,12,0,17
BRDA:156,12,1,17
BRDA:156,12,2,0
BRDA:160,13,0,17
BRDA:160,13,1,11
BRDA:176,14,0,11
BRDA:176,14,1,6
BRDA:181,15,0,11
BRDA:181,15,1,0
BRDA:189,16,0,11
BRDA:189,16,1,0
BRDA:207,17,0,6
BRDA:207,17,1,11
BRDA:228,18,0,17
BRDA:228,18,1,6
BRDA:242,19,0,17
BRDA:242,19,1,6
BRDA:256,20,0,17
BRDA:256,20,1,6
BRDA:269,21,0,17
BRDA:269,21,1,6
BRDA:287,22,0,17
BRDA:287,22,1,6
BRDA:299,23,0,17
BRDA:299,23,1,6
BRDA:313,24,0,17
BRDA:313,24,1,6
BRDA:327,25,0,17
BRDA:327,25,1,6
BRDA:336,26,0,17
BRDA:336,26,1,11
BRDA:345,27,0,17
BRDA:345,27,1,1
BRF:57
BRH:39
end_of_record
TN:
SF:src\pages\admin\Admin.js
FN:8,(anonymous_0)
FN:21,(anonymous_1)
FN:34,(anonymous_2)
FN:38,(anonymous_3)
FN:40,(anonymous_4)
FN:48,(anonymous_5)
FN:52,(anonymous_6)
FN:56,(anonymous_7)
FN:60,(anonymous_8)
FN:65,(anonymous_9)
FN:70,(anonymous_10)
FN:90,(anonymous_11)
FN:101,(anonymous_12)
FN:103,(anonymous_13)
FN:106,(anonymous_14)
FN:115,(anonymous_15)
FN:121,(anonymous_16)
FN:146,(anonymous_17)
FN:154,(anonymous_18)
FN:167,(anonymous_19)
FN:170,(anonymous_20)
FN:180,(anonymous_21)
FN:184,(anonymous_22)
FN:189,(anonymous_23)
FN:209,(anonymous_24)
FN:242,(anonymous_25)
FN:264,(anonymous_26)
FN:277,(anonymous_27)
FNF:28
FNH:20
FNDA:38,(anonymous_0)
FNDA:13,(anonymous_1)
FNDA:12,(anonymous_2)
FNDA:24,(anonymous_3)
FNDA:11,(anonymous_4)
FNDA:2,(anonymous_5)
FNDA:0,(anonymous_6)
FNDA:1,(anonymous_7)
FNDA:3,(anonymous_8)
FNDA:0,(anonymous_9)
FNDA:2,(anonymous_10)
FNDA:2,(anonymous_11)
FNDA:1,(anonymous_12)
FNDA:1,(anonymous_13)
FNDA:0,(anonymous_14)
FNDA:3,(anonymous_15)
FNDA:2,(anonymous_16)
FNDA:1,(anonymous_17)
FNDA:0,(anonymous_18)
FNDA:0,(anonymous_19)
FNDA:0,(anonymous_20)
FNDA:1,(anonymous_21)
FNDA:0,(anonymous_22)
FNDA:1,(anonymous_23)
FNDA:0,(anonymous_24)
FNDA:1,(anonymous_25)
FNDA:23,(anonymous_26)
FNDA:4,(anonymous_27)
DA:8,1
DA:9,38
DA:10,38
DA:11,38
DA:12,38
DA:13,38
DA:14,38
DA:15,38
DA:16,38
DA:17,38
DA:18,38
DA:19,38
DA:21,38
DA:22,13
DA:23,13
DA:27,13
DA:28,12
DA:30,1
DA:34,38
DA:35,12
DA:38,38
DA:39,24
DA:40,24
DA:41,11
DA:48,38
DA:49,2
DA:52,38
DA:53,0
DA:56,38
DA:57,1
DA:60,38
DA:61,3
DA:62,3
DA:65,38
DA:66,0
DA:67,0
DA:70,38
DA:71,2
DA:72,2
DA:74,2
DA:83,2
DA:85,2
DA:90,2
DA:91,2
DA:92,2
DA:93,2
DA:94,2
DA:96,0
DA:101,38
DA:102,1
DA:103,1
DA:106,38
DA:107,0
DA:108,0
DA:109,0
DA:110,0
DA:111,0
DA:112,0
DA:115,38
DA:116,3
DA:117,2
DA:121,38
DA:122,2
DA:123,2
DA:124,2
DA:125,2
DA:126,2
DA:127,2
DA:129,2
DA:133,2
DA:134,1
DA:137,1
DA:141,1
DA:142,0
DA:145,1
DA:146,1
DA:148,1
DA:149,1
DA:154,38
DA:155,0
DA:156,0
DA:157,0
DA:159,0
DA:160,0
DA:165,0
DA:167,0
DA:168,0
DA:170,0
DA:171,0
DA:173,0
DA:174,0
DA:176,0
DA:180,38
DA:181,1
DA:184,38
DA:185,0
DA:186,0
DA:189,38
DA:190,1
DA:191,1
DA:192,1
DA:194,1
DA:195,1
DA:200,0
DA:202,0
DA:207,0
DA:209,0
DA:210,0
DA:211,0
DA:213,1
DA:214,1
DA:218,1
DA:223,38
DA:242,1
DA:265,23
DA:277,4
LF:116
LH:84
BRDA:27,0,0,1
BRDA:27,0,1,12
BRDA:39,1,0,24
BRDA:39,1,1,18
BRDA:41,2,0,11
BRDA:41,2,1,2
BRDA:41,2,2,1
BRDA:41,2,3,11
BRDA:41,2,4,0
BRDA:41,3,0,11
BRDA:41,3,1,0
BRDA:42,4,0,2
BRDA:42,4,1,0
BRDA:43,5,0,1
BRDA:43,5,1,0
BRDA:78,6,0,2
BRDA:78,6,1,2
BRDA:83,7,0,0
BRDA:83,7,1,2
BRDA:90,8,0,2
BRDA:90,8,1,0
BRDA:116,9,0,2
BRDA:116,9,1,1
BRDA:123,10,0,2
BRDA:123,10,1,0
BRDA:133,11,0,1
BRDA:133,11,1,1
BRDA:141,12,0,0
BRDA:141,12,1,1
BRDA:155,13,0,0
BRDA:155,13,1,0
BRDA:165,14,0,0
BRDA:165,14,1,0
BRDA:168,15,0,0
BRDA:168,15,1,0
BRDA:190,16,0,0
BRDA:190,16,1,1
BRDA:200,17,0,0
BRDA:200,17,1,0
BRDA:207,18,0,0
BRDA:207,18,1,0
BRDA:268,19,0,23
BRDA:268,19,1,0
BRDA:288,20,0,38
BRDA:288,20,1,14
BRDA:294,21,0,12
BRDA:294,21,1,2
BRDA:299,22,0,12
BRDA:299,22,1,11
BRDA:299,22,2,0
BRDA:303,23,0,12
BRDA:303,23,1,5
BRDA:317,24,0,5
BRDA:317,24,1,7
BRDA:322,25,0,5
BRDA:322,25,1,0
BRDA:329,26,0,5
BRDA:329,26,1,0
BRDA:342,27,0,5
BRDA:342,27,1,7
BRDA:357,28,0,5
BRDA:357,28,1,7
BRDA:361,29,0,5
BRDA:361,29,1,0
BRDA:367,30,0,7
BRDA:367,30,1,0
BRDA:372,31,0,5
BRDA:372,31,1,7
BRDA:376,32,0,5
BRDA:376,32,1,0
BRDA:382,33,0,7
BRDA:382,33,1,0
BRDA:387,34,0,5
BRDA:387,34,1,7
BRDA:391,35,0,5
BRDA:391,35,1,0
BRDA:402,36,0,5
BRDA:402,36,1,7
BRDA:405,37,0,5
BRDA:405,37,1,0
BRDA:416,38,0,7
BRDA:416,38,1,0
BRDA:421,39,0,5
BRDA:421,39,1,7
BRDA:425,40,0,5
BRDA:425,40,1,0
BRDA:430,41,0,7
BRDA:430,41,1,0
BRDA:435,42,0,5
BRDA:435,42,1,7
BRDA:438,43,0,5
BRDA:438,43,1,0
BRDA:451,44,0,5
BRDA:451,44,1,7
BRDA:454,45,0,5
BRDA:454,45,1,0
BRDA:460,46,0,7
BRDA:460,46,1,0
BRDA:465,47,0,5
BRDA:465,47,1,7
BRDA:468,48,0,5
BRDA:468,48,1,0
BRDA:474,49,0,7
BRDA:474,49,1,0
BRDA:479,50,0,5
BRDA:479,50,1,7
BRDA:482,51,0,5
BRDA:482,51,1,0
BRDA:488,52,0,7
BRDA:488,52,1,0
BRDA:493,53,0,5
BRDA:493,53,1,7
BRDA:505,54,0,0
BRDA:505,54,1,7
BRDA:540,55,0,0
BRDA:540,55,1,2
BRDA:555,56,0,2
BRDA:555,56,1,1
BRF:118
BRH:77
end_of_record
TN:
SF:src\pages\contacts\Contacts.js
FN:10,(anonymous_0)
FN:34,(anonymous_1)
FN:38,(anonymous_2)
FN:43,(anonymous_3)
FN:51,(anonymous_4)
FN:53,(anonymous_5)
FN:57,(anonymous_6)
FN:58,(anonymous_7)
FN:65,(anonymous_8)
FN:67,(anonymous_9)
FN:77,(anonymous_10)
FN:78,(anonymous_11)
FN:87,(anonymous_12)
FN:99,(anonymous_13)
FN:100,(anonymous_14)
FN:109,(anonymous_15)
FN:118,(anonymous_16)
FN:133,(anonymous_17)
FN:148,(anonymous_18)
FN:163,(anonymous_19)
FN:168,(anonymous_20)
FN:174,(anonymous_21)
FN:199,(anonymous_22)
FN:207,(anonymous_23)
FN:213,(anonymous_24)
FN:231,(anonymous_25)
FN:232,(anonymous_26)
FN:239,(anonymous_27)
FN:240,(anonymous_28)
FN:254,(anonymous_29)
FN:256,(anonymous_30)
FN:259,(anonymous_31)
FN:264,(anonymous_32)
FN:269,(anonymous_33)
FN:274,(anonymous_34)
FN:289,(anonymous_35)
FN:308,(anonymous_36)
FN:312,(anonymous_37)
FN:324,(anonymous_38)
FN:398,(anonymous_39)
FN:411,(anonymous_40)
FN:415,(anonymous_41)
FN:422,(anonymous_42)
FN:453,(anonymous_43)
FN:454,(anonymous_44)
FN:481,(anonymous_45)
FN:481,(anonymous_46)
FN:491,(anonymous_47)
FN:491,(anonymous_48)
FN:523,(anonymous_49)
FNF:50
FNH:6
FNDA:3,(anonymous_0)
FNDA:1,(anonymous_1)
FNDA:0,(anonymous_2)
FNDA:1,(anonymous_3)
FNDA:1,(anonymous_4)
FNDA:0,(anonymous_5)
FNDA:1,(anonymous_6)
FNDA:0,(anonymous_7)
FNDA:0,(anonymous_8)
FNDA:0,(anonymous_9)
FNDA:0,(anonymous_10)
FNDA:0,(anonymous_11)
FNDA:0,(anonymous_12)
FNDA:0,(anonymous_13)
FNDA:0,(anonymous_14)
FNDA:0,(anonymous_15)
FNDA:1,(anonymous_16)
FNDA:0,(anonymous_17)
FNDA:0,(anonymous_18)
FNDA:0,(anonymous_19)
FNDA:0,(anonymous_20)
FNDA:0,(anonymous_21)
FNDA:0,(anonymous_22)
FNDA:0,(anonymous_23)
FNDA:0,(anonymous_24)
FNDA:0,(anonymous_25)
FNDA:0,(anonymous_26)
FNDA:0,(anonymous_27)
FNDA:0,(anonymous_28)
FNDA:0,(anonymous_29)
FNDA:0,(anonymous_30)
FNDA:0,(anonymous_31)
FNDA:0,(anonymous_32)
FNDA:0,(anonymous_33)
FNDA:0,(anonymous_34)
FNDA:0,(anonymous_35)
FNDA:0,(anonymous_36)
FNDA:0,(anonymous_37)
FNDA:0,(anonymous_38)
FNDA:0,(anonymous_39)
FNDA:0,(anonymous_40)
FNDA:0,(anonymous_41)
FNDA:0,(anonymous_42)
FNDA:0,(anonymous_43)
FNDA:0,(anonymous_44)
FNDA:0,(anonymous_45)
FNDA:0,(anonymous_46)
FNDA:0,(anonymous_47)
FNDA:0,(anonymous_48)
FNDA:0,(anonymous_49)
DA:10,1
DA:11,3
DA:12,3
DA:13,3
DA:14,3
DA:15,3
DA:16,3
DA:17,3
DA:18,3
DA:19,3
DA:20,3
DA:21,3
DA:22,3
DA:23,3
DA:24,3
DA:25,3
DA:26,3
DA:27,3
DA:28,3
DA:29,3
DA:30,3
DA:31,3
DA:32,3
DA:34,3
DA:35,1
DA:38,3
DA:39,0
DA:40,0
DA:43,3
DA:44,1
DA:45,0
DA:46,0
DA:47,0
DA:51,3
DA:52,1
DA:53,0
DA:57,3
DA:58,1
DA:59,0
DA:62,1
DA:65,3
DA:67,3
DA:68,0
DA:69,0
DA:75,0
DA:77,0
DA:78,0
DA:80,0
DA:82,0
DA:83,0
DA:87,3
DA:88,0
DA:90,0
DA:91,0
DA:92,0
DA:97,0
DA:99,0
DA:100,0
DA:101,0
DA:102,0
DA:103,0
DA:106,0
DA:109,0
DA:112,0
DA:113,0
DA:118,3
DA:119,1
DA:120,1
DA:125,1
DA:126,0
DA:128,1
DA:129,1
DA:133,3
DA:134,0
DA:135,0
DA:140,0
DA:141,0
DA:143,0
DA:144,0
DA:148,3
DA:149,0
DA:150,0
DA:155,0
DA:156,0
DA:158,0
DA:159,0
DA:163,3
DA:164,0
DA:165,0
DA:168,3
DA:169,0
DA:170,0
DA:174,3
DA:175,0
DA:176,0
DA:177,0
DA:178,0
DA:179,0
DA:180,0
DA:182,0
DA:186,0
DA:187,0
DA:190,0
DA:194,0
DA:195,0
DA:198,0
DA:199,0
DA:201,0
DA:202,0
DA:207,3
DA:208,0
DA:209,0
DA:210,0
DA:213,3
DA:214,0
DA:215,0
DA:216,0
DA:219,0
DA:229,0
DA:231,0
DA:232,0
DA:233,0
DA:237,0
DA:239,0
DA:240,0
DA:241,0
DA:245,0
DA:246,0
DA:247,0
DA:249,0
DA:250,0
DA:254,3
DA:255,0
DA:256,0
DA:259,3
DA:260,0
DA:261,0
DA:264,3
DA:265,0
DA:266,0
DA:269,3
DA:270,0
DA:271,0
DA:274,3
DA:275,0
DA:276,0
DA:279,3
DA:284,3
DA:289,3
DA:290,0
DA:292,0
DA:294,0
DA:296,0
DA:298,0
DA:300,0
DA:304,3
DA:309,0
DA:312,0
DA:324,0
DA:398,0
DA:412,0
DA:415,0
DA:423,0
DA:424,0
DA:454,0
DA:455,0
DA:481,0
DA:491,0
DA:523,0
LF:169
LH:58
BRDA:44,0,0,0
BRDA:44,0,1,1
BRDA:52,1,0,0
BRDA:52,1,1,1
BRDA:59,2,0,0
BRDA:59,2,1,0
BRDA:59,3,0,0
BRDA:59,3,1,0
BRDA:59,4,0,0
BRDA:59,4,1,0
BRDA:60,5,0,0
BRDA:60,5,1,0
BRDA:60,6,0,0
BRDA:60,6,1,0
BRDA:75,7,0,0
BRDA:75,7,1,0
BRDA:88,8,0,0
BRDA:88,8,1,0
BRDA:90,9,0,0
BRDA:90,9,1,0
BRDA:97,10,0,0
BRDA:97,10,1,0
BRDA:125,11,0,1
BRDA:125,11,1,0
BRDA:140,12,0,0
BRDA:140,12,1,0
BRDA:155,13,0,0
BRDA:155,13,1,0
BRDA:169,14,0,0
BRDA:169,14,1,0
BRDA:176,15,0,0
BRDA:176,15,1,0
BRDA:186,16,0,0
BRDA:186,16,1,0
BRDA:194,17,0,0
BRDA:194,17,1,0
BRDA:215,18,0,0
BRDA:215,18,1,0
BRDA:215,19,0,0
BRDA:215,19,1,0
BRDA:223,20,0,0
BRDA:223,20,1,0
BRDA:229,21,0,0
BRDA:229,21,1,0
BRDA:233,22,0,0
BRDA:233,22,1,0
BRDA:241,23,0,0
BRDA:241,23,1,0
BRDA:290,24,0,0
BRDA:290,24,1,0
BRDA:290,24,2,0
BRDA:290,24,3,0
BRDA:290,24,4,0
BRDA:311,25,0,0
BRDA:311,25,1,0
BRDA:315,26,0,0
BRDA:315,26,1,0
BRDA:331,27,0,3
BRDA:331,27,1,1
BRDA:332,28,0,3
BRDA:332,28,1,0
BRDA:334,29,0,0
BRDA:334,29,1,0
BRDA:337,30,0,0
BRDA:337,30,1,0
BRDA:341,31,0,0
BRDA:341,31,1,0
BRDA:356,32,0,0
BRDA:356,32,1,0
BRDA:358,33,0,0
BRDA:358,33,1,0
BRDA:359,34,0,0
BRDA:359,34,1,0
BRDA:360,35,0,0
BRDA:360,35,1,0
BRDA:361,36,0,0
BRDA:361,36,1,0
BRDA:362,37,0,0
BRDA:362,37,1,0
BRDA:366,38,0,0
BRDA:366,38,1,0
BRDA:367,39,0,0
BRDA:367,39,1,0
BRDA:369,40,0,0
BRDA:369,40,1,0
BRDA:370,41,0,0
BRDA:370,41,1,0
BRDA:374,42,0,0
BRDA:374,42,1,0
BRDA:419,43,0,0
BRDA:419,43,1,0
BRDA:459,44,0,0
BRDA:459,44,1,0
BRDA:470,45,0,0
BRDA:470,45,1,0
BRDA:478,46,0,0
BRDA:478,46,1,0
BRDA:511,47,0,3
BRDA:511,47,1,0
BRDA:520,48,0,3
BRDA:520,48,1,0
BRF:101
BRH:8
end_of_record
TN:
SF:src\pages\contacts\CreateContactModal.js
FN:6,(anonymous_0)
FN:22,(anonymous_1)
FN:24,(anonymous_2)
FN:30,(anonymous_3)
FN:51,(anonymous_4)
FN:59,(anonymous_5)
FN:85,(anonymous_6)
FNF:7
FNH:4
FNDA:24,(anonymous_0)
FNDA:14,(anonymous_1)
FNDA:14,(anonymous_2)
FNDA:0,(anonymous_3)
FNDA:0,(anonymous_4)
FNDA:4,(anonymous_5)
FNDA:0,(anonymous_6)
DA:6,1
DA:7,24
DA:17,24
DA:18,24
DA:19,24
DA:20,24
DA:22,24
DA:23,14
DA:24,14
DA:30,24
DA:31,0
DA:32,0
DA:33,0
DA:34,0
DA:35,0
DA:36,0
DA:38,0
DA:42,0
DA:44,0
DA:48,0
DA:50,0
DA:51,0
DA:53,0
DA:54,0
DA:59,24
DA:60,4
DA:62,4
DA:63,1
DA:64,1
DA:67,3
DA:68,3
DA:69,2
DA:71,1
DA:75,24
DA:77,23
DA:85,0
LF:36
LH:21
BRDA:32,0,0,0
BRDA:32,0,1,0
BRDA:42,1,0,0
BRDA:42,1,1,0
BRDA:48,2,0,0
BRDA:48,2,1,0
BRDA:62,3,0,1
BRDA:62,3,1,3
BRDA:62,4,0,4
BRDA:62,4,1,3
BRDA:62,4,2,3
BRDA:75,5,0,1
BRDA:75,5,1,23
BRDA:108,6,0,23
BRDA:108,6,1,2
BRF:15
BRH:9
end_of_record
TN:
SF:src\pages\dashboard\Dashboard.js
FN:7,(anonymous_0)
FN:12,(anonymous_1)
FN:13,fetchUserName
FNF:3
FNH:3
FNDA:11,(anonymous_0)
FNDA:7,(anonymous_1)
FNDA:7,fetchUserName
DA:7,1
DA:8,11
DA:9,11
DA:10,11
DA:12,11
DA:14,7
DA:15,5
DA:21,5
DA:22,4
DA:23,1
DA:24,1
DA:29,7
DA:32,11
LF:13
LH:13
BRDA:14,0,0,5
BRDA:14,0,1,2
BRDA:21,1,0,4
BRDA:21,1,1,1
BRDA:23,2,0,1
BRDA:23,2,1,0
BRF:6
BRH:5
end_of_record
TN:
SF:src\pages\dashboard\calendarView\AddAppointment.js
FN:6,(anonymous_0)
FN:25,(anonymous_1)
FN:34,(anonymous_2)
FN:51,(anonymous_3)
FN:57,(anonymous_4)
FN:72,(anonymous_5)
FN:86,(anonymous_6)
FN:92,(anonymous_7)
FN:94,(anonymous_8)
FN:96,(anonymous_9)
FN:103,(anonymous_10)
FN:119,(anonymous_11)
FN:120,(anonymous_12)
FN:128,(anonymous_13)
FN:132,(anonymous_14)
FN:136,(anonymous_15)
FN:145,(anonymous_16)
FN:157,(anonymous_17)
FN:158,(anonymous_18)
FN:203,(anonymous_19)
FN:206,(anonymous_20)
FN:259,(anonymous_21)
FN:278,(anonymous_22)
FNF:23
FNH:13
FNDA:6,(anonymous_0)
FNDA:2,(anonymous_1)
FNDA:1,(anonymous_2)
FNDA:4,(anonymous_3)
FNDA:1,(anonymous_4)
FNDA:1,(anonymous_5)
FNDA:2,(anonymous_6)
FNDA:0,(anonymous_7)
FNDA:0,(anonymous_8)
FNDA:0,(anonymous_9)
FNDA:2,(anonymous_10)
FNDA:1,(anonymous_11)
FNDA:1,(anonymous_12)
FNDA:0,(anonymous_13)
FNDA:0,(anonymous_14)
FNDA:0,(anonymous_15)
FNDA:0,(anonymous_16)
FNDA:0,(anonymous_17)
FNDA:0,(anonymous_18)
FNDA:2,(anonymous_19)
FNDA:0,(anonymous_20)
FNDA:1,(anonymous_21)
FNDA:3,(anonymous_22)
DA:6,1
DA:7,6
DA:8,6
DA:9,6
DA:10,6
DA:11,6
DA:12,6
DA:13,6
DA:22,6
DA:23,6
DA:25,6
DA:26,2
DA:27,2
DA:28,1
DA:30,1
DA:34,6
DA:35,1
DA:36,1
DA:42,1
DA:43,1
DA:44,1
DA:45,1
DA:47,0
DA:51,6
DA:52,4
DA:53,1
DA:57,6
DA:58,1
DA:59,1
DA:64,1
DA:65,1
DA:66,1
DA:68,0
DA:72,6
DA:73,1
DA:74,1
DA:79,1
DA:80,1
DA:82,0
DA:86,6
DA:87,2
DA:88,1
DA:92,6
DA:93,0
DA:94,0
DA:95,0
DA:96,0
DA:97,0
DA:103,6
DA:104,2
DA:105,2
DA:112,2
DA:113,2
DA:115,0
DA:119,6
DA:120,1
DA:121,1
DA:125,1
DA:128,6
DA:129,0
DA:130,0
DA:131,0
DA:132,0
DA:133,0
DA:136,6
DA:137,0
DA:138,0
DA:139,0
DA:140,0
DA:141,0
DA:145,6
DA:146,0
DA:147,0
DA:148,0
DA:153,0
DA:154,0
DA:156,0
DA:157,0
DA:158,0
DA:160,0
DA:161,0
DA:163,0
DA:164,0
DA:167,0
DA:171,6
DA:204,2
DA:206,0
DA:260,1
DA:279,3
LF:89
LH:56
BRDA:14,0,0,6
BRDA:14,0,1,2
BRDA:27,1,0,1
BRDA:27,1,1,1
BRDA:42,2,0,0
BRDA:42,2,1,1
BRDA:52,3,0,1
BRDA:52,3,1,3
BRDA:64,4,0,0
BRDA:64,4,1,1
BRDA:79,5,0,0
BRDA:79,5,1,1
BRDA:87,6,0,1
BRDA:87,6,1,1
BRDA:87,7,0,2
BRDA:87,7,1,1
BRDA:95,8,0,0
BRDA:95,8,1,0
BRDA:95,9,0,0
BRDA:95,9,1,0
BRDA:112,10,0,0
BRDA:112,10,1,2
BRDA:121,11,0,1
BRDA:121,11,1,0
BRDA:121,11,2,0
BRDA:139,12,0,0
BRDA:139,12,1,0
BRDA:153,13,0,0
BRDA:153,13,1,0
BRDA:160,14,0,0
BRDA:160,14,1,0
BRDA:161,15,0,0
BRDA:161,15,1,0
BRDA:176,16,0,6
BRDA:176,16,1,3
BRDA:178,17,0,3
BRDA:178,17,1,3
BRDA:201,18,0,6
BRDA:201,18,1,2
BRDA:201,18,2,2
BRDA:201,18,3,2
BRDA:218,19,0,2
BRDA:218,19,1,2
BRDA:226,20,0,6
BRDA:226,20,1,1
BRDA:237,21,0,1
BRDA:237,21,1,1
BRDA:256,22,0,6
BRDA:256,22,1,2
BRF:49
BRH:31
end_of_record
TN:
SF:src\pages\dashboard\calendarView\AppointmentDetails.js
FN:23,(anonymous_0)
FN:56,(anonymous_1)
FN:64,(anonymous_2)
FN:70,(anonymous_3)
FN:121,(anonymous_4)
FN:148,(anonymous_5)
FN:151,(anonymous_6)
FN:171,(anonymous_7)
FN:187,(anonymous_8)
FN:191,(anonymous_9)
FN:196,(anonymous_10)
FN:251,(anonymous_11)
FN:276,(anonymous_12)
FN:290,(anonymous_13)
FN:293,(anonymous_14)
FN:300,(anonymous_15)
FN:304,(anonymous_16)
FN:311,(anonymous_17)
FN:332,(anonymous_18)
FN:372,(anonymous_19)
FN:399,(anonymous_20)
FN:400,(anonymous_21)
FN:406,(anonymous_22)
FN:415,(anonymous_23)
FN:473,(anonymous_24)
FN:478,(anonymous_25)
FN:479,(anonymous_26)
FN:486,(anonymous_27)
FN:492,(anonymous_28)
FN:498,(anonymous_29)
FN:502,(anonymous_30)
FN:512,(anonymous_31)
FN:521,(anonymous_32)
FN:534,(anonymous_33)
FN:534,(anonymous_34)
FN:543,(anonymous_35)
FN:543,(anonymous_36)
FN:551,(anonymous_37)
FN:564,(anonymous_38)
FN:572,(anonymous_39)
FN:580,(anonymous_40)
FN:592,(anonymous_41)
FN:596,(anonymous_42)
FN:654,(anonymous_43)
FN:706,(anonymous_44)
FN:719,(anonymous_45)
FN:719,(anonymous_46)
FN:728,(anonymous_47)
FN:728,(anonymous_48)
FN:736,(anonymous_49)
FN:749,(anonymous_50)
FN:757,(anonymous_51)
FN:765,(anonymous_52)
FN:777,(anonymous_53)
FN:781,(anonymous_54)
FN:846,(anonymous_55)
FN:886,(anonymous_56)
FN:900,(anonymous_57)
FN:910,(anonymous_58)
FN:969,(anonymous_59)
FN:972,(anonymous_60)
FN:1020,(anonymous_61)
FNF:62
FNH:18
FNDA:16,(anonymous_0)
FNDA:5,(anonymous_1)
FNDA:6,(anonymous_2)
FNDA:1,(anonymous_3)
FNDA:6,(anonymous_4)
FNDA:18,(anonymous_5)
FNDA:1,(anonymous_6)
FNDA:1,(anonymous_7)
FNDA:0,(anonymous_8)
FNDA:0,(anonymous_9)
FNDA:0,(anonymous_10)
FNDA:0,(anonymous_11)
FNDA:0,(anonymous_12)
FNDA:1,(anonymous_13)
FNDA:1,(anonymous_14)
FNDA:0,(anonymous_15)
FNDA:0,(anonymous_16)
FNDA:0,(anonymous_17)
FNDA:4,(anonymous_18)
FNDA:1,(anonymous_19)
FNDA:0,(anonymous_20)
FNDA:0,(anonymous_21)
FNDA:1,(anonymous_22)
FNDA:1,(anonymous_23)
FNDA:0,(anonymous_24)
FNDA:1,(anonymous_25)
FNDA:1,(anonymous_26)
FNDA:0,(anonymous_27)
FNDA:0,(anonymous_28)
FNDA:8,(anonymous_29)
FNDA:0,(anonymous_30)
FNDA:0,(anonymous_31)
FNDA:0,(anonymous_32)
FNDA:0,(anonymous_33)
FNDA:0,(anonymous_34)
FNDA:0,(anonymous_35)
FNDA:0,(anonymous_36)
FNDA:0,(anonymous_37)
FNDA:0,(anonymous_38)
FNDA:0,(anonymous_39)
FNDA:0,(anonymous_40)
FNDA:0,(anonymous_41)
FNDA:0,(anonymous_42)
FNDA:0,(anonymous_43)
FNDA:0,(anonymous_44)
FNDA:0,(anonymous_45)
FNDA:0,(anonymous_46)
FNDA:0,(anonymous_47)
FNDA:0,(anonymous_48)
FNDA:0,(anonymous_49)
FNDA:0,(anonymous_50)
FNDA:0,(anonymous_51)
FNDA:0,(anonymous_52)
FNDA:0,(anonymous_53)
FNDA:0,(anonymous_54)
FNDA:1,(anonymous_55)
FNDA:0,(anonymous_56)
FNDA:0,(anonymous_57)
FNDA:0,(anonymous_58)
FNDA:0,(anonymous_59)
FNDA:0,(anonymous_60)
FNDA:0,(anonymous_61)
DA:23,1
DA:31,16
DA:32,16
DA:33,16
DA:34,16
DA:35,16
DA:36,16
DA:37,16
DA:38,16
DA:39,16
DA:40,16
DA:41,16
DA:42,16
DA:43,16
DA:44,16
DA:48,16
DA:52,16
DA:53,16
DA:54,16
DA:56,16
DA:57,5
DA:58,1
DA:59,4
DA:60,4
DA:64,16
DA:65,6
DA:66,1
DA:70,16
DA:71,1
DA:72,1
DA:73,1
DA:78,1
DA:80,1
DA:109,1
DA:111,1
DA:112,1
DA:114,0
DA:116,1
DA:121,16
DA:122,6
DA:146,6
DA:149,18
DA:151,1
DA:171,16
DA:172,1
DA:173,1
DA:180,0
DA:181,0
DA:183,1
DA:187,16
DA:188,0
DA:191,16
DA:192,0
DA:193,0
DA:196,16
DA:197,0
DA:198,0
DA:200,0
DA:201,0
DA:206,0
DA:208,0
DA:237,0
DA:239,0
DA:240,0
DA:242,0
DA:244,0
DA:245,0
DA:247,0
DA:251,16
DA:252,0
DA:253,0
DA:255,0
DA:256,0
DA:261,0
DA:263,0
DA:265,0
DA:267,0
DA:268,0
DA:270,0
DA:276,16
DA:277,0
DA:278,0
DA:279,0
DA:281,0
DA:282,0
DA:283,0
DA:284,0
DA:286,0
DA:290,16
DA:291,1
DA:293,1
DA:294,1
DA:295,1
DA:299,1
DA:300,0
DA:303,1
DA:304,0
DA:305,0
DA:311,1
DA:312,0
DA:313,0
DA:315,0
DA:316,0
DA:318,0
DA:319,0
DA:321,0
DA:322,0
DA:324,0
DA:326,0
DA:329,1
DA:332,16
DA:333,4
DA:334,4
DA:363,4
DA:364,3
DA:365,3
DA:367,1
DA:368,1
DA:372,16
DA:373,1
DA:374,1
DA:390,1
DA:391,1
DA:392,1
DA:394,0
DA:395,0
DA:399,16
DA:400,0
DA:406,16
DA:407,1
DA:408,1
DA:412,1
DA:415,16
DA:416,1
DA:417,1
DA:429,1
DA:431,1
DA:460,1
DA:462,1
DA:463,1
DA:464,1
DA:466,1
DA:468,0
DA:473,16
DA:474,0
DA:475,0
DA:478,16
DA:479,1
DA:486,16
DA:487,0
DA:488,0
DA:489,0
DA:492,16
DA:493,0
DA:494,0
DA:495,0
DA:498,16
DA:499,8
DA:502,16
DA:503,0
DA:509,0
DA:512,16
DA:513,0
DA:521,0
DA:534,0
DA:543,0
DA:551,0
DA:564,0
DA:572,0
DA:580,0
DA:593,0
DA:596,0
DA:654,16
DA:655,0
DA:661,0
DA:664,16
DA:666,16
DA:706,0
DA:719,0
DA:728,0
DA:736,0
DA:749,0
DA:757,0
DA:765,0
DA:778,0
DA:781,0
DA:846,1
DA:886,0
DA:900,0
DA:910,0
DA:969,0
DA:973,0
DA:1020,0
LF:193
LH:102
BRDA:27,0,0,0
BRDA:57,1,0,1
BRDA:57,1,1,4
BRDA:59,2,0,4
BRDA:59,2,1,0
BRDA:65,3,0,1
BRDA:65,3,1,5
BRDA:78,4,0,0
BRDA:78,4,1,1
BRDA:109,5,0,0
BRDA:109,5,1,1
BRDA:152,6,0,18
BRDA:152,6,1,18
BRDA:155,7,0,0
BRDA:155,7,1,18
BRDA:156,8,0,0
BRDA:156,8,1,18
BRDA:164,9,0,0
BRDA:164,9,1,18
BRDA:180,10,0,0
BRDA:180,10,1,0
BRDA:206,11,0,0
BRDA:206,11,1,0
BRDA:237,12,0,0
BRDA:237,12,1,0
BRDA:261,13,0,0
BRDA:261,13,1,0
BRDA:281,14,0,0
BRDA:281,14,1,0
BRDA:283,15,0,0
BRDA:283,15,1,0
BRDA:284,16,0,0
BRDA:284,16,1,0
BRDA:286,17,0,0
BRDA:286,17,1,0
BRDA:295,18,0,1
BRDA:295,18,1,0
BRDA:299,19,0,0
BRDA:299,19,1,1
BRDA:303,20,0,0
BRDA:303,20,1,1
BRDA:305,21,0,0
BRDA:305,21,1,0
BRDA:305,21,2,0
BRDA:313,22,0,0
BRDA:313,22,1,0
BRDA:313,22,2,0
BRDA:313,22,3,0
BRDA:326,23,0,0
BRDA:326,23,1,0
BRDA:363,24,0,1
BRDA:363,24,1,3
BRDA:390,25,0,0
BRDA:390,25,1,1
BRDA:402,26,0,0
BRDA:402,26,1,0
BRDA:402,27,0,0
BRDA:402,27,1,0
BRDA:429,28,0,0
BRDA:429,28,1,1
BRDA:460,29,0,0
BRDA:460,29,1,1
BRDA:509,30,0,0
BRDA:509,30,1,0
BRDA:565,31,0,0
BRDA:565,31,1,0
BRDA:569,32,0,0
BRDA:569,32,1,0
BRDA:573,33,0,0
BRDA:573,33,1,0
BRDA:577,34,0,0
BRDA:577,34,1,0
BRDA:581,35,0,0
BRDA:581,35,1,0
BRDA:585,36,0,0
BRDA:585,36,1,0
BRDA:591,37,0,0
BRDA:591,37,1,0
BRDA:661,38,0,0
BRDA:661,38,1,0
BRDA:664,39,0,0
BRDA:664,39,1,16
BRDA:671,40,0,16
BRDA:671,40,1,13
BRDA:671,40,2,0
BRDA:681,41,0,3
BRDA:681,41,1,13
BRDA:693,42,0,5
BRDA:693,42,1,11
BRDA:697,43,0,2
BRDA:697,43,1,9
BRDA:750,44,0,2
BRDA:750,44,1,0
BRDA:754,45,0,0
BRDA:754,45,1,2
BRDA:758,46,0,0
BRDA:758,46,1,2
BRDA:762,47,0,0
BRDA:762,47,1,2
BRDA:766,48,0,0
BRDA:766,48,1,2
BRDA:770,49,0,0
BRDA:770,49,1,2
BRDA:776,50,0,0
BRDA:776,50,1,2
BRDA:837,51,0,8
BRDA:837,51,1,1
BRDA:842,52,0,2
BRDA:842,52,1,6
BRDA:861,53,0,8
BRDA:861,53,1,6
BRDA:882,54,0,2
BRDA:882,54,1,6
BRDA:896,55,0,2
BRDA:896,55,1,6
BRDA:907,56,0,2
BRDA:907,56,1,6
BRDA:949,57,0,8
BRDA:949,57,1,0
BRDA:966,58,0,2
BRDA:966,58,1,6
BRDA:1009,59,0,8
BRDA:1009,59,1,0
BRDA:1009,59,2,8
BRDA:1017,60,0,2
BRDA:1017,60,1,6
BRDA:1019,61,0,2
BRDA:1019,61,1,0
BRDA:1034,62,0,2
BRDA:1034,62,1,6
BRDA:1078,63,0,16
BRDA:1078,63,1,0
BRDA:1095,64,0,0
BRDA:1095,64,1,0
BRDA:1110,65,0,0
BRDA:1110,65,1,0
BRDA:1125,66,0,0
BRDA:1125,66,1,0
BRF:138
BRH:59
end_of_record
TN:
SF:src\pages\dashboard\calendarView\CalendarView.js
FN:19,(anonymous_0)
FN:29,(anonymous_1)
FN:36,(anonymous_2)
FN:41,(anonymous_3)
FN:51,(anonymous_4)
FN:85,(anonymous_5)
FN:103,(anonymous_6)
FN:114,(anonymous_7)
FN:119,(anonymous_8)
FN:139,(anonymous_9)
FN:140,(anonymous_10)
FN:141,(anonymous_11)
FN:143,(anonymous_12)
FN:150,(anonymous_13)
FN:151,(anonymous_14)
FN:152,(anonymous_15)
FN:162,(anonymous_16)
FN:165,(anonymous_17)
FN:195,(anonymous_18)
FN:238,(anonymous_19)
FN:258,(anonymous_20)
FN:264,(anonymous_21)
FN:275,(anonymous_22)
FN:287,(anonymous_23)
FN:287,(anonymous_24)
FN:293,(anonymous_25)
FN:293,(anonymous_26)
FN:317,(anonymous_27)
FN:324,(anonymous_28)
FN:325,(anonymous_29)
FN:335,(anonymous_30)
FNF:31
FNH:15
FNDA:27,(anonymous_0)
FNDA:10,(anonymous_1)
FNDA:0,(anonymous_2)
FNDA:10,(anonymous_3)
FNDA:12,(anonymous_4)
FNDA:9,(anonymous_5)
FNDA:1,(anonymous_6)
FNDA:1,(anonymous_7)
FNDA:27,(anonymous_8)
FNDA:27,(anonymous_9)
FNDA:16,(anonymous_10)
FNDA:0,(anonymous_11)
FNDA:0,(anonymous_12)
FNDA:0,(anonymous_13)
FNDA:0,(anonymous_14)
FNDA:0,(anonymous_15)
FNDA:0,(anonymous_16)
FNDA:0,(anonymous_17)
FNDA:0,(anonymous_18)
FNDA:27,(anonymous_19)
FNDA:2,(anonymous_20)
FNDA:3,(anonymous_21)
FNDA:0,(anonymous_22)
FNDA:0,(anonymous_23)
FNDA:0,(anonymous_24)
FNDA:0,(anonymous_25)
FNDA:0,(anonymous_26)
FNDA:1,(anonymous_27)
FNDA:0,(anonymous_28)
FNDA:1,(anonymous_29)
FNDA:0,(anonymous_30)
DA:16,1
DA:17,1
DA:19,1
DA:20,27
DA:21,27
DA:22,27
DA:23,27
DA:24,27
DA:25,27
DA:26,27
DA:27,27
DA:29,27
DA:30,10
DA:32,10
DA:36,27
DA:37,0
DA:38,0
DA:41,27
DA:42,10
DA:43,10
DA:44,10
DA:45,10
DA:46,10
DA:47,10
DA:51,27
DA:52,12
DA:53,12
DA:54,12
DA:56,12
DA:83,9
DA:85,9
DA:97,9
DA:99,3
DA:103,27
DA:104,1
DA:114,1
DA:115,1
DA:116,1
DA:119,27
DA:120,27
DA:121,27
DA:122,648
DA:123,648
DA:136,27
DA:139,27
DA:140,27
DA:141,27
DA:143,27
DA:144,0
DA:149,27
DA:150,27
DA:151,0
DA:152,0
DA:155,0
DA:156,0
DA:158,0
DA:162,27
DA:163,0
DA:165,0
DA:166,0
DA:167,0
DA:170,0
DA:171,0
DA:172,0
DA:175,0
DA:177,0
DA:179,0
DA:180,0
DA:182,0
DA:183,0
DA:184,0
DA:185,0
DA:188,0
DA:189,0
DA:191,0
DA:195,0
DA:238,27
DA:239,27
DA:240,27
DA:241,27
DA:242,27
DA:243,27
DA:245,0
DA:248,27
DA:258,2
DA:265,3
DA:266,3
DA:276,0
DA:277,0
DA:287,0
DA:293,0
DA:318,1
DA:319,1
DA:320,1
DA:324,0
DA:326,1
DA:327,1
DA:328,1
DA:335,0
LF:99
LH:65
BRDA:42,0,0,10
BRDA:42,0,1,0
BRDA:42,1,0,10
BRDA:42,1,1,10
BRDA:83,2,0,0
BRDA:83,2,1,9
BRDA:90,3,0,9
BRDA:90,3,1,0
BRDA:91,4,0,9
BRDA:91,4,1,0
BRDA:92,5,0,9
BRDA:92,5,1,0
BRDA:155,6,0,0
BRDA:155,6,1,0
BRDA:182,7,0,0
BRDA:182,7,1,0
BRDA:240,8,0,27
BRDA:240,8,1,0
BRDA:314,9,0,27
BRDA:314,9,1,3
BRDA:323,10,0,3
BRDA:323,10,1,0
BRDA:333,11,0,27
BRDA:333,11,1,2
BRF:24
BRH:13
end_of_record
TN:
SF:src\pages\login\Login.js
FN:6,(anonymous_0)
FN:18,(anonymous_1)
FN:19,(anonymous_2)
FN:28,(anonymous_3)
FN:32,(anonymous_4)
FN:50,(anonymous_5)
FN:99,(anonymous_6)
FN:110,(anonymous_7)
FN:115,(anonymous_8)
FN:123,(anonymous_9)
FN:141,(anonymous_10)
FN:149,(anonymous_11)
FNF:12
FNH:9
FNDA:70,(anonymous_0)
FNDA:7,(anonymous_1)
FNDA:7,(anonymous_2)
FNDA:0,(anonymous_3)
FNDA:2,(anonymous_4)
FNDA:1,(anonymous_5)
FNDA:0,(anonymous_6)
FNDA:53,(anonymous_7)
FNDA:2,(anonymous_8)
FNDA:3,(anonymous_9)
FNDA:0,(anonymous_10)
FNDA:1,(anonymous_11)
DA:6,1
DA:7,70
DA:8,70
DA:9,70
DA:10,70
DA:11,70
DA:12,70
DA:13,70
DA:14,70
DA:15,70
DA:16,70
DA:18,70
DA:19,7
DA:20,7
DA:21,7
DA:22,1
DA:25,7
DA:28,70
DA:29,0
DA:32,70
DA:33,2
DA:34,2
DA:35,2
DA:36,2
DA:41,1
DA:43,0
DA:45,2
DA:46,2
DA:50,70
DA:51,1
DA:52,1
DA:53,1
DA:54,1
DA:55,1
DA:56,1
DA:58,0
DA:59,0
DA:63,0
DA:65,0
DA:67,0
DA:68,0
DA:72,70
DA:99,0
DA:110,53
DA:115,2
DA:123,3
DA:141,0
DA:149,1
LF:48
LH:38
BRDA:21,0,0,1
BRDA:21,0,1,6
BRDA:29,1,0,0
BRDA:29,1,1,0
BRDA:41,2,0,1
BRDA:41,2,1,0
BRDA:54,3,0,1
BRDA:54,3,1,0
BRDA:63,4,0,0
BRDA:63,4,1,0
BRDA:76,5,0,70
BRDA:76,5,1,0
BRDA:83,6,0,70
BRDA:83,6,1,0
BRDA:89,7,0,66
BRDA:89,7,1,4
BRDA:107,8,0,1
BRDA:107,8,1,65
BRDA:116,9,0,1
BRDA:116,9,1,65
BRDA:127,10,0,66
BRDA:127,10,1,33
BRDA:144,11,0,4
BRDA:144,11,1,1
BRDA:145,12,0,4
BRDA:145,12,1,0
BRDA:157,13,0,70
BRDA:157,13,1,0
BRF:28
BRH:18
end_of_record
TN:
SF:src\pages\login\ResetPassword.js
FN:6,(anonymous_0)
FN:15,(anonymous_1)
FN:19,(anonymous_2)
FN:34,(anonymous_3)
FN:69,(anonymous_4)
FN:80,(anonymous_5)
FNF:6
FNH:5
FNDA:15,(anonymous_0)
FNDA:0,(anonymous_1)
FNDA:4,(anonymous_2)
FNDA:1,(anonymous_3)
FNDA:1,(anonymous_4)
FNDA:1,(anonymous_5)
DA:6,1
DA:7,15
DA:8,15
DA:9,15
DA:10,15
DA:11,15
DA:12,15
DA:13,15
DA:15,15
DA:16,0
DA:19,15
DA:20,4
DA:21,4
DA:22,4
DA:24,4
DA:25,0
DA:26,0
DA:29,4
DA:30,4
DA:31,3
DA:33,2
DA:34,2
DA:36,2
DA:37,2
DA:41,15
DA:69,1
DA:80,1
LF:27
LH:24
BRDA:16,0,0,0
BRDA:16,0,1,0
BRDA:24,1,0,0
BRDA:24,1,1,4
BRDA:31,2,0,1
BRDA:31,2,1,2
BRDA:45,3,0,15
BRDA:45,3,1,0
BRDA:52,4,0,15
BRDA:52,4,1,0
BRDA:57,5,0,15
BRDA:57,5,1,4
BRDA:58,6,0,15
BRDA:58,6,1,4
BRDA:59,7,0,15
BRDA:59,7,1,11
BRDA:87,8,0,15
BRDA:87,8,1,0
BRF:18
BRH:12
end_of_record
TN:
SF:src\pages\message\MessagingPage.js
FN:6,(anonymous_0)
FN:21,(anonymous_1)
FN:28,(anonymous_2)
FN:34,(anonymous_3)
FN:47,(anonymous_4)
FN:63,(anonymous_5)
FN:74,(anonymous_6)
FN:76,(anonymous_7)
FN:83,(anonymous_8)
FN:85,(anonymous_9)
FN:93,(anonymous_10)
FN:102,(anonymous_11)
FN:108,(anonymous_12)
FN:109,(anonymous_13)
FN:112,(anonymous_14)
FN:126,(anonymous_15)
FN:134,(anonymous_16)
FN:140,(anonymous_17)
FN:146,(anonymous_18)
FN:160,(anonymous_19)
FN:170,(anonymous_20)
FN:187,(anonymous_21)
FN:203,(anonymous_22)
FN:205,(anonymous_23)
FN:215,(anonymous_24)
FN:228,(anonymous_25)
FN:247,(anonymous_26)
FN:288,(anonymous_27)
FN:297,(anonymous_28)
FN:298,(anonymous_29)
FN:309,(anonymous_30)
FN:312,(anonymous_31)
FN:322,(anonymous_32)
FN:326,(anonymous_33)
FN:327,(anonymous_34)
FN:328,(anonymous_35)
FN:338,(anonymous_36)
FN:348,(anonymous_37)
FN:352,(anonymous_38)
FN:354,(anonymous_39)
FN:363,(anonymous_40)
FN:369,(anonymous_41)
FN:375,(anonymous_42)
FN:403,(anonymous_43)
FN:406,(anonymous_44)
FN:424,(anonymous_45)
FNF:46
FNH:0
FNDA:0,(anonymous_0)
FNDA:0,(anonymous_1)
FNDA:0,(anonymous_2)
FNDA:0,(anonymous_3)
FNDA:0,(anonymous_4)
FNDA:0,(anonymous_5)
FNDA:0,(anonymous_6)
FNDA:0,(anonymous_7)
FNDA:0,(anonymous_8)
FNDA:0,(anonymous_9)
FNDA:0,(anonymous_10)
FNDA:0,(anonymous_11)
FNDA:0,(anonymous_12)
FNDA:0,(anonymous_13)
FNDA:0,(anonymous_14)
FNDA:0,(anonymous_15)
FNDA:0,(anonymous_16)
FNDA:0,(anonymous_17)
FNDA:0,(anonymous_18)
FNDA:0,(anonymous_19)
FNDA:0,(anonymous_20)
FNDA:0,(anonymous_21)
FNDA:0,(anonymous_22)
FNDA:0,(anonymous_23)
FNDA:0,(anonymous_24)
FNDA:0,(anonymous_25)
FNDA:0,(anonymous_26)
FNDA:0,(anonymous_27)
FNDA:0,(anonymous_28)
FNDA:0,(anonymous_29)
FNDA:0,(anonymous_30)
FNDA:0,(anonymous_31)
FNDA:0,(anonymous_32)
FNDA:0,(anonymous_33)
FNDA:0,(anonymous_34)
FNDA:0,(anonymous_35)
FNDA:0,(anonymous_36)
FNDA:0,(anonymous_37)
FNDA:0,(anonymous_38)
FNDA:0,(anonymous_39)
FNDA:0,(anonymous_40)
FNDA:0,(anonymous_41)
FNDA:0,(anonymous_42)
FNDA:0,(anonymous_43)
FNDA:0,(anonymous_44)
FNDA:0,(anonymous_45)
DA:6,0
DA:7,0
DA:8,0
DA:9,0
DA:10,0
DA:11,0
DA:12,0
DA:13,0
DA:14,0
DA:15,0
DA:16,0
DA:17,0
DA:18,0
DA:19,0
DA:21,0
DA:22,0
DA:23,0
DA:24,0
DA:28,0
DA:29,0
DA:30,0
DA:34,0
DA:35,0
DA:37,0
DA:38,0
DA:44,0
DA:46,0
DA:47,0
DA:48,0
DA:52,0
DA:53,0
DA:57,0
DA:59,0
DA:63,0
DA:64,0
DA:65,0
DA:67,0
DA:68,0
DA:69,0
DA:71,0
DA:74,0
DA:75,0
DA:76,0
DA:77,0
DA:78,0
DA:83,0
DA:84,0
DA:85,0
DA:86,0
DA:87,0
DA:93,0
DA:94,0
DA:95,0
DA:101,0
DA:103,0
DA:104,0
DA:108,0
DA:109,0
DA:110,0
DA:112,0
DA:116,0
DA:118,0
DA:124,0
DA:126,0
DA:127,0
DA:128,0
DA:134,0
DA:135,0
DA:136,0
DA:140,0
DA:141,0
DA:142,0
DA:146,0
DA:147,0
DA:153,0
DA:154,0
DA:156,0
DA:160,0
DA:161,0
DA:162,0
DA:170,0
DA:171,0
DA:172,0
DA:173,0
DA:174,0
DA:176,0
DA:177,0
DA:178,0
DA:179,0
DA:180,0
DA:181,0
DA:183,0
DA:187,0
DA:188,0
DA:189,0
DA:191,0
DA:192,0
DA:196,0
DA:203,0
DA:204,0
DA:205,0
DA:206,0
DA:207,0
DA:208,0
DA:210,0
DA:212,0
DA:215,0
DA:216,0
DA:217,0
DA:220,0
DA:221,0
DA:223,0
DA:224,0
DA:228,0
DA:229,0
DA:231,0
DA:232,0
DA:239,0
DA:240,0
DA:242,0
DA:243,0
DA:247,0
DA:248,0
DA:249,0
DA:251,0
DA:252,0
DA:264,0
DA:266,0
DA:267,0
DA:274,0
DA:275,0
DA:281,0
DA:283,0
DA:284,0
DA:288,0
DA:289,0
DA:290,0
DA:295,0
DA:297,0
DA:298,0
DA:299,0
DA:305,0
DA:309,0
DA:310,0
DA:312,0
DA:313,0
DA:316,0
DA:318,0
DA:319,0
DA:322,0
DA:324,0
DA:326,0
DA:327,0
DA:328,0
DA:334,0
DA:338,0
DA:339,0
DA:340,0
DA:341,0
DA:348,0
DA:349,0
DA:352,0
DA:353,0
DA:354,0
DA:357,0
DA:364,0
DA:365,0
DA:369,0
DA:376,0
DA:377,0
DA:404,0
DA:407,0
DA:424,0
LF:173
LH:0
BRDA:22,0,0,0
BRDA:22,0,1,0
BRDA:29,1,0,0
BRDA:29,1,1,0
BRDA:35,2,0,0
BRDA:35,2,1,0
BRDA:44,3,0,0
BRDA:44,3,1,0
BRDA:48,4,0,0
BRDA:48,4,1,0
BRDA:52,5,0,0
BRDA:52,5,1,0
BRDA:67,6,0,0
BRDA:67,6,1,0
BRDA:67,7,0,0
BRDA:67,7,1,0
BRDA:68,8,0,0
BRDA:68,8,1,0
BRDA:69,9,0,0
BRDA:69,9,1,0
BRDA:75,10,0,0
BRDA:75,10,1,0
BRDA:77,11,0,0
BRDA:77,11,1,0
BRDA:84,12,0,0
BRDA:84,12,1,0
BRDA:86,13,0,0
BRDA:86,13,1,0
BRDA:94,14,0,0
BRDA:94,14,1,0
BRDA:104,15,0,0
BRDA:104,15,1,0
BRDA:105,16,0,0
BRDA:105,16,1,0
BRDA:105,16,2,0
BRDA:105,16,3,0
BRDA:110,17,0,0
BRDA:110,17,1,0
BRDA:127,18,0,0
BRDA:127,18,1,0
BRDA:135,19,0,0
BRDA:135,19,1,0
BRDA:135,20,0,0
BRDA:135,20,1,0
BRDA:141,21,0,0
BRDA:141,21,1,0
BRDA:141,22,0,0
BRDA:141,22,1,0
BRDA:153,23,0,0
BRDA:153,23,1,0
BRDA:176,24,0,0
BRDA:176,24,1,0
BRDA:178,25,0,0
BRDA:178,25,1,0
BRDA:180,26,0,0
BRDA:180,26,1,0
BRDA:189,27,0,0
BRDA:189,27,1,0
BRDA:192,28,0,0
BRDA:192,28,1,0
BRDA:207,29,0,0
BRDA:207,29,1,0
BRDA:220,30,0,0
BRDA:220,30,1,0
BRDA:221,31,0,0
BRDA:221,31,1,0
BRDA:229,32,0,0
BRDA:229,32,1,0
BRDA:229,33,0,0
BRDA:229,33,1,0
BRDA:239,34,0,0
BRDA:239,34,1,0
BRDA:240,35,0,0
BRDA:240,35,1,0
BRDA:249,36,0,0
BRDA:249,36,1,0
BRDA:249,37,0,0
BRDA:249,37,1,0
BRDA:249,37,2,0
BRDA:264,38,0,0
BRDA:264,38,1,0
BRDA:266,39,0,0
BRDA:266,39,1,0
BRDA:284,40,0,0
BRDA:284,40,1,0
BRDA:295,41,0,0
BRDA:295,41,1,0
BRDA:299,42,0,0
BRDA:299,42,1,0
BRDA:310,43,0,0
BRDA:310,43,1,0
BRDA:310,44,0,0
BRDA:310,44,1,0
BRDA:313,45,0,0
BRDA:313,45,1,0
BRDA:316,46,0,0
BRDA:316,46,1,0
BRDA:324,47,0,0
BRDA:324,47,1,0
BRDA:328,48,0,0
BRDA:328,48,1,0
BRDA:339,49,0,0
BRDA:339,49,1,0
BRDA:361,50,0,0
BRDA:361,50,1,0
BRDA:362,51,0,0
BRDA:362,51,1,0
BRDA:362,51,2,0
BRDA:368,52,0,0
BRDA:368,52,1,0
BRDA:372,53,0,0
BRDA:372,53,1,0
BRDA:383,54,0,0
BRDA:383,54,1,0
BRDA:385,55,0,0
BRDA:385,55,1,0
BRDA:386,56,0,0
BRDA:386,56,1,0
BRDA:397,57,0,0
BRDA:397,57,1,0
BRDA:407,58,0,0
BRDA:407,58,1,0
BRF:122
BRH:0
end_of_record
TN:
SF:src\pages\patients\clinical\Clinical.js
FN:10,(anonymous_0)
FN:21,(anonymous_1)
FN:30,(anonymous_2)
FN:46,(anonymous_3)
FN:61,(anonymous_4)
FN:76,(anonymous_5)
FN:92,(anonymous_6)
FN:141,(anonymous_7)
FN:145,(anonymous_8)
FN:147,(anonymous_9)
FN:150,(anonymous_10)
FN:152,(anonymous_11)
FN:155,(anonymous_12)
FN:190,(anonymous_13)
FN:219,(anonymous_14)
FN:233,(anonymous_15)
FN:304,(anonymous_16)
FN:318,(anonymous_17)
FNF:18
FNH:6
FNDA:8,(anonymous_0)
FNDA:4,(anonymous_1)
FNDA:4,(anonymous_2)
FNDA:4,(anonymous_3)
FNDA:4,(anonymous_4)
FNDA:4,(anonymous_5)
FNDA:0,(anonymous_6)
FNDA:0,(anonymous_7)
FNDA:0,(anonymous_8)
FNDA:0,(anonymous_9)
FNDA:0,(anonymous_10)
FNDA:0,(anonymous_11)
FNDA:0,(anonymous_12)
FNDA:0,(anonymous_13)
FNDA:0,(anonymous_14)
FNDA:0,(anonymous_15)
FNDA:0,(anonymous_16)
FNDA:0,(anonymous_17)
DA:10,1
DA:11,8
DA:12,8
DA:13,8
DA:14,8
DA:15,8
DA:16,8
DA:17,8
DA:18,8
DA:19,8
DA:21,8
DA:22,4
DA:23,4
DA:24,4
DA:25,4
DA:26,4
DA:30,8
DA:31,4
DA:32,4
DA:38,4
DA:39,3
DA:41,1
DA:42,1
DA:46,8
DA:47,4
DA:48,4
DA:53,4
DA:54,4
DA:56,0
DA:57,0
DA:61,8
DA:62,4
DA:63,4
DA:68,4
DA:69,4
DA:71,0
DA:72,0
DA:76,8
DA:77,4
DA:78,4
DA:84,4
DA:85,4
DA:87,0
DA:88,0
DA:92,8
DA:93,0
DA:94,0
DA:96,0
DA:101,0
DA:104,0
DA:114,0
DA:117,0
DA:119,0
DA:129,0
DA:132,0
DA:133,0
DA:135,0
DA:136,0
DA:141,8
DA:142,0
DA:145,8
DA:146,0
DA:147,0
DA:150,8
DA:151,0
DA:152,0
DA:155,8
DA:156,0
DA:157,0
DA:159,0
DA:160,0
DA:164,0
DA:166,0
DA:169,0
DA:171,0
DA:172,0
DA:176,8
DA:190,0
DA:219,0
DA:233,0
DA:305,0
DA:319,0
LF:82
LH:44
BRDA:22,0,0,4
BRDA:22,0,1,0
BRDA:38,1,0,1
BRDA:38,1,1,3
BRDA:39,2,0,3
BRDA:39,2,1,0
BRDA:53,3,0,0
BRDA:53,3,1,4
BRDA:54,4,0,4
BRDA:54,4,1,4
BRDA:68,5,0,0
BRDA:68,5,1,4
BRDA:69,6,0,4
BRDA:69,6,1,4
BRDA:84,7,0,0
BRDA:84,7,1,4
BRDA:85,8,0,4
BRDA:85,8,1,0
BRDA:94,9,0,0
BRDA:94,9,1,0
BRDA:101,10,0,0
BRDA:101,10,1,0
BRDA:114,11,0,0
BRDA:114,11,1,0
BRDA:117,12,0,0
BRDA:117,12,1,0
BRDA:129,13,0,0
BRDA:129,13,1,0
BRDA:157,14,0,0
BRDA:157,14,1,0
BRDA:164,15,0,0
BRDA:164,15,1,0
BRDA:179,16,0,8
BRDA:179,16,1,1
BRDA:185,17,0,0
BRDA:185,17,1,8
BRDA:189,18,0,0
BRDA:189,18,1,0
BRDA:193,19,0,8
BRDA:193,19,1,0
BRDA:199,20,0,8
BRDA:199,20,1,0
BRDA:199,21,0,8
BRDA:199,21,1,4
BRDA:199,22,0,8
BRDA:199,22,1,4
BRDA:204,23,0,8
BRDA:204,23,1,4
BRDA:209,24,0,8
BRDA:209,24,1,4
BRDA:214,25,0,0
BRDA:214,25,1,8
BRDA:218,26,0,0
BRDA:218,26,1,0
BRDA:222,27,0,8
BRDA:222,27,1,0
BRDA:228,28,0,0
BRDA:228,28,1,8
BRDA:232,29,0,0
BRDA:232,29,1,0
BRDA:236,30,0,8
BRDA:236,30,1,0
BRDA:242,31,0,0
BRDA:242,31,1,8
BRDA:246,32,0,3
BRDA:246,32,1,5
BRDA:259,33,0,0
BRDA:259,33,1,8
BRDA:263,34,0,0
BRDA:263,34,1,0
BRDA:267,35,0,8
BRDA:267,35,1,5
BRDA:273,36,0,0
BRDA:273,36,1,8
BRDA:277,37,0,0
BRDA:277,37,1,0
BRDA:281,38,0,8
BRDA:281,38,1,5
BRDA:287,39,0,0
BRDA:287,39,1,8
BRF:80
BRH:39
end_of_record
TN:
SF:src\pages\patients\financial\Financial.js
FN:10,(anonymous_0)
FN:17,(anonymous_1)
FN:33,(anonymous_2)
FN:36,(anonymous_3)
FN:40,(anonymous_4)
FN:52,(anonymous_5)
FN:60,(anonymous_6)
FN:65,(anonymous_7)
FN:70,(anonymous_8)
FN:75,(anonymous_9)
FN:81,(anonymous_10)
FN:96,(anonymous_11)
FN:103,(anonymous_12)
FN:108,(anonymous_13)
FN:114,(anonymous_14)
FN:159,(anonymous_15)
FN:163,(anonymous_16)
FN:195,(anonymous_17)
FN:208,(anonymous_18)
FN:221,(anonymous_19)
FN:234,(anonymous_20)
FN:242,(anonymous_21)
FN:283,(anonymous_22)
FN:298,(anonymous_23)
FN:306,(anonymous_24)
FN:314,(anonymous_25)
FN:348,(anonymous_26)
FN:363,(anonymous_27)
FN:371,(anonymous_28)
FN:379,(anonymous_29)
FN:410,(anonymous_30)
FN:448,(anonymous_31)
FNF:32
FNH:0
FNDA:0,(anonymous_0)
FNDA:0,(anonymous_1)
FNDA:0,(anonymous_2)
FNDA:0,(anonymous_3)
FNDA:0,(anonymous_4)
FNDA:0,(anonymous_5)
FNDA:0,(anonymous_6)
FNDA:0,(anonymous_7)
FNDA:0,(anonymous_8)
FNDA:0,(anonymous_9)
FNDA:0,(anonymous_10)
FNDA:0,(anonymous_11)
FNDA:0,(anonymous_12)
FNDA:0,(anonymous_13)
FNDA:0,(anonymous_14)
FNDA:0,(anonymous_15)
FNDA:0,(anonymous_16)
FNDA:0,(anonymous_17)
FNDA:0,(anonymous_18)
FNDA:0,(anonymous_19)
FNDA:0,(anonymous_20)
FNDA:0,(anonymous_21)
FNDA:0,(anonymous_22)
FNDA:0,(anonymous_23)
FNDA:0,(anonymous_24)
FNDA:0,(anonymous_25)
FNDA:0,(anonymous_26)
FNDA:0,(anonymous_27)
FNDA:0,(anonymous_28)
FNDA:0,(anonymous_29)
FNDA:0,(anonymous_30)
FNDA:0,(anonymous_31)
DA:10,0
DA:11,0
DA:12,0
DA:13,0
DA:14,0
DA:15,0
DA:17,0
DA:18,0
DA:19,0
DA:24,0
DA:25,0
DA:27,0
DA:28,0
DA:33,0
DA:34,0
DA:36,0
DA:38,0
DA:39,0
DA:40,0
DA:41,0
DA:49,0
DA:52,0
DA:53,0
DA:60,0
DA:61,0
DA:65,0
DA:66,0
DA:70,0
DA:71,0
DA:75,0
DA:76,0
DA:81,0
DA:82,0
DA:83,0
DA:88,0
DA:89,0
DA:91,0
DA:96,0
DA:97,0
DA:98,0
DA:99,0
DA:103,0
DA:104,0
DA:105,0
DA:108,0
DA:109,0
DA:110,0
DA:114,0
DA:115,0
DA:116,0
DA:118,0
DA:130,0
DA:131,0
DA:133,0
DA:137,0
DA:141,0
DA:142,0
DA:144,0
DA:148,0
DA:150,0
DA:159,0
DA:160,0
DA:163,0
DA:164,0
DA:174,0
DA:175,0
DA:179,0
DA:182,0
DA:187,0
DA:188,0
DA:190,0
DA:191,0
DA:195,0
DA:196,0
DA:201,0
DA:202,0
DA:204,0
DA:208,0
DA:209,0
DA:214,0
DA:215,0
DA:217,0
DA:221,0
DA:222,0
DA:227,0
DA:228,0
DA:230,0
DA:234,0
DA:235,0
DA:242,0
DA:243,0
DA:245,0
DA:247,0
DA:249,0
DA:251,0
DA:253,0
DA:257,0
DA:284,0
DA:298,0
DA:306,0
DA:314,0
DA:349,0
DA:363,0
DA:371,0
DA:379,0
DA:411,0
DA:449,0
LF:107
LH:0
BRDA:18,0,0,0
BRDA:18,0,1,0
BRDA:24,1,0,0
BRDA:24,1,1,0
BRDA:34,2,0,0
BRDA:34,2,1,0
BRDA:38,3,0,0
BRDA:38,3,1,0
BRDA:41,4,0,0
BRDA:41,4,1,0
BRDA:41,4,2,0
BRDA:41,4,3,0
BRDA:41,4,4,0
BRDA:82,5,0,0
BRDA:82,5,1,0
BRDA:88,6,0,0
BRDA:88,6,1,0
BRDA:116,7,0,0
BRDA:116,7,1,0
BRDA:130,8,0,0
BRDA:130,8,1,0
BRDA:141,9,0,0
BRDA:141,9,1,0
BRDA:174,10,0,0
BRDA:174,10,1,0
BRDA:187,11,0,0
BRDA:187,11,1,0
BRDA:201,12,0,0
BRDA:201,12,1,0
BRDA:214,13,0,0
BRDA:214,13,1,0
BRDA:227,14,0,0
BRDA:227,14,1,0
BRDA:243,15,0,0
BRDA:243,15,1,0
BRDA:243,15,2,0
BRDA:243,15,3,0
BRDA:243,15,4,0
BRDA:282,16,0,0
BRDA:282,16,1,0
BRDA:322,17,0,0
BRDA:322,17,1,0
BRDA:347,18,0,0
BRDA:347,18,1,0
BRDA:387,19,0,0
BRDA:387,19,1,0
BRDA:409,20,0,0
BRDA:409,20,1,0
BRDA:425,21,0,0
BRDA:425,21,1,0
BRDA:447,22,0,0
BRDA:447,22,1,0
BRDA:463,23,0,0
BRDA:463,23,1,0
BRF:54
BRH:0
end_of_record
TN:
SF:src\pages\patients\healthStatus\HealthStatus.js
FN:12,(anonymous_0)
FN:24,(anonymous_1)
FN:31,(anonymous_2)
FN:56,(anonymous_3)
FN:65,(anonymous_4)
FN:75,(anonymous_5)
FN:84,(anonymous_6)
FN:94,(anonymous_7)
FN:95,(anonymous_8)
FN:112,(anonymous_9)
FN:170,(anonymous_10)
FN:180,(anonymous_11)
FN:212,(anonymous_12)
FN:227,(anonymous_13)
FN:253,(anonymous_14)
FN:266,(anonymous_15)
FN:286,(anonymous_16)
FN:291,(anonymous_17)
FNF:18
FNH:9
FNDA:26,(anonymous_0)
FNDA:8,(anonymous_1)
FNDA:8,(anonymous_2)
FNDA:0,(anonymous_3)
FNDA:0,(anonymous_4)
FNDA:0,(anonymous_5)
FNDA:0,(anonymous_6)
FNDA:2,(anonymous_7)
FNDA:2,(anonymous_8)
FNDA:8,(anonymous_9)
FNDA:1,(anonymous_10)
FNDA:0,(anonymous_11)
FNDA:0,(anonymous_12)
FNDA:8,(anonymous_13)
FNDA:0,(anonymous_14)
FNDA:8,(anonymous_15)
FNDA:0,(anonymous_16)
FNDA:0,(anonymous_17)
DA:12,1
DA:13,26
DA:14,26
DA:15,26
DA:16,26
DA:17,26
DA:18,26
DA:19,26
DA:20,26
DA:21,26
DA:22,26
DA:24,26
DA:25,8
DA:26,8
DA:27,8
DA:31,26
DA:32,8
DA:33,8
DA:44,5
DA:45,0
DA:48,5
DA:49,5
DA:51,1
DA:52,1
DA:56,26
DA:57,0
DA:58,0
DA:62,0
DA:64,0
DA:65,0
DA:67,0
DA:69,0
DA:71,0
DA:75,26
DA:76,0
DA:77,0
DA:81,0
DA:83,0
DA:84,0
DA:86,0
DA:88,0
DA:90,0
DA:94,26
DA:95,26
DA:96,2
DA:97,2
DA:98,2
DA:103,0
DA:104,0
DA:107,2
DA:108,2
DA:112,26
DA:114,26
DA:170,1
DA:180,0
DA:212,0
DA:228,8
DA:253,0
DA:267,8
DA:286,0
DA:291,0
LF:61
LH:37
BRDA:25,0,0,8
BRDA:25,0,1,0
BRDA:27,1,0,8
BRDA:27,1,1,0
BRDA:37,2,0,7
BRDA:37,2,1,0
BRDA:41,3,0,7
BRDA:41,3,1,0
BRDA:44,4,0,0
BRDA:44,4,1,5
BRDA:44,5,0,5
BRDA:44,5,1,5
BRDA:48,6,0,5
BRDA:48,6,1,0
BRDA:49,7,0,5
BRDA:49,7,1,0
BRDA:62,8,0,0
BRDA:62,8,1,0
BRDA:64,9,0,0
BRDA:64,9,1,0
BRDA:64,10,0,0
BRDA:64,10,1,0
BRDA:81,11,0,0
BRDA:81,11,1,0
BRDA:83,12,0,0
BRDA:83,12,1,0
BRDA:83,13,0,0
BRDA:83,13,1,0
BRDA:97,14,0,2
BRDA:97,14,1,0
BRDA:103,15,0,0
BRDA:103,15,1,0
BRDA:117,16,0,26
BRDA:117,16,1,4
BRDA:124,17,0,26
BRDA:124,17,1,0
BRDA:130,18,0,26
BRDA:130,18,1,0
BRDA:136,19,0,26
BRDA:136,19,1,0
BRDA:142,20,0,26
BRDA:142,20,1,0
BRDA:148,21,0,26
BRDA:148,21,1,0
BRDA:154,22,0,26
BRDA:154,22,1,0
BRDA:186,23,0,5
BRDA:186,23,1,21
BRDA:226,24,0,8
BRDA:226,24,1,18
BRDA:265,25,0,8
BRDA:265,25,1,18
BRF:52
BRH:24
end_of_record
TN:
SF:src\pages\patients\medication\Medication.js
FN:13,(anonymous_0)
FN:25,(anonymous_1)
FN:31,(anonymous_2)
FN:63,(anonymous_3)
FN:78,(anonymous_4)
FN:91,(anonymous_5)
FN:101,(anonymous_6)
FN:111,(anonymous_7)
FN:120,(anonymous_8)
FN:130,(anonymous_9)
FN:133,(anonymous_10)
FN:134,(anonymous_11)
FN:163,(anonymous_12)
FN:167,(anonymous_13)
FN:174,(anonymous_14)
FN:176,(anonymous_15)
FN:203,(anonymous_16)
FN:238,(anonymous_17)
FN:272,(anonymous_18)
FN:297,(anonymous_19)
FN:302,(anonymous_20)
FN:308,(anonymous_21)
FNF:22
FNH:10
FNDA:10,(anonymous_0)
FNDA:2,(anonymous_1)
FNDA:3,(anonymous_2)
FNDA:0,(anonymous_3)
FNDA:0,(anonymous_4)
FNDA:0,(anonymous_5)
FNDA:0,(anonymous_6)
FNDA:0,(anonymous_7)
FNDA:0,(anonymous_8)
FNDA:30,(anonymous_9)
FNDA:0,(anonymous_10)
FNDA:0,(anonymous_11)
FNDA:6,(anonymous_12)
FNDA:36,(anonymous_13)
FNDA:0,(anonymous_14)
FNDA:0,(anonymous_15)
FNDA:0,(anonymous_16)
FNDA:2,(anonymous_17)
FNDA:1,(anonymous_18)
FNDA:0,(anonymous_19)
FNDA:1,(anonymous_20)
FNDA:1,(anonymous_21)
DA:13,1
DA:14,10
DA:15,10
DA:17,10
DA:18,10
DA:19,10
DA:20,10
DA:21,10
DA:22,10
DA:23,10
DA:25,10
DA:26,2
DA:27,2
DA:31,10
DA:32,3
DA:33,3
DA:34,3
DA:49,0
DA:50,0
DA:53,0
DA:54,0
DA:55,0
DA:57,1
DA:59,1
DA:63,10
DA:64,0
DA:65,0
DA:75,0
DA:77,0
DA:78,0
DA:83,0
DA:85,0
DA:87,0
DA:91,10
DA:92,0
DA:93,0
DA:98,0
DA:100,0
DA:101,0
DA:103,0
DA:105,0
DA:107,0
DA:111,10
DA:112,0
DA:113,0
DA:117,0
DA:119,0
DA:120,0
DA:122,0
DA:124,0
DA:126,0
DA:130,10
DA:131,30
DA:133,0
DA:134,0
DA:135,0
DA:136,0
DA:141,10
DA:151,10
DA:158,10
DA:163,10
DA:164,6
DA:168,36
DA:175,0
DA:177,0
DA:192,10
DA:203,0
DA:238,2
DA:272,1
DA:297,0
DA:302,1
DA:308,1
LF:72
LH:35
BRDA:26,0,0,2
BRDA:26,0,1,0
BRDA:49,1,0,0
BRDA:49,1,1,0
BRDA:49,2,0,0
BRDA:49,2,1,0
BRDA:49,2,2,0
BRDA:53,3,0,0
BRDA:53,3,1,0
BRDA:54,4,0,0
BRDA:54,4,1,0
BRDA:55,5,0,0
BRDA:55,5,1,0
BRDA:75,6,0,0
BRDA:75,6,1,0
BRDA:77,7,0,0
BRDA:77,7,1,0
BRDA:77,8,0,0
BRDA:77,8,1,0
BRDA:98,9,0,0
BRDA:98,9,1,0
BRDA:100,10,0,0
BRDA:100,10,1,0
BRDA:100,11,0,0
BRDA:100,11,1,0
BRDA:117,12,0,0
BRDA:117,12,1,0
BRDA:119,13,0,0
BRDA:119,13,1,0
BRDA:119,14,0,0
BRDA:119,14,1,0
BRDA:131,15,0,30
BRDA:131,15,1,0
BRDA:136,16,0,0
BRDA:136,16,1,0
BRDA:173,17,0,0
BRDA:173,17,1,6
BRDA:208,18,0,8
BRDA:208,18,1,2
BRDA:224,19,0,2
BRDA:224,19,1,2
BRDA:224,19,2,0
BRDA:243,20,0,8
BRDA:243,20,1,2
BRDA:255,21,0,2
BRDA:255,21,1,2
BRDA:255,21,2,0
BRDA:277,22,0,8
BRDA:277,22,1,2
BRDA:285,23,0,2
BRDA:285,23,1,2
BRDA:285,23,2,0
BRF:52
BRH:15
end_of_record
TN:
SF:src\pages\patients\medication\VaccineModal.js
FN:5,(anonymous_0)
FN:15,(anonymous_1)
FN:54,(anonymous_2)
FN:63,(anonymous_3)
FN:71,(anonymous_4)
FN:79,(anonymous_5)
FN:88,(anonymous_6)
FN:96,(anonymous_7)
FNF:8
FNH:7
FNDA:10,(anonymous_0)
FNDA:0,(anonymous_1)
FNDA:1,(anonymous_2)
FNDA:1,(anonymous_3)
FNDA:1,(anonymous_4)
FNDA:1,(anonymous_5)
FNDA:1,(anonymous_6)
FNDA:1,(anonymous_7)
DA:5,1
DA:6,10
DA:7,10
DA:8,10
DA:9,10
DA:10,10
DA:11,10
DA:12,10
DA:13,10
DA:15,10
DA:16,0
DA:18,0
DA:19,0
DA:33,0
DA:34,0
DA:35,0
DA:37,0
DA:38,0
DA:42,10
DA:44,9
DA:54,1
DA:63,1
DA:71,1
DA:79,1
DA:88,1
DA:96,1
LF:26
LH:18
BRDA:33,0,0,0
BRDA:33,0,1,0
BRDA:42,1,0,1
BRDA:42,1,1,9
BRDA:99,2,0,9
BRDA:99,2,1,0
BRF:6
BRH:3
end_of_record
TN:
SF:src\pages\patients\newPatient\NewPatient.js
FN:9,(anonymous_0)
FN:14,(anonymous_1)
FN:18,(anonymous_2)
FN:20,(anonymous_3)
FN:32,(anonymous_4)
FN:46,(anonymous_5)
FN:55,(anonymous_6)
FN:61,(anonymous_7)
FN:86,(anonymous_8)
FN:133,(anonymous_9)
FN:138,(anonymous_10)
FN:142,(anonymous_11)
FN:161,(anonymous_12)
FN:177,(anonymous_13)
FN:191,(anonymous_14)
FN:196,(anonymous_15)
FN:198,(anonymous_16)
FN:206,(anonymous_17)
FN:208,(anonymous_18)
FN:211,(anonymous_19)
FN:216,(anonymous_20)
FN:237,(anonymous_21)
FN:249,(anonymous_22)
FN:251,(anonymous_23)
FN:254,(anonymous_24)
FN:258,(anonymous_25)
FN:270,(anonymous_26)
FN:361,(anonymous_27)
FN:384,(anonymous_28)
FN:432,(anonymous_29)
FN:486,(anonymous_30)
FN:507,(anonymous_31)
FN:531,(anonymous_32)
FN:568,(anonymous_33)
FNF:34
FNH:0
FNDA:0,(anonymous_0)
FNDA:0,(anonymous_1)
FNDA:0,(anonymous_2)
FNDA:0,(anonymous_3)
FNDA:0,(anonymous_4)
FNDA:0,(anonymous_5)
FNDA:0,(anonymous_6)
FNDA:0,(anonymous_7)
FNDA:0,(anonymous_8)
FNDA:0,(anonymous_9)
FNDA:0,(anonymous_10)
FNDA:0,(anonymous_11)
FNDA:0,(anonymous_12)
FNDA:0,(anonymous_13)
FNDA:0,(anonymous_14)
FNDA:0,(anonymous_15)
FNDA:0,(anonymous_16)
FNDA:0,(anonymous_17)
FNDA:0,(anonymous_18)
FNDA:0,(anonymous_19)
FNDA:0,(anonymous_20)
FNDA:0,(anonymous_21)
FNDA:0,(anonymous_22)
FNDA:0,(anonymous_23)
FNDA:0,(anonymous_24)
FNDA:0,(anonymous_25)
FNDA:0,(anonymous_26)
FNDA:0,(anonymous_27)
FNDA:0,(anonymous_28)
FNDA:0,(anonymous_29)
FNDA:0,(anonymous_30)
FNDA:0,(anonymous_31)
FNDA:0,(anonymous_32)
FNDA:0,(anonymous_33)
DA:9,0
DA:10,0
DA:11,0
DA:12,0
DA:14,0
DA:15,0
DA:18,0
DA:19,0
DA:20,0
DA:21,0
DA:26,0
DA:28,0
DA:32,0
DA:33,0
DA:38,0
DA:39,0
DA:41,0
DA:42,0
DA:46,0
DA:47,0
DA:48,0
DA:51,0
DA:56,0
DA:61,0
DA:86,0
DA:87,0
DA:88,0
DA:89,0
DA:90,0
DA:91,0
DA:92,0
DA:107,0
DA:115,0
DA:120,0
DA:121,0
DA:122,0
DA:123,0
DA:125,0
DA:133,0
DA:134,0
DA:135,0
DA:138,0
DA:139,0
DA:142,0
DA:143,0
DA:144,0
DA:150,0
DA:152,0
DA:153,0
DA:154,0
DA:156,0
DA:157,0
DA:161,0
DA:162,0
DA:163,0
DA:164,0
DA:165,0
DA:167,0
DA:171,0
DA:174,0
DA:177,0
DA:178,0
DA:180,0
DA:181,0
DA:182,0
DA:183,0
DA:184,0
DA:185,0
DA:188,0
DA:191,0
DA:192,0
DA:193,0
DA:195,0
DA:196,0
DA:198,0
DA:200,0
DA:201,0
DA:202,0
DA:206,0
DA:207,0
DA:208,0
DA:211,0
DA:212,0
DA:213,0
DA:214,0
DA:215,0
DA:216,0
DA:217,0
DA:219,0
DA:221,0
DA:222,0
DA:223,0
DA:225,0
DA:229,0
DA:231,0
DA:235,0
DA:237,0
DA:243,0
DA:244,0
DA:249,0
DA:250,0
DA:251,0
DA:254,0
DA:255,0
DA:257,0
DA:258,0
DA:259,0
DA:260,0
DA:264,0
DA:265,0
DA:266,0
DA:267,0
DA:270,0
DA:271,0
DA:272,0
DA:273,0
DA:276,0
DA:277,0
DA:298,0
DA:303,0
DA:304,0
DA:305,0
DA:306,0
DA:310,0
DA:311,0
DA:313,0
DA:327,0
DA:334,0
DA:338,0
DA:339,0
DA:342,0
DA:344,0
DA:345,0
DA:349,0
DA:361,0
DA:384,0
DA:433,0
DA:487,0
DA:507,0
DA:532,0
DA:569,0
LF:141
LH:0
BRDA:19,0,0,0
BRDA:19,0,1,0
BRDA:19,1,0,0
BRDA:19,1,1,0
BRDA:21,2,0,0
BRDA:21,2,1,0
BRDA:21,2,2,0
BRDA:21,2,3,0
BRDA:38,3,0,0
BRDA:38,3,1,0
BRDA:59,4,0,0
BRDA:59,4,1,0
BRDA:64,5,0,0
BRDA:64,5,1,0
BRDA:73,6,0,0
BRDA:73,6,1,0
BRDA:73,6,2,0
BRDA:150,7,0,0
BRDA:150,7,1,0
BRDA:167,8,0,0
BRDA:167,8,1,0
BRDA:168,9,0,0
BRDA:168,9,1,0
BRDA:168,9,2,0
BRDA:180,10,0,0
BRDA:180,10,1,0
BRDA:180,11,0,0
BRDA:180,11,1,0
BRDA:182,12,0,0
BRDA:182,12,1,0
BRDA:182,13,0,0
BRDA:182,13,1,0
BRDA:184,14,0,0
BRDA:184,14,1,0
BRDA:184,15,0,0
BRDA:184,15,1,0
BRDA:193,16,0,0
BRDA:193,16,1,0
BRDA:200,17,0,0
BRDA:200,17,1,0
BRDA:213,18,0,0
BRDA:213,18,1,0
BRDA:229,19,0,0
BRDA:229,19,1,0
BRDA:235,20,0,0
BRDA:235,20,1,0
BRDA:259,21,0,0
BRDA:259,21,1,0
BRDA:259,22,0,0
BRDA:259,22,1,0
BRDA:264,23,0,0
BRDA:264,23,1,0
BRDA:271,24,0,0
BRDA:271,24,1,0
BRDA:280,25,0,0
BRDA:280,25,1,0
BRDA:281,26,0,0
BRDA:281,26,1,0
BRDA:282,27,0,0
BRDA:282,27,1,0
BRDA:283,28,0,0
BRDA:283,28,1,0
BRDA:286,29,0,0
BRDA:286,29,1,0
BRDA:287,30,0,0
BRDA:287,30,1,0
BRDA:289,31,0,0
BRDA:289,31,1,0
BRDA:295,32,0,0
BRDA:295,32,1,0
BRDA:303,33,0,0
BRDA:303,33,1,0
BRDA:304,34,0,0
BRDA:304,34,1,0
BRDA:304,34,2,0
BRDA:305,35,0,0
BRDA:305,35,1,0
BRDA:344,36,0,0
BRDA:344,36,1,0
BRDA:356,37,0,0
BRDA:356,37,1,0
BRDA:371,38,0,0
BRDA:371,38,1,0
BRDA:381,39,0,0
BRDA:381,39,1,0
BRDA:389,40,0,0
BRDA:389,40,1,0
BRDA:436,41,0,0
BRDA:436,41,1,0
BRDA:445,42,0,0
BRDA:445,42,1,0
BRDA:455,43,0,0
BRDA:455,43,1,0
BRDA:463,44,0,0
BRDA:463,44,1,0
BRDA:492,45,0,0
BRDA:492,45,1,0
BRDA:494,46,0,0
BRDA:494,46,1,0
BRDA:496,47,0,0
BRDA:496,47,1,0
BRDA:509,48,0,0
BRDA:509,48,1,0
BRDA:513,49,0,0
BRDA:513,49,1,0
BRDA:537,50,0,0
BRDA:537,50,1,0
BRDA:539,51,0,0
BRDA:539,51,1,0
BRDA:541,52,0,0
BRDA:541,52,1,0
BRDA:572,53,0,0
BRDA:572,53,1,0
BRDA:581,54,0,0
BRDA:581,54,1,0
BRDA:588,55,0,0
BRDA:588,55,1,0
BRF:117
BRH:0
end_of_record
TN:
SF:src\pages\patients\patientMain\PatientMain.js
FN:9,(anonymous_0)
FN:27,(anonymous_1)
FN:31,(anonymous_2)
FN:37,(anonymous_3)
FN:39,(anonymous_4)
FN:50,(anonymous_5)
FN:56,(anonymous_6)
FN:60,(anonymous_7)
FN:64,(anonymous_8)
FN:78,(anonymous_9)
FN:101,(anonymous_10)
FN:107,(anonymous_11)
FN:129,(anonymous_12)
FN:137,(anonymous_13)
FN:142,(anonymous_14)
FN:147,(anonymous_15)
FN:165,(anonymous_16)
FN:166,(anonymous_17)
FN:180,(anonymous_18)
FN:271,(anonymous_19)
FN:285,(anonymous_20)
FN:287,(anonymous_21)
FN:290,(anonymous_22)
FN:360,(anonymous_23)
FN:366,(anonymous_24)
FN:760,(anonymous_25)
FNF:26
FNH:11
FNDA:15,(anonymous_0)
FNDA:4,(anonymous_1)
FNDA:4,(anonymous_2)
FNDA:4,(anonymous_3)
FNDA:0,(anonymous_4)
FNDA:4,(anonymous_5)
FNDA:0,(anonymous_6)
FNDA:0,(anonymous_7)
FNDA:4,(anonymous_8)
FNDA:4,(anonymous_9)
FNDA:0,(anonymous_10)
FNDA:0,(anonymous_11)
FNDA:0,(anonymous_12)
FNDA:1,(anonymous_13)
FNDA:1,(anonymous_14)
FNDA:0,(anonymous_15)
FNDA:0,(anonymous_16)
FNDA:0,(anonymous_17)
FNDA:1,(anonymous_18)
FNDA:0,(anonymous_19)
FNDA:0,(anonymous_20)
FNDA:0,(anonymous_21)
FNDA:15,(anonymous_22)
FNDA:0,(anonymous_23)
FNDA:0,(anonymous_24)
FNDA:0,(anonymous_25)
DA:9,1
DA:10,15
DA:11,15
DA:12,15
DA:13,15
DA:15,15
DA:16,15
DA:17,15
DA:18,15
DA:19,15
DA:20,15
DA:21,15
DA:22,15
DA:23,15
DA:27,15
DA:28,4
DA:31,15
DA:32,4
DA:33,4
DA:34,4
DA:37,15
DA:38,4
DA:40,0
DA:47,4
DA:50,15
DA:51,4
DA:52,4
DA:56,15
DA:57,0
DA:60,15
DA:61,0
DA:64,15
DA:65,4
DA:66,4
DA:70,0
DA:71,0
DA:73,0
DA:74,0
DA:78,15
DA:79,4
DA:80,4
DA:82,4
DA:88,4
DA:89,0
DA:92,4
DA:94,4
DA:96,0
DA:97,0
DA:101,15
DA:102,0
DA:103,0
DA:107,15
DA:108,0
DA:109,0
DA:110,0
DA:111,0
DA:112,0
DA:113,0
DA:115,0
DA:119,0
DA:124,0
DA:126,0
DA:128,0
DA:129,0
DA:131,0
DA:132,0
DA:137,15
DA:138,1
DA:139,1
DA:142,15
DA:143,1
DA:144,1
DA:147,15
DA:148,0
DA:149,0
DA:150,0
DA:153,0
DA:163,0
DA:165,0
DA:166,0
DA:169,0
DA:170,0
DA:171,0
DA:172,0
DA:173,0
DA:175,0
DA:176,0
DA:180,15
DA:181,1
DA:186,1
DA:187,1
DA:192,0
DA:194,0
DA:199,0
DA:201,0
DA:206,0
DA:208,0
DA:213,0
DA:215,0
DA:220,0
DA:222,0
DA:227,0
DA:229,0
DA:234,0
DA:236,0
DA:241,0
DA:243,0
DA:248,0
DA:250,0
DA:255,0
DA:257,0
DA:262,0
DA:264,0
DA:269,0
DA:271,0
DA:272,0
DA:274,0
DA:277,1
DA:278,1
DA:285,15
DA:286,0
DA:287,0
DA:290,15
DA:291,15
DA:292,15
DA:295,15
DA:361,0
DA:367,0
DA:368,0
DA:369,0
DA:761,0
LF:131
LH:58
BRDA:40,0,0,0
BRDA:40,0,1,0
BRDA:40,1,0,0
BRDA:40,1,1,0
BRDA:41,2,0,0
BRDA:41,2,1,0
BRDA:43,3,0,0
BRDA:43,3,1,0
BRDA:44,4,0,0
BRDA:44,4,1,0
BRDA:51,5,0,4
BRDA:51,5,1,0
BRDA:70,6,0,0
BRDA:70,6,1,0
BRDA:88,7,0,0
BRDA:88,7,1,4
BRDA:102,8,0,0
BRDA:102,8,1,0
BRDA:109,9,0,0
BRDA:109,9,1,0
BRDA:119,10,0,0
BRDA:119,10,1,0
BRDA:126,11,0,0
BRDA:126,11,1,0
BRDA:149,12,0,0
BRDA:149,12,1,0
BRDA:149,13,0,0
BRDA:149,13,1,0
BRDA:157,14,0,0
BRDA:157,14,1,0
BRDA:163,15,0,0
BRDA:163,15,1,0
BRDA:166,16,0,0
BRDA:166,16,1,0
BRDA:181,17,0,1
BRDA:181,17,1,0
BRDA:192,18,0,0
BRDA:192,18,1,0
BRDA:199,19,0,0
BRDA:199,19,1,0
BRDA:206,20,0,0
BRDA:206,20,1,0
BRDA:213,21,0,0
BRDA:213,21,1,0
BRDA:220,22,0,0
BRDA:220,22,1,0
BRDA:227,23,0,0
BRDA:227,23,1,0
BRDA:234,24,0,0
BRDA:234,24,1,0
BRDA:241,25,0,0
BRDA:241,25,1,0
BRDA:248,26,0,0
BRDA:248,26,1,0
BRDA:255,27,0,0
BRDA:255,27,1,0
BRDA:262,28,0,0
BRDA:262,28,1,0
BRDA:269,29,0,0
BRDA:269,29,1,0
BRDA:279,30,0,1
BRDA:279,30,1,0
BRDA:302,31,0,0
BRDA:302,31,1,15
BRDA:310,32,0,0
BRDA:310,32,1,15
BRDA:318,33,0,0
BRDA:318,33,1,15
BRDA:326,34,0,0
BRDA:326,34,1,15
BRDA:334,35,0,0
BRDA:334,35,1,15
BRDA:342,36,0,0
BRDA:342,36,1,15
BRDA:350,37,0,0
BRDA:350,37,1,15
BRDA:364,38,0,0
BRDA:364,38,1,0
BRDA:373,39,0,0
BRDA:373,39,1,0
BRDA:382,40,0,15
BRDA:382,40,1,1
BRDA:383,41,0,15
BRDA:383,41,1,15
BRDA:392,42,0,15
BRDA:392,42,1,15
BRDA:392,42,2,15
BRDA:399,43,0,15
BRDA:399,43,1,1
BRDA:415,44,0,1
BRDA:415,44,1,14
BRDA:419,45,0,1
BRDA:419,45,1,0
BRDA:430,46,0,1
BRDA:430,46,1,14
BRDA:435,47,0,1
BRDA:435,47,1,0
BRDA:443,48,0,6
BRDA:443,48,1,8
BRDA:452,49,0,1
BRDA:452,49,1,14
BRDA:456,50,0,1
BRDA:456,50,1,0
BRDA:466,51,0,1
BRDA:466,51,1,14
BRDA:470,52,0,1
BRDA:470,52,1,0
BRDA:480,53,0,1
BRDA:480,53,1,14
BRDA:484,54,0,1
BRDA:484,54,1,0
BRDA:494,55,0,1
BRDA:494,55,1,14
BRDA:498,56,0,1
BRDA:498,56,1,0
BRDA:508,57,0,1
BRDA:508,57,1,14
BRDA:511,58,0,1
BRDA:511,58,1,0
BRDA:535,59,0,1
BRDA:535,59,1,14
BRDA:576,60,0,1
BRDA:576,60,1,14
BRDA:583,61,0,1
BRDA:583,61,1,0
BRDA:592,62,0,1
BRDA:592,62,1,0
BRDA:601,63,0,1
BRDA:601,63,1,0
BRDA:625,64,0,1
BRDA:625,64,1,14
BRDA:632,65,0,1
BRDA:632,65,1,1
BRDA:641,66,0,1
BRDA:641,66,1,1
BRDA:650,67,0,1
BRDA:650,67,1,1
BRDA:659,68,0,1
BRDA:659,68,1,1
BRDA:689,69,0,1
BRDA:689,69,1,14
BRDA:696,70,0,1
BRDA:696,70,1,1
BRDA:705,71,0,1
BRDA:705,71,1,1
BRDA:726,72,0,1
BRDA:726,72,1,14
BRDA:729,73,0,1
BRDA:729,73,1,1
BRDA:734,74,0,14
BRDA:734,74,1,14
BRDA:752,75,0,15
BRDA:752,75,1,0
BRDA:752,75,2,0
BRDA:757,76,0,0
BRDA:757,76,1,0
BRDA:758,77,0,0
BRDA:758,77,1,0
BRDA:759,78,0,0
BRDA:759,78,1,0
BRF:160
BRH:73
end_of_record
TN:
SF:src\pages\patients\soc\SOC.js
FN:9,(anonymous_0)
FN:28,(anonymous_1)
FN:36,(anonymous_2)
FN:49,(anonymous_3)
FN:62,(anonymous_4)
FN:75,(anonymous_5)
FN:85,(anonymous_6)
FN:136,(anonymous_7)
FN:141,(anonymous_8)
FN:182,(anonymous_9)
FN:208,(anonymous_10)
FN:214,(anonymous_11)
FN:259,(anonymous_12)
FN:277,(anonymous_13)
FN:284,(anonymous_14)
FN:312,(anonymous_15)
FN:323,(anonymous_16)
FN:352,(anonymous_17)
FN:375,(anonymous_18)
FN:392,(anonymous_19)
FN:406,(anonymous_20)
FN:424,(anonymous_21)
FN:448,(anonymous_22)
FN:455,(anonymous_23)
FN:469,(anonymous_24)
FN:495,(anonymous_25)
FN:510,(anonymous_26)
FNF:27
FNH:9
FNDA:10,(anonymous_0)
FNDA:3,(anonymous_1)
FNDA:4,(anonymous_2)
FNDA:4,(anonymous_3)
FNDA:3,(anonymous_4)
FNDA:1,(anonymous_5)
FNDA:2,(anonymous_6)
FNDA:0,(anonymous_7)
FNDA:0,(anonymous_8)
FNDA:0,(anonymous_9)
FNDA:0,(anonymous_10)
FNDA:0,(anonymous_11)
FNDA:0,(anonymous_12)
FNDA:0,(anonymous_13)
FNDA:0,(anonymous_14)
FNDA:0,(anonymous_15)
FNDA:2,(anonymous_16)
FNDA:1,(anonymous_17)
FNDA:0,(anonymous_18)
FNDA:0,(anonymous_19)
FNDA:0,(anonymous_20)
FNDA:0,(anonymous_21)
FNDA:0,(anonymous_22)
FNDA:0,(anonymous_23)
FNDA:0,(anonymous_24)
FNDA:0,(anonymous_25)
FNDA:0,(anonymous_26)
DA:9,1
DA:10,10
DA:11,10
DA:12,10
DA:13,10
DA:14,10
DA:15,10
DA:23,10
DA:24,10
DA:25,10
DA:26,10
DA:28,10
DA:29,3
DA:30,3
DA:31,3
DA:32,3
DA:36,10
DA:37,4
DA:42,0
DA:43,0
DA:45,0
DA:49,10
DA:50,4
DA:55,0
DA:56,0
DA:58,0
DA:62,10
DA:63,3
DA:68,0
DA:69,0
DA:71,0
DA:75,10
DA:76,1
DA:78,1
DA:79,0
DA:81,1
DA:85,10
DA:86,2
DA:87,2
DA:89,2
DA:90,1
DA:91,1
DA:94,1
DA:100,1
DA:101,1
DA:102,0
DA:111,0
DA:114,1
DA:115,1
DA:117,1
DA:118,1
DA:119,1
DA:120,1
DA:128,1
DA:130,0
DA:136,10
DA:137,0
DA:138,0
DA:141,10
DA:142,0
DA:143,0
DA:145,0
DA:146,0
DA:147,0
DA:150,0
DA:151,0
DA:162,0
DA:164,0
DA:165,0
DA:166,0
DA:174,0
DA:176,0
DA:182,10
DA:183,0
DA:184,0
DA:186,0
DA:187,0
DA:188,0
DA:191,0
DA:192,0
DA:195,0
DA:197,0
DA:198,0
DA:199,0
DA:200,0
DA:202,0
DA:208,10
DA:209,0
DA:210,0
DA:211,0
DA:214,10
DA:215,0
DA:216,0
DA:218,0
DA:219,0
DA:220,0
DA:223,0
DA:224,0
DA:228,0
DA:230,0
DA:231,0
DA:232,0
DA:233,0
DA:234,0
DA:236,0
DA:242,10
DA:260,0
DA:277,0
DA:285,0
DA:312,0
DA:324,2
DA:332,2
DA:353,1
DA:376,0
DA:393,0
DA:407,0
DA:424,0
DA:449,0
DA:455,0
DA:470,0
DA:471,0
DA:472,0
DA:495,0
DA:510,0
LF:124
LH:51
BRDA:29,0,0,3
BRDA:29,0,1,0
BRDA:42,1,0,0
BRDA:42,1,1,0
BRDA:55,2,0,0
BRDA:55,2,1,0
BRDA:68,3,0,0
BRDA:68,3,1,0
BRDA:78,4,0,0
BRDA:78,4,1,1
BRDA:89,5,0,1
BRDA:89,5,1,1
BRDA:96,6,0,1
BRDA:96,6,1,1
BRDA:101,7,0,0
BRDA:101,7,1,1
BRDA:107,8,0,0
BRDA:107,8,1,0
BRDA:108,9,0,0
BRDA:108,9,1,0
BRDA:111,10,0,0
BRDA:111,10,1,0
BRDA:115,11,0,0
BRDA:115,11,1,1
BRDA:145,12,0,0
BRDA:145,12,1,0
BRDA:157,13,0,0
BRDA:157,13,1,0
BRDA:158,14,0,0
BRDA:158,14,1,0
BRDA:162,15,0,0
BRDA:162,15,1,0
BRDA:186,16,0,0
BRDA:186,16,1,0
BRDA:195,17,0,0
BRDA:195,17,1,0
BRDA:218,18,0,0
BRDA:218,18,1,0
BRDA:228,19,0,0
BRDA:228,19,1,0
BRDA:265,20,0,0
BRDA:265,20,1,0
BRDA:270,21,0,0
BRDA:270,21,1,0
BRDA:270,22,0,0
BRDA:270,22,1,0
BRDA:290,23,0,0
BRDA:290,23,1,0
BRDA:292,24,0,0
BRDA:292,24,1,0
BRDA:300,25,0,0
BRDA:300,25,1,0
BRDA:305,26,0,0
BRDA:305,26,1,0
BRDA:305,27,0,0
BRDA:305,27,1,0
BRDA:339,28,0,10
BRDA:339,28,1,6
BRDA:342,29,0,0
BRDA:342,29,1,6
BRDA:344,30,0,0
BRDA:344,30,1,6
BRDA:411,31,0,6
BRDA:411,31,1,1
BRDA:420,32,0,0
BRDA:420,32,1,6
BRDA:438,33,0,0
BRDA:438,33,1,10
BRDA:479,34,0,10
BRDA:479,34,1,0
BRDA:482,35,0,0
BRDA:482,35,1,0
BRDA:485,36,0,0
BRDA:485,36,1,0
BRDA:498,37,0,0
BRDA:498,37,1,0
BRDA:506,38,0,0
BRDA:506,38,1,0
BRF:78
BRH:17
end_of_record
TN:
SF:src\pages\patients\summaries\Summaries.js
FN:9,(anonymous_0)
FN:15,(anonymous_1)
FN:32,(anonymous_2)
FN:49,(anonymous_3)
FN:65,(anonymous_4)
FN:73,(anonymous_5)
FN:140,(anonymous_6)
FNF:7
FNH:5
FNDA:3,(anonymous_0)
FNDA:3,(anonymous_1)
FNDA:3,(anonymous_2)
FNDA:3,(anonymous_3)
FNDA:3,(anonymous_4)
FNDA:0,(anonymous_5)
FNDA:0,(anonymous_6)
DA:9,1
DA:10,3
DA:11,3
DA:12,3
DA:13,3
DA:15,3
DA:16,3
DA:17,3
DA:22,0
DA:23,0
DA:25,0
DA:26,0
DA:32,3
DA:33,3
DA:34,3
DA:39,0
DA:40,0
DA:42,0
DA:43,0
DA:49,3
DA:50,3
DA:51,3
DA:57,0
DA:58,0
DA:60,0
DA:65,3
DA:66,3
DA:67,3
DA:68,3
DA:69,3
DA:73,3
DA:74,0
DA:81,3
DA:141,0
LF:34
LH:21
BRDA:16,0,0,3
BRDA:16,0,1,0
BRDA:22,1,0,0
BRDA:22,1,1,0
BRDA:25,2,0,0
BRDA:25,2,1,0
BRDA:33,3,0,3
BRDA:33,3,1,0
BRDA:39,4,0,0
BRDA:39,4,1,0
BRDA:42,5,0,0
BRDA:42,5,1,0
BRDA:50,6,0,3
BRDA:50,6,1,0
BRDA:57,7,0,0
BRDA:57,7,1,0
BRDA:66,8,0,3
BRDA:66,8,1,0
BRDA:91,9,0,3
BRDA:91,9,1,3
BRDA:92,10,0,3
BRDA:92,10,1,3
BRDA:93,11,0,3
BRDA:93,11,1,3
BRDA:94,12,0,3
BRDA:94,12,1,3
BRDA:95,13,0,3
BRDA:95,13,1,3
BRDA:96,14,0,3
BRDA:96,14,1,3
BRDA:106,15,0,3
BRDA:106,15,1,3
BRDA:107,16,0,3
BRDA:107,16,1,3
BRDA:108,17,0,3
BRDA:108,17,1,3
BRDA:111,18,0,3
BRDA:111,18,1,0
BRDA:114,19,0,3
BRDA:114,19,1,3
BRDA:116,20,0,3
BRDA:116,20,1,3
BRDA:118,21,0,3
BRDA:118,21,1,3
BRDA:119,22,0,3
BRDA:119,22,1,3
BRDA:120,23,0,3
BRDA:120,23,1,3
BRDA:121,24,0,3
BRDA:121,24,1,3
BRF:50
BRH:35
end_of_record
TN:
SF:src\pages\payments\CreateInvoiceModal.js
FN:5,(anonymous_0)
FN:12,(anonymous_1)
FN:69,(anonymous_2)
FN:81,(anonymous_3)
FNF:4
FNH:2
FNDA:5,(anonymous_0)
FNDA:1,(anonymous_1)
FNDA:0,(anonymous_2)
FNDA:0,(anonymous_3)
DA:5,1
DA:6,5
DA:7,5
DA:8,5
DA:9,5
DA:10,5
DA:12,5
DA:13,1
DA:14,1
DA:15,1
DA:17,1
DA:18,1
DA:19,1
DA:20,1
DA:23,0
DA:24,0
DA:34,0
DA:40,0
DA:42,0
DA:43,0
DA:44,0
DA:45,0
DA:47,0
DA:49,0
DA:53,5
DA:55,4
DA:69,0
DA:81,0
LF:28
LH:16
BRDA:17,0,0,1
BRDA:17,0,1,0
BRDA:17,1,0,1
BRDA:17,1,1,0
BRDA:40,2,0,0
BRDA:40,2,1,0
BRDA:53,3,0,1
BRDA:53,3,1,4
BRDA:90,4,0,4
BRDA:90,4,1,1
BRDA:109,5,0,0
BRDA:109,5,1,4
BRF:12
BRH:7
end_of_record
TN:
SF:src\pages\payments\Payments.js
FN:11,(anonymous_0)
FN:24,(anonymous_1)
FN:32,(anonymous_2)
FN:37,(anonymous_3)
FN:54,(anonymous_4)
FN:58,(anonymous_5)
FN:64,(anonymous_6)
FN:84,(anonymous_7)
FN:150,(anonymous_8)
FN:175,(anonymous_9)
FN:190,(anonymous_10)
FN:237,(anonymous_11)
FN:257,(anonymous_12)
FN:266,(anonymous_13)
FN:286,(anonymous_14)
FN:289,(anonymous_15)
FN:366,(anonymous_16)
FN:379,(anonymous_17)
FNF:18
FNH:3
FNDA:1,(anonymous_0)
FNDA:0,(anonymous_1)
FNDA:0,(anonymous_2)
FNDA:1,(anonymous_3)
FNDA:1,(anonymous_4)
FNDA:0,(anonymous_5)
FNDA:0,(anonymous_6)
FNDA:0,(anonymous_7)
FNDA:0,(anonymous_8)
FNDA:0,(anonymous_9)
FNDA:0,(anonymous_10)
FNDA:0,(anonymous_11)
FNDA:0,(anonymous_12)
FNDA:0,(anonymous_13)
FNDA:0,(anonymous_14)
FNDA:0,(anonymous_15)
FNDA:0,(anonymous_16)
FNDA:0,(anonymous_17)
DA:11,1
DA:12,1
DA:13,1
DA:14,1
DA:15,1
DA:16,1
DA:17,1
DA:18,1
DA:19,1
DA:20,1
DA:21,1
DA:22,1
DA:24,1
DA:25,0
DA:32,1
DA:33,0
DA:34,0
DA:37,1
DA:38,1
DA:39,1
DA:40,1
DA:46,0
DA:47,0
DA:49,0
DA:54,1
DA:55,1
DA:58,1
DA:59,0
DA:60,0
DA:61,0
DA:64,1
DA:65,0
DA:66,0
DA:67,0
DA:72,0
DA:74,0
DA:76,0
DA:77,0
DA:79,0
DA:84,1
DA:85,0
DA:86,0
DA:87,0
DA:89,0
DA:90,0
DA:91,0
DA:92,0
DA:95,0
DA:97,0
DA:98,0
DA:113,0
DA:115,0
DA:116,0
DA:117,0
DA:118,0
DA:121,0
DA:123,0
DA:129,0
DA:130,0
DA:131,0
DA:132,0
DA:136,0
DA:137,0
DA:138,0
DA:140,0
DA:143,0
DA:144,0
DA:146,0
DA:150,1
DA:151,0
DA:152,0
DA:156,0
DA:162,0
DA:164,0
DA:166,0
DA:168,0
DA:169,0
DA:171,0
DA:175,1
DA:176,0
DA:177,0
DA:184,0
DA:186,0
DA:190,1
DA:191,0
DA:192,0
DA:198,0
DA:199,0
DA:200,0
DA:202,0
DA:204,0
DA:206,0
DA:221,0
DA:222,0
DA:225,0
DA:227,0
DA:231,1
DA:237,0
DA:258,0
DA:266,0
DA:286,0
DA:289,0
DA:367,0
DA:379,0
LF:104
LH:27
BRDA:38,0,0,1
BRDA:38,0,1,0
BRDA:46,1,0,0
BRDA:46,1,1,0
BRDA:65,2,0,0
BRDA:65,2,1,0
BRDA:72,3,0,0
BRDA:72,3,1,0
BRDA:89,4,0,0
BRDA:89,4,1,0
BRDA:89,5,0,0
BRDA:89,5,1,0
BRDA:115,6,0,0
BRDA:115,6,1,0
BRDA:129,7,0,0
BRDA:129,7,1,0
BRDA:132,8,0,0
BRDA:132,8,1,0
BRDA:133,9,0,0
BRDA:133,9,1,0
BRDA:164,10,0,0
BRDA:164,10,1,0
BRDA:184,11,0,0
BRDA:184,11,1,0
BRDA:198,12,0,0
BRDA:198,12,1,0
BRDA:198,13,0,0
BRDA:198,13,1,0
BRDA:198,13,2,0
BRDA:221,14,0,0
BRDA:221,14,1,0
BRDA:278,15,0,1
BRDA:278,15,1,0
BRDA:280,16,0,0
BRDA:280,16,1,0
BRDA:294,17,0,0
BRDA:294,17,1,0
BRDA:324,18,0,0
BRDA:324,18,1,0
BRDA:326,19,0,0
BRDA:326,19,1,0
BRDA:332,20,0,0
BRDA:332,20,1,0
BRDA:341,21,0,0
BRDA:341,21,1,0
BRDA:349,22,0,0
BRDA:349,22,1,0
BRDA:356,23,0,0
BRDA:356,23,1,0
BRDA:356,24,0,0
BRDA:356,24,1,0
BRDA:367,25,0,0
BRDA:367,25,1,0
BRF:53
BRH:2
end_of_record
TN:
SF:src\pages\payments\Receipt.js
FN:75,(anonymous_0)
FN:147,(anonymous_1)
FNF:2
FNH:2
FNDA:11,(anonymous_0)
FNDA:27,(anonymous_1)
DA:11,1
DA:75,1
DA:76,11
DA:79,11
DA:80,2
DA:81,2
DA:84,9
DA:85,9
DA:87,9
DA:147,1
DA:148,27
LF:11
LH:11
BRDA:79,0,0,2
BRDA:79,0,1,9
BRDA:79,1,0,11
BRDA:79,1,1,10
BRDA:84,2,0,9
BRDA:84,2,1,1
BRDA:85,3,0,9
BRDA:85,3,1,1
BRDA:109,4,0,9
BRDA:109,4,1,0
BRDA:109,5,0,9
BRDA:109,5,1,0
BRDA:109,6,0,9
BRDA:109,6,1,0
BRF:14
BRH:11
end_of_record
TN:
SF:src\pages\reporting\endOfDayWizard\EndOfDayWizard.js
FN:32,(anonymous_0)
FN:39,(anonymous_1)
FN:72,(anonymous_2)
FN:132,(anonymous_3)
FN:151,(anonymous_4)
FN:152,(anonymous_5)
FN:153,(anonymous_6)
FN:154,(anonymous_7)
FN:155,(anonymous_8)
FN:177,(anonymous_9)
FN:179,(anonymous_10)
FN:180,(anonymous_11)
FN:181,(anonymous_12)
FN:191,(anonymous_13)
FN:194,(anonymous_14)
FN:206,(anonymous_15)
FN:212,(anonymous_16)
FN:233,(anonymous_17)
FN:235,(anonymous_18)
FN:282,(anonymous_19)
FN:286,(anonymous_20)
FN:316,(anonymous_21)
FN:317,(anonymous_22)
FN:336,(anonymous_23)
FN:338,(anonymous_24)
FN:370,(anonymous_25)
FN:383,(anonymous_26)
FN:395,(anonymous_27)
FN:405,(anonymous_28)
FN:423,(anonymous_29)
FN:452,(anonymous_30)
FN:454,(anonymous_31)
FN:525,(anonymous_32)
FN:526,(anonymous_33)
FN:527,(anonymous_34)
FN:528,(anonymous_35)
FN:529,(anonymous_36)
FNF:37
FNH:19
FNDA:13,(anonymous_0)
FNDA:7,(anonymous_1)
FNDA:2,(anonymous_2)
FNDA:2,(anonymous_3)
FNDA:0,(anonymous_4)
FNDA:0,(anonymous_5)
FNDA:0,(anonymous_6)
FNDA:0,(anonymous_7)
FNDA:0,(anonymous_8)
FNDA:0,(anonymous_9)
FNDA:0,(anonymous_10)
FNDA:0,(anonymous_11)
FNDA:0,(anonymous_12)
FNDA:0,(anonymous_13)
FNDA:0,(anonymous_14)
FNDA:0,(anonymous_15)
FNDA:0,(anonymous_16)
FNDA:0,(anonymous_17)
FNDA:0,(anonymous_18)
FNDA:1,(anonymous_19)
FNDA:0,(anonymous_20)
FNDA:4,(anonymous_21)
FNDA:8,(anonymous_22)
FNDA:0,(anonymous_23)
FNDA:8,(anonymous_24)
FNDA:4,(anonymous_25)
FNDA:8,(anonymous_26)
FNDA:4,(anonymous_27)
FNDA:16,(anonymous_28)
FNDA:4,(anonymous_29)
FNDA:0,(anonymous_30)
FNDA:12,(anonymous_31)
FNDA:4,(anonymous_32)
FNDA:20,(anonymous_33)
FNDA:20,(anonymous_34)
FNDA:16,(anonymous_35)
FNDA:4,(anonymous_36)
DA:32,2
DA:33,13
DA:34,13
DA:35,13
DA:36,13
DA:39,13
DA:40,7
DA:41,6
DA:43,4
DA:63,4
DA:64,4
DA:65,4
DA:67,2
DA:72,13
DA:73,2
DA:74,2
DA:75,2
DA:76,2
DA:77,2
DA:78,2
DA:80,2
DA:82,1
DA:87,0
DA:89,0
DA:90,0
DA:91,0
DA:93,0
DA:100,1
DA:101,1
DA:127,1
DA:132,13
DA:133,2
DA:134,2
DA:147,0
DA:149,0
DA:151,0
DA:152,0
DA:153,0
DA:154,0
DA:155,0
DA:158,0
DA:159,0
DA:161,0
DA:163,1
DA:164,1
DA:177,13
DA:178,0
DA:179,0
DA:180,0
DA:181,0
DA:183,0
DA:191,13
DA:192,0
DA:194,0
DA:196,0
DA:203,0
DA:205,0
DA:206,0
DA:209,0
DA:210,0
DA:212,0
DA:213,0
DA:214,0
DA:216,0
DA:220,0
DA:225,0
DA:226,0
DA:233,13
DA:235,0
DA:237,0
DA:282,13
DA:283,1
DA:286,13
DA:287,0
DA:288,0
DA:289,0
DA:292,0
DA:302,0
DA:303,0
DA:307,0
DA:308,0
DA:309,0
DA:311,0
DA:316,13
DA:317,8
DA:318,4
DA:320,4
DA:336,0
DA:339,8
DA:370,4
DA:383,8
DA:395,13
DA:396,4
DA:406,16
DA:423,13
DA:424,4
DA:425,4
DA:431,4
DA:437,4
DA:452,0
DA:455,12
DA:525,13
DA:526,20
DA:527,20
DA:528,16
DA:529,4
DA:530,4
DA:532,4
DA:589,13
DA:591,12
LF:110
LH:61
BRDA:32,0,0,5
BRDA:32,1,0,11
BRDA:40,2,0,6
BRDA:40,2,1,1
BRDA:41,3,0,4
BRDA:41,3,1,2
BRDA:44,4,0,4
BRDA:44,4,1,0
BRDA:54,5,0,4
BRDA:54,5,1,0
BRDA:55,6,0,4
BRDA:55,6,1,0
BRDA:61,7,0,4
BRDA:61,7,1,0
BRDA:64,8,0,4
BRDA:64,8,1,0
BRDA:73,9,0,2
BRDA:73,9,1,0
BRDA:87,10,0,0
BRDA:87,10,1,0
BRDA:147,11,0,0
BRDA:147,11,1,0
BRDA:180,12,0,0
BRDA:180,12,1,0
BRDA:181,13,0,0
BRDA:181,13,1,0
BRDA:203,14,0,0
BRDA:203,14,1,0
BRDA:213,15,0,0
BRDA:213,15,1,0
BRDA:287,16,0,0
BRDA:287,16,1,0
BRDA:307,17,0,0
BRDA:307,17,1,0
BRDA:576,18,0,4
BRDA:576,18,1,0
BRDA:579,19,0,4
BRDA:579,19,1,0
BRDA:580,20,0,4
BRDA:580,20,1,0
BRDA:589,21,0,1
BRDA:589,21,1,12
BRDA:593,22,0,2
BRDA:593,22,1,10
BRDA:595,23,0,8
BRDA:595,23,1,4
BRDA:626,24,0,12
BRDA:626,24,1,10
BRF:48
BRH:23
end_of_record
TN:
SF:src\pages\reporting\financialReports\FinancialReportCard.js
FN:7,(anonymous_0)
FNF:1
FNH:1
FNDA:11,(anonymous_0)
DA:7,1
DA:8,11
LF:2
LH:2
BRF:0
BRH:0
end_of_record
TN:
SF:src\pages\reporting\financialReports\FinancialReports.js
FN:8,(anonymous_0)
FN:16,(anonymous_1)
FN:29,(anonymous_2)
FN:32,(anonymous_3)
FN:46,(anonymous_4)
FN:49,(anonymous_5)
FN:61,(anonymous_6)
FN:66,(anonymous_7)
FN:104,(anonymous_8)
FN:118,(anonymous_9)
FN:133,(anonymous_10)
FN:144,(anonymous_11)
FN:153,(anonymous_12)
FN:154,(anonymous_13)
FN:164,(anonymous_14)
FN:166,(anonymous_15)
FN:175,(anonymous_16)
FN:176,(anonymous_17)
FN:227,(anonymous_18)
FN:266,(anonymous_19)
FNF:20
FNH:0
FNDA:0,(anonymous_0)
FNDA:0,(anonymous_1)
FNDA:0,(anonymous_2)
FNDA:0,(anonymous_3)
FNDA:0,(anonymous_4)
FNDA:0,(anonymous_5)
FNDA:0,(anonymous_6)
FNDA:0,(anonymous_7)
FNDA:0,(anonymous_8)
FNDA:0,(anonymous_9)
FNDA:0,(anonymous_10)
FNDA:0,(anonymous_11)
FNDA:0,(anonymous_12)
FNDA:0,(anonymous_13)
FNDA:0,(anonymous_14)
FNDA:0,(anonymous_15)
FNDA:0,(anonymous_16)
FNDA:0,(anonymous_17)
FNDA:0,(anonymous_18)
FNDA:0,(anonymous_19)
DA:8,0
DA:9,0
DA:10,0
DA:11,0
DA:12,0
DA:13,0
DA:14,0
DA:16,0
DA:17,0
DA:18,0
DA:19,0
DA:21,0
DA:29,0
DA:30,0
DA:32,0
DA:33,0
DA:34,0
DA:35,0
DA:37,0
DA:46,0
DA:47,0
DA:49,0
DA:50,0
DA:52,0
DA:61,0
DA:62,0
DA:63,0
DA:66,0
DA:67,0
DA:68,0
DA:70,0
DA:76,0
DA:78,0
DA:84,0
DA:86,0
DA:87,0
DA:89,0
DA:94,0
DA:100,0
DA:104,0
DA:105,0
DA:106,0
DA:110,0
DA:112,0
DA:114,0
DA:118,0
DA:119,0
DA:120,0
DA:126,0
DA:127,0
DA:129,0
DA:133,0
DA:134,0
DA:135,0
DA:141,0
DA:143,0
DA:144,0
DA:147,0
DA:149,0
DA:153,0
DA:154,0
DA:155,0
DA:156,0
DA:157,0
DA:164,0
DA:165,0
DA:166,0
DA:167,0
DA:168,0
DA:172,0
DA:175,0
DA:176,0
DA:177,0
DA:178,0
DA:179,0
DA:180,0
DA:183,0
DA:186,0
DA:228,0
DA:267,0
LF:80
LH:0
BRDA:30,0,0,0
BRDA:30,0,1,0
BRDA:38,1,0,0
BRDA:38,1,1,0
BRDA:38,1,2,0
BRDA:38,1,3,0
BRDA:47,2,0,0
BRDA:47,2,1,0
BRDA:53,3,0,0
BRDA:53,3,1,0
BRDA:53,3,2,0
BRDA:76,4,0,0
BRDA:76,4,1,0
BRDA:84,5,0,0
BRDA:84,5,1,0
BRDA:86,6,0,0
BRDA:86,6,1,0
BRDA:87,7,0,0
BRDA:87,7,1,0
BRDA:110,8,0,0
BRDA:110,8,1,0
BRDA:126,9,0,0
BRDA:126,9,1,0
BRDA:141,10,0,0
BRDA:141,10,1,0
BRDA:167,11,0,0
BRDA:167,11,1,0
BRDA:193,12,0,0
BRDA:193,12,1,0
BRDA:195,13,0,0
BRDA:195,13,1,0
BRDA:198,14,0,0
BRDA:198,14,1,0
BRDA:200,15,0,0
BRDA:200,15,1,0
BRDA:211,16,0,0
BRDA:211,16,1,0
BRDA:211,17,0,0
BRDA:211,17,1,0
BRDA:249,18,0,0
BRDA:249,18,1,0
BRDA:249,19,0,0
BRDA:249,19,1,0
BRF:43
BRH:0
end_of_record
TN:
SF:src\pages\reporting\financialReports\TotalSalesCard.js
FN:5,(anonymous_0)
FNF:1
FNH:0
FNDA:0,(anonymous_0)
DA:5,0
DA:6,0
LF:2
LH:0
BRF:0
BRH:0
end_of_record
TN:
SF:src\pages\reporting\reportHistory\ReportHistory.js
FN:11,(anonymous_0)
FN:19,(anonymous_1)
FN:23,(anonymous_2)
FN:43,(anonymous_3)
FN:48,(anonymous_4)
FN:53,(anonymous_5)
FN:56,(anonymous_6)
FN:103,(anonymous_7)
FN:111,(anonymous_8)
FNF:9
FNH:0
FNDA:0,(anonymous_0)
FNDA:0,(anonymous_1)
FNDA:0,(anonymous_2)
FNDA:0,(anonymous_3)
FNDA:0,(anonymous_4)
FNDA:0,(anonymous_5)
FNDA:0,(anonymous_6)
FNDA:0,(anonymous_7)
FNDA:0,(anonymous_8)
DA:11,0
DA:12,0
DA:13,0
DA:14,0
DA:15,0
DA:16,0
DA:17,0
DA:19,0
DA:20,0
DA:23,0
DA:24,0
DA:25,0
DA:26,0
DA:31,0
DA:33,0
DA:34,0
DA:36,0
DA:37,0
DA:39,0
DA:43,0
DA:44,0
DA:45,0
DA:48,0
DA:49,0
DA:50,0
DA:53,0
DA:54,0
DA:56,0
DA:57,0
DA:58,0
DA:59,0
DA:61,0
DA:65,0
DA:66,0
DA:70,0
DA:75,0
DA:104,0
DA:111,0
LF:38
LH:0
BRDA:31,0,0,0
BRDA:31,0,1,0
BRDA:34,1,0,0
BRDA:34,1,1,0
BRDA:54,2,0,0
BRDA:54,2,1,0
BRDA:61,3,0,0
BRDA:61,3,1,0
BRDA:61,3,2,0
BRDA:65,4,0,0
BRDA:65,4,1,0
BRDA:66,5,0,0
BRDA:66,5,1,0
BRDA:70,6,0,0
BRDA:70,6,1,0
BRDA:80,7,0,0
BRDA:80,7,1,0
BRDA:82,8,0,0
BRDA:82,8,1,0
BRDA:84,9,0,0
BRDA:84,9,1,0
BRDA:86,10,0,0
BRDA:86,10,1,0
BRDA:122,11,0,0
BRDA:122,11,1,0
BRF:25
BRH:0
end_of_record
